[NanoDet][01-25 12:15:05]INFO:Setting up data...
[NanoDet][01-25 12:15:05]INFO:Creating model...
loading annotations into memory...
Done (t=0.04s)
creating index...
index created!
loading annotations into memory...
Done (t=0.02s)
creating index...
index created!
model size is  1.5x
init weights...
Finish initialize NanoDet-Plus Head.
GPU available: True (cuda), used: True
TPU available: False, using: 0 TPU cores
IPU available: False, using: 0 IPUs
HPU available: False, using: 0 HPUs
LOCAL_RANK: 0 - CUDA_VISIBLE_DEVICES: [0]

  | Name      | Type        | Params
------------------------------------------
0 | model     | NanoDetPlus | 7.7 M 
1 | avg_model | NanoDetPlus | 7.7 M 
------------------------------------------
15.5 M    Trainable params
0         Non-trainable params
15.5 M    Total params
61.937    Total estimated model params size (MB)
[NanoDet][01-25 12:15:13]INFO:Weight Averaging is enabled
/cluster/home/mariutor/.conda/envs/nanodet/lib/python3.10/site-packages/pytorch_lightning/trainer/trainer.py:1892: PossibleUserWarning: The number of training batches (11) is smaller than the logging interval Trainer(log_every_n_steps=50). Set a lower value for log_every_n_steps if you want to see logs for the training epoch.
  rank_zero_warn(
/cluster/home/mariutor/.conda/envs/nanodet/lib/python3.10/site-packages/torch/functional.py:504: UserWarning: torch.meshgrid: in an upcoming release, it will be required to pass the indexing argument. (Triggered internally at /opt/conda/conda-bld/pytorch_1666643003845/work/aten/src/ATen/native/TensorShape.cpp:3190.)
  return _VF.meshgrid(tensors, **kwargs)  # type: ignore[attr-defined]
[NanoDet][01-25 12:15:27]INFO:Train|Epoch1/300|Iter0(1/11)| mem:5.8G| lr:1.00e-07| loss_qfl:0.0019| loss_bbox:1.5102| loss_dfl:0.3962| aux_loss_qfl:0.0021| aux_loss_bbox:1.6293| aux_loss_dfl:0.4507| 
[NanoDet][01-25 12:15:53]INFO:Train|Epoch5/300|Iter50(7/11)| mem:4.46G| lr:1.00e-04| loss_qfl:0.2346| loss_bbox:1.9593| loss_dfl:0.4665| aux_loss_qfl:0.1683| aux_loss_bbox:1.4374| aux_loss_dfl:0.2036| 
[NanoDet][01-25 12:16:20]INFO:Train|Epoch10/300|Iter100(2/11)| mem:4.46G| lr:2.00e-04| loss_qfl:0.2232| loss_bbox:1.4975| loss_dfl:0.2638| aux_loss_qfl:0.1757| aux_loss_bbox:1.3518| aux_loss_dfl:0.2110| 
[NanoDet][01-25 12:16:25]INFO:Val|Epoch10/300|Iter110(1/3)| mem:4.46G| lr:2.18e-04| loss_qfl:0.3053| loss_bbox:1.8730| loss_dfl:0.3753| aux_loss_qfl:0.2351| aux_loss_bbox:1.3503| aux_loss_dfl:0.2165| 
[NanoDet][01-25 12:16:26]INFO:
 Average Precision  (AP) @[ IoU=0.50:0.95 | area=   all | maxDets=100 ] = 0.000
 Average Precision  (AP) @[ IoU=0.50      | area=   all | maxDets=100 ] = 0.000
 Average Precision  (AP) @[ IoU=0.75      | area=   all | maxDets=100 ] = 0.000
 Average Precision  (AP) @[ IoU=0.50:0.95 | area= small | maxDets=100 ] = 0.000
 Average Precision  (AP) @[ IoU=0.50:0.95 | area=medium | maxDets=100 ] = 0.000
 Average Precision  (AP) @[ IoU=0.50:0.95 | area= large | maxDets=100 ] = 0.000
 Average Recall     (AR) @[ IoU=0.50:0.95 | area=   all | maxDets=  1 ] = 0.000
 Average Recall     (AR) @[ IoU=0.50:0.95 | area=   all | maxDets= 10 ] = 0.000
 Average Recall     (AR) @[ IoU=0.50:0.95 | area=   all | maxDets=100 ] = 0.000
 Average Recall     (AR) @[ IoU=0.50:0.95 | area= small | maxDets=100 ] = 0.000
 Average Recall     (AR) @[ IoU=0.50:0.95 | area=medium | maxDets=100 ] = 0.000
 Average Recall     (AR) @[ IoU=0.50:0.95 | area= large | maxDets=100 ] = 0.000

[NanoDet][01-25 12:16:26]INFO:
| class   | AP50   | mAP   | class   | AP50   | mAP   |
|:--------|:-------|:------|:--------|:-------|:------|
| sheep   | nan    | nan   | sheep   | 0.0    | 0.0   |
[NanoDet][01-25 12:16:26]INFO:Saving model to workspace/1280_300/model_best/nanodet_model_best.pth
[NanoDet][01-25 12:16:26]INFO:Val_metrics: {'mAP': 0.0, 'AP_50': 0.0, 'AP_75': 0.0, 'AP_small': 0.0, 'AP_m': 0.0, 'AP_l': 0.0}
Loading and preparing results...
DONE (t=0.00s)
creating index...
index created!
Running per image evaluation...
Evaluate annotation type *bbox*
DONE (t=0.04s).
Accumulating evaluation results...
DONE (t=0.02s).
[NanoDet][01-25 12:16:48]INFO:Train|Epoch14/300|Iter150(8/11)| mem:4.46G| lr:3.00e-04| loss_qfl:0.2295| loss_bbox:1.5862| loss_dfl:0.2978| aux_loss_qfl:0.2083| aux_loss_bbox:1.4232| aux_loss_dfl:0.2980| 
[NanoDet][01-25 12:17:15]INFO:Train|Epoch19/300|Iter200(3/11)| mem:4.46G| lr:4.00e-04| loss_qfl:0.1480| loss_bbox:1.1397| loss_dfl:0.2798| aux_loss_qfl:0.1633| aux_loss_bbox:1.0466| aux_loss_dfl:0.2273| 
[NanoDet][01-25 12:17:25]INFO:Val|Epoch20/300|Iter220(1/3)| mem:4.46G| lr:4.38e-04| loss_qfl:0.2852| loss_bbox:1.1792| loss_dfl:0.2150| aux_loss_qfl:0.2566| aux_loss_bbox:1.1068| aux_loss_dfl:0.2019| 
[NanoDet][01-25 12:17:27]INFO:
 Average Precision  (AP) @[ IoU=0.50:0.95 | area=   all | maxDets=100 ] = 0.011
 Average Precision  (AP) @[ IoU=0.50      | area=   all | maxDets=100 ] = 0.035
 Average Precision  (AP) @[ IoU=0.75      | area=   all | maxDets=100 ] = 0.010
 Average Precision  (AP) @[ IoU=0.50:0.95 | area= small | maxDets=100 ] = 0.000
 Average Precision  (AP) @[ IoU=0.50:0.95 | area=medium | maxDets=100 ] = 0.010
 Average Precision  (AP) @[ IoU=0.50:0.95 | area= large | maxDets=100 ] = 0.047
 Average Recall     (AR) @[ IoU=0.50:0.95 | area=   all | maxDets=  1 ] = 0.003
 Average Recall     (AR) @[ IoU=0.50:0.95 | area=   all | maxDets= 10 ] = 0.012
 Average Recall     (AR) @[ IoU=0.50:0.95 | area=   all | maxDets=100 ] = 0.035
 Average Recall     (AR) @[ IoU=0.50:0.95 | area= small | maxDets=100 ] = 0.000
 Average Recall     (AR) @[ IoU=0.50:0.95 | area=medium | maxDets=100 ] = 0.018
 Average Recall     (AR) @[ IoU=0.50:0.95 | area= large | maxDets=100 ] = 0.220

[NanoDet][01-25 12:17:27]INFO:
| class   | AP50   | mAP   | class   | AP50   | mAP   |
|:--------|:-------|:------|:--------|:-------|:------|
| sheep   | nan    | nan   | sheep   | 3.5    | 1.1   |
[NanoDet][01-25 12:17:27]INFO:Saving model to workspace/1280_300/model_best/nanodet_model_best.pth
[NanoDet][01-25 12:17:27]INFO:Val_metrics: {'mAP': 0.010769518486541568, 'AP_50': 0.0347923729936973, 'AP_75': 0.0099009900990099, 'AP_small': 0.0, 'AP_m': 0.010475787502441752, 'AP_l': 0.047217554658251955}
Loading and preparing results...
DONE (t=0.01s)
creating index...
index created!
Running per image evaluation...
Evaluate annotation type *bbox*
DONE (t=1.08s).
Accumulating evaluation results...
DONE (t=0.03s).
[NanoDet][01-25 12:17:44]INFO:Train|Epoch23/300|Iter250(9/11)| mem:4.46G| lr:5.00e-04| loss_qfl:0.2006| loss_bbox:1.0948| loss_dfl:0.1909| aux_loss_qfl:0.1800| aux_loss_bbox:1.1235| aux_loss_dfl:0.1955| 
[NanoDet][01-25 12:18:11]INFO:Train|Epoch28/300|Iter300(4/11)| mem:4.46G| lr:6.00e-04| loss_qfl:0.1422| loss_bbox:1.0877| loss_dfl:0.1808| aux_loss_qfl:0.1488| aux_loss_bbox:1.1826| aux_loss_dfl:0.1839| 
[NanoDet][01-25 12:18:27]INFO:Val|Epoch30/300|Iter330(1/3)| mem:4.46G| lr:6.57e-04| loss_qfl:0.2330| loss_bbox:1.0280| loss_dfl:0.1920| aux_loss_qfl:0.2019| aux_loss_bbox:1.0957| aux_loss_dfl:0.2158| 
[NanoDet][01-25 12:18:29]INFO:
 Average Precision  (AP) @[ IoU=0.50:0.95 | area=   all | maxDets=100 ] = 0.026
 Average Precision  (AP) @[ IoU=0.50      | area=   all | maxDets=100 ] = 0.088
 Average Precision  (AP) @[ IoU=0.75      | area=   all | maxDets=100 ] = 0.010
 Average Precision  (AP) @[ IoU=0.50:0.95 | area= small | maxDets=100 ] = 0.000
 Average Precision  (AP) @[ IoU=0.50:0.95 | area=medium | maxDets=100 ] = 0.020
 Average Precision  (AP) @[ IoU=0.50:0.95 | area= large | maxDets=100 ] = 0.141
 Average Recall     (AR) @[ IoU=0.50:0.95 | area=   all | maxDets=  1 ] = 0.004
 Average Recall     (AR) @[ IoU=0.50:0.95 | area=   all | maxDets= 10 ] = 0.026
 Average Recall     (AR) @[ IoU=0.50:0.95 | area=   all | maxDets=100 ] = 0.063
 Average Recall     (AR) @[ IoU=0.50:0.95 | area= small | maxDets=100 ] = 0.000
 Average Recall     (AR) @[ IoU=0.50:0.95 | area=medium | maxDets=100 ] = 0.045
 Average Recall     (AR) @[ IoU=0.50:0.95 | area= large | maxDets=100 ] = 0.327

[NanoDet][01-25 12:18:29]INFO:
| class   | AP50   | mAP   | class   | AP50   | mAP   |
|:--------|:-------|:------|:--------|:-------|:------|
| sheep   | nan    | nan   | sheep   | 8.8    | 2.6   |
[NanoDet][01-25 12:18:29]INFO:Saving model to workspace/1280_300/model_best/nanodet_model_best.pth
[NanoDet][01-25 12:18:29]INFO:Val_metrics: {'mAP': 0.025747921087752305, 'AP_50': 0.08821827320248592, 'AP_75': 0.010396039603960395, 'AP_small': 0.0, 'AP_m': 0.019738733726769854, 'AP_l': 0.14131802462691415}
Loading and preparing results...
DONE (t=0.01s)
creating index...
index created!
Running per image evaluation...
Evaluate annotation type *bbox*
DONE (t=1.07s).
Accumulating evaluation results...
DONE (t=0.03s).
[NanoDet][01-25 12:18:41]INFO:Train|Epoch32/300|Iter350(10/11)| mem:4.46G| lr:7.00e-04| loss_qfl:0.1587| loss_bbox:0.9586| loss_dfl:0.2070| aux_loss_qfl:0.1490| aux_loss_bbox:0.9323| aux_loss_dfl:0.1959| 
[NanoDet][01-25 12:19:08]INFO:Train|Epoch37/300|Iter400(5/11)| mem:4.46G| lr:8.00e-04| loss_qfl:0.2267| loss_bbox:1.0283| loss_dfl:0.1680| aux_loss_qfl:0.1845| aux_loss_bbox:1.0631| aux_loss_dfl:0.1707| 
[NanoDet][01-25 12:19:29]INFO:Val|Epoch40/300|Iter440(1/3)| mem:4.46G| lr:8.76e-04| loss_qfl:0.2638| loss_bbox:0.9105| loss_dfl:0.1751| aux_loss_qfl:0.2626| aux_loss_bbox:0.8469| aux_loss_dfl:0.1779| 
[NanoDet][01-25 12:19:30]INFO:
 Average Precision  (AP) @[ IoU=0.50:0.95 | area=   all | maxDets=100 ] = 0.040
 Average Precision  (AP) @[ IoU=0.50      | area=   all | maxDets=100 ] = 0.150
 Average Precision  (AP) @[ IoU=0.75      | area=   all | maxDets=100 ] = 0.014
 Average Precision  (AP) @[ IoU=0.50:0.95 | area= small | maxDets=100 ] = 0.000
 Average Precision  (AP) @[ IoU=0.50:0.95 | area=medium | maxDets=100 ] = 0.036
 Average Precision  (AP) @[ IoU=0.50:0.95 | area= large | maxDets=100 ] = 0.174
 Average Recall     (AR) @[ IoU=0.50:0.95 | area=   all | maxDets=  1 ] = 0.007
 Average Recall     (AR) @[ IoU=0.50:0.95 | area=   all | maxDets= 10 ] = 0.043
 Average Recall     (AR) @[ IoU=0.50:0.95 | area=   all | maxDets=100 ] = 0.093
 Average Recall     (AR) @[ IoU=0.50:0.95 | area= small | maxDets=100 ] = 0.000
 Average Recall     (AR) @[ IoU=0.50:0.95 | area=medium | maxDets=100 ] = 0.090
 Average Recall     (AR) @[ IoU=0.50:0.95 | area= large | maxDets=100 ] = 0.344

[NanoDet][01-25 12:19:30]INFO:
| class   | AP50   | mAP   | class   | AP50   | mAP   |
|:--------|:-------|:------|:--------|:-------|:------|
| sheep   | nan    | nan   | sheep   | 15.0   | 4.0   |
[NanoDet][01-25 12:19:31]INFO:Saving model to workspace/1280_300/model_best/nanodet_model_best.pth
[NanoDet][01-25 12:19:31]INFO:Val_metrics: {'mAP': 0.03996102812356845, 'AP_50': 0.15008820778584822, 'AP_75': 0.01414565446512886, 'AP_small': 0.0, 'AP_m': 0.03592232945693169, 'AP_l': 0.17425050468553832}
Loading and preparing results...
DONE (t=0.01s)
creating index...
index created!
Running per image evaluation...
Evaluate annotation type *bbox*
DONE (t=1.02s).
Accumulating evaluation results...
DONE (t=0.03s).
[NanoDet][01-25 12:19:36]INFO:Train|Epoch41/300|Iter450(11/11)| mem:4.46G| lr:9.00e-04| loss_qfl:0.1771| loss_bbox:0.9549| loss_dfl:0.1978| aux_loss_qfl:0.1874| aux_loss_bbox:0.9186| aux_loss_dfl:0.2068| 
[NanoDet][01-25 12:20:03]INFO:Train|Epoch46/300|Iter500(6/11)| mem:4.46G| lr:1.00e-03| loss_qfl:0.2252| loss_bbox:0.9482| loss_dfl:0.1873| aux_loss_qfl:0.2028| aux_loss_bbox:0.9684| aux_loss_dfl:0.1946| 
[NanoDet][01-25 12:20:30]INFO:Val|Epoch50/300|Iter550(1/3)| mem:4.46G| lr:9.87e-04| loss_qfl:0.2623| loss_bbox:0.9011| loss_dfl:0.1746| aux_loss_qfl:0.2323| aux_loss_bbox:0.8411| aux_loss_dfl:0.1739| 
[NanoDet][01-25 12:20:31]INFO:
 Average Precision  (AP) @[ IoU=0.50:0.95 | area=   all | maxDets=100 ] = 0.050
 Average Precision  (AP) @[ IoU=0.50      | area=   all | maxDets=100 ] = 0.192
 Average Precision  (AP) @[ IoU=0.75      | area=   all | maxDets=100 ] = 0.007
 Average Precision  (AP) @[ IoU=0.50:0.95 | area= small | maxDets=100 ] = 0.000
 Average Precision  (AP) @[ IoU=0.50:0.95 | area=medium | maxDets=100 ] = 0.040
 Average Precision  (AP) @[ IoU=0.50:0.95 | area= large | maxDets=100 ] = 0.222
 Average Recall     (AR) @[ IoU=0.50:0.95 | area=   all | maxDets=  1 ] = 0.007
 Average Recall     (AR) @[ IoU=0.50:0.95 | area=   all | maxDets= 10 ] = 0.048
 Average Recall     (AR) @[ IoU=0.50:0.95 | area=   all | maxDets=100 ] = 0.101
 Average Recall     (AR) @[ IoU=0.50:0.95 | area= small | maxDets=100 ] = 0.000
 Average Recall     (AR) @[ IoU=0.50:0.95 | area=medium | maxDets=100 ] = 0.098
 Average Recall     (AR) @[ IoU=0.50:0.95 | area= large | maxDets=100 ] = 0.368

[NanoDet][01-25 12:20:31]INFO:
| class   | AP50   | mAP   | class   | AP50   | mAP   |
|:--------|:-------|:------|:--------|:-------|:------|
| sheep   | nan    | nan   | sheep   | 19.2   | 5.0   |
[NanoDet][01-25 12:20:32]INFO:Saving model to workspace/1280_300/model_best/nanodet_model_best.pth
[NanoDet][01-25 12:20:32]INFO:Val_metrics: {'mAP': 0.05047074383869184, 'AP_50': 0.19202074557486554, 'AP_75': 0.006724483145006971, 'AP_small': 0.00019801980198019803, 'AP_m': 0.03955112368237219, 'AP_l': 0.22194467997843179}
Loading and preparing results...
DONE (t=0.02s)
creating index...
index created!
Running per image evaluation...
Evaluate annotation type *bbox*
DONE (t=1.04s).
Accumulating evaluation results...
DONE (t=0.03s).
[NanoDet][01-25 12:20:36]INFO:Train|Epoch51/300|Iter550(1/11)| mem:4.46G| lr:9.87e-04| loss_qfl:0.2402| loss_bbox:0.6975| loss_dfl:0.1813| aux_loss_qfl:0.2076| aux_loss_bbox:0.6268| aux_loss_dfl:0.1727| 
[NanoDet][01-25 12:21:00]INFO:Train|Epoch55/300|Iter600(7/11)| mem:4.46G| lr:9.77e-04| loss_qfl:0.2126| loss_bbox:0.7478| loss_dfl:0.1813| aux_loss_qfl:0.2060| aux_loss_bbox:0.7537| aux_loss_dfl:0.1905| 
[NanoDet][01-25 12:21:27]INFO:Train|Epoch60/300|Iter650(2/11)| mem:4.46G| lr:9.62e-04| loss_qfl:0.1808| loss_bbox:0.9151| loss_dfl:0.1715| aux_loss_qfl:0.1846| aux_loss_bbox:0.8916| aux_loss_dfl:0.1723| 
[NanoDet][01-25 12:21:32]INFO:Val|Epoch60/300|Iter660(1/3)| mem:4.46G| lr:9.59e-04| loss_qfl:0.1938| loss_bbox:0.8854| loss_dfl:0.1722| aux_loss_qfl:0.2103| aux_loss_bbox:0.9674| aux_loss_dfl:0.1869| 
[NanoDet][01-25 12:21:33]INFO:
 Average Precision  (AP) @[ IoU=0.50:0.95 | area=   all | maxDets=100 ] = 0.049
 Average Precision  (AP) @[ IoU=0.50      | area=   all | maxDets=100 ] = 0.194
 Average Precision  (AP) @[ IoU=0.75      | area=   all | maxDets=100 ] = 0.007
 Average Precision  (AP) @[ IoU=0.50:0.95 | area= small | maxDets=100 ] = 0.001
 Average Precision  (AP) @[ IoU=0.50:0.95 | area=medium | maxDets=100 ] = 0.044
 Average Precision  (AP) @[ IoU=0.50:0.95 | area= large | maxDets=100 ] = 0.190
 Average Recall     (AR) @[ IoU=0.50:0.95 | area=   all | maxDets=  1 ] = 0.008
 Average Recall     (AR) @[ IoU=0.50:0.95 | area=   all | maxDets= 10 ] = 0.049
 Average Recall     (AR) @[ IoU=0.50:0.95 | area=   all | maxDets=100 ] = 0.109
 Average Recall     (AR) @[ IoU=0.50:0.95 | area= small | maxDets=100 ] = 0.002
 Average Recall     (AR) @[ IoU=0.50:0.95 | area=medium | maxDets=100 ] = 0.107
 Average Recall     (AR) @[ IoU=0.50:0.95 | area= large | maxDets=100 ] = 0.383

[NanoDet][01-25 12:21:33]INFO:
| class   | AP50   | mAP   | class   | AP50   | mAP   |
|:--------|:-------|:------|:--------|:-------|:------|
| sheep   | nan    | nan   | sheep   | 19.4   | 4.9   |
/cluster/home/mariutor/nanodet/nanodet/trainer/task.py:183: UserWarning: Warning! Save_key is not in eval results! Only save model last!
  warnings.warn(
[NanoDet][01-25 12:21:33]INFO:Val_metrics: {'mAP': 0.04922954441397752, 'AP_50': 0.1937970907055799, 'AP_75': 0.006504057968822093, 'AP_small': 0.0013421342134213418, 'AP_m': 0.04436528751643829, 'AP_l': 0.18961052274140464}
Loading and preparing results...
DONE (t=0.01s)
creating index...
index created!
Running per image evaluation...
Evaluate annotation type *bbox*
DONE (t=1.05s).
Accumulating evaluation results...
DONE (t=0.03s).
[NanoDet][01-25 12:21:55]INFO:Train|Epoch64/300|Iter700(8/11)| mem:4.46G| lr:9.49e-04| loss_qfl:0.1834| loss_bbox:0.7774| loss_dfl:0.1644| aux_loss_qfl:0.1617| aux_loss_bbox:0.7977| aux_loss_dfl:0.1685| 
[NanoDet][01-25 12:22:22]INFO:Train|Epoch69/300|Iter750(3/11)| mem:4.46G| lr:9.33e-04| loss_qfl:0.1759| loss_bbox:0.8997| loss_dfl:0.1718| aux_loss_qfl:0.1648| aux_loss_bbox:0.9003| aux_loss_dfl:0.1735| 
[NanoDet][01-25 12:22:32]INFO:Val|Epoch70/300|Iter770(1/3)| mem:4.46G| lr:9.26e-04| loss_qfl:0.2277| loss_bbox:0.7619| loss_dfl:0.1652| aux_loss_qfl:0.2143| aux_loss_bbox:0.8003| aux_loss_dfl:0.1693| 
[NanoDet][01-25 12:22:34]INFO:
 Average Precision  (AP) @[ IoU=0.50:0.95 | area=   all | maxDets=100 ] = 0.067
 Average Precision  (AP) @[ IoU=0.50      | area=   all | maxDets=100 ] = 0.225
 Average Precision  (AP) @[ IoU=0.75      | area=   all | maxDets=100 ] = 0.016
 Average Precision  (AP) @[ IoU=0.50:0.95 | area= small | maxDets=100 ] = 0.002
 Average Precision  (AP) @[ IoU=0.50:0.95 | area=medium | maxDets=100 ] = 0.064
 Average Precision  (AP) @[ IoU=0.50:0.95 | area= large | maxDets=100 ] = 0.245
 Average Recall     (AR) @[ IoU=0.50:0.95 | area=   all | maxDets=  1 ] = 0.011
 Average Recall     (AR) @[ IoU=0.50:0.95 | area=   all | maxDets= 10 ] = 0.064
 Average Recall     (AR) @[ IoU=0.50:0.95 | area=   all | maxDets=100 ] = 0.132
 Average Recall     (AR) @[ IoU=0.50:0.95 | area= small | maxDets=100 ] = 0.003
 Average Recall     (AR) @[ IoU=0.50:0.95 | area=medium | maxDets=100 ] = 0.138
 Average Recall     (AR) @[ IoU=0.50:0.95 | area= large | maxDets=100 ] = 0.411

[NanoDet][01-25 12:22:34]INFO:
| class   | AP50   | mAP   | class   | AP50   | mAP   |
|:--------|:-------|:------|:--------|:-------|:------|
| sheep   | nan    | nan   | sheep   | 22.5   | 6.7   |
[NanoDet][01-25 12:22:34]INFO:Saving model to workspace/1280_300/model_best/nanodet_model_best.pth
[NanoDet][01-25 12:22:34]INFO:Val_metrics: {'mAP': 0.06692615003858807, 'AP_50': 0.22464516269722642, 'AP_75': 0.01586743828722951, 'AP_small': 0.0015841584158415843, 'AP_m': 0.06449691985927024, 'AP_l': 0.2454224792985963}
Loading and preparing results...
DONE (t=0.10s)
creating index...
index created!
Running per image evaluation...
Evaluate annotation type *bbox*
DONE (t=0.98s).
Accumulating evaluation results...
DONE (t=0.03s).
[NanoDet][01-25 12:22:51]INFO:Train|Epoch73/300|Iter800(9/11)| mem:4.46G| lr:9.19e-04| loss_qfl:0.1740| loss_bbox:0.8330| loss_dfl:0.1728| aux_loss_qfl:0.1905| aux_loss_bbox:0.8177| aux_loss_dfl:0.1741| 
[NanoDet][01-25 12:23:18]INFO:Train|Epoch78/300|Iter850(4/11)| mem:4.46G| lr:9.00e-04| loss_qfl:0.1793| loss_bbox:0.9585| loss_dfl:0.1584| aux_loss_qfl:0.1782| aux_loss_bbox:0.9701| aux_loss_dfl:0.1605| 
[NanoDet][01-25 12:23:33]INFO:Val|Epoch80/300|Iter880(1/3)| mem:4.46G| lr:8.89e-04| loss_qfl:0.2129| loss_bbox:0.8067| loss_dfl:0.1652| aux_loss_qfl:0.2082| aux_loss_bbox:0.8391| aux_loss_dfl:0.1676| 
[NanoDet][01-25 12:23:35]INFO:
 Average Precision  (AP) @[ IoU=0.50:0.95 | area=   all | maxDets=100 ] = 0.070
 Average Precision  (AP) @[ IoU=0.50      | area=   all | maxDets=100 ] = 0.242
 Average Precision  (AP) @[ IoU=0.75      | area=   all | maxDets=100 ] = 0.018
 Average Precision  (AP) @[ IoU=0.50:0.95 | area= small | maxDets=100 ] = 0.004
 Average Precision  (AP) @[ IoU=0.50:0.95 | area=medium | maxDets=100 ] = 0.064
 Average Precision  (AP) @[ IoU=0.50:0.95 | area= large | maxDets=100 ] = 0.251
 Average Recall     (AR) @[ IoU=0.50:0.95 | area=   all | maxDets=  1 ] = 0.010
 Average Recall     (AR) @[ IoU=0.50:0.95 | area=   all | maxDets= 10 ] = 0.065
 Average Recall     (AR) @[ IoU=0.50:0.95 | area=   all | maxDets=100 ] = 0.135
 Average Recall     (AR) @[ IoU=0.50:0.95 | area= small | maxDets=100 ] = 0.006
 Average Recall     (AR) @[ IoU=0.50:0.95 | area=medium | maxDets=100 ] = 0.140
 Average Recall     (AR) @[ IoU=0.50:0.95 | area= large | maxDets=100 ] = 0.422

[NanoDet][01-25 12:23:35]INFO:
| class   | AP50   | mAP   | class   | AP50   | mAP   |
|:--------|:-------|:------|:--------|:-------|:------|
| sheep   | nan    | nan   | sheep   | 24.2   | 7.0   |
[NanoDet][01-25 12:23:35]INFO:Saving model to workspace/1280_300/model_best/nanodet_model_best.pth
[NanoDet][01-25 12:23:35]INFO:Val_metrics: {'mAP': 0.06955688220643473, 'AP_50': 0.24184377759738365, 'AP_75': 0.018165024475199958, 'AP_small': 0.0036548797736916548, 'AP_m': 0.0638605141296179, 'AP_l': 0.25104170994755104}
Loading and preparing results...
DONE (t=0.01s)
creating index...
index created!
Running per image evaluation...
Evaluate annotation type *bbox*
DONE (t=1.04s).
Accumulating evaluation results...
DONE (t=0.03s).
[NanoDet][01-25 12:23:47]INFO:Train|Epoch82/300|Iter900(10/11)| mem:4.46G| lr:8.85e-04| loss_qfl:0.1825| loss_bbox:0.8568| loss_dfl:0.1638| aux_loss_qfl:0.1574| aux_loss_bbox:0.8239| aux_loss_dfl:0.1647| 
[NanoDet][01-25 12:24:14]INFO:Train|Epoch87/300|Iter950(5/11)| mem:4.46G| lr:8.64e-04| loss_qfl:0.1782| loss_bbox:0.8807| loss_dfl:0.1568| aux_loss_qfl:0.1609| aux_loss_bbox:0.8649| aux_loss_dfl:0.1568| 
[NanoDet][01-25 12:24:35]INFO:Val|Epoch90/300|Iter990(1/3)| mem:4.46G| lr:8.48e-04| loss_qfl:0.2400| loss_bbox:0.7814| loss_dfl:0.1652| aux_loss_qfl:0.2237| aux_loss_bbox:0.7759| aux_loss_dfl:0.1628| 
[NanoDet][01-25 12:24:37]INFO:
 Average Precision  (AP) @[ IoU=0.50:0.95 | area=   all | maxDets=100 ] = 0.079
 Average Precision  (AP) @[ IoU=0.50      | area=   all | maxDets=100 ] = 0.256
 Average Precision  (AP) @[ IoU=0.75      | area=   all | maxDets=100 ] = 0.026
 Average Precision  (AP) @[ IoU=0.50:0.95 | area= small | maxDets=100 ] = 0.002
 Average Precision  (AP) @[ IoU=0.50:0.95 | area=medium | maxDets=100 ] = 0.069
 Average Precision  (AP) @[ IoU=0.50:0.95 | area= large | maxDets=100 ] = 0.307
 Average Recall     (AR) @[ IoU=0.50:0.95 | area=   all | maxDets=  1 ] = 0.011
 Average Recall     (AR) @[ IoU=0.50:0.95 | area=   all | maxDets= 10 ] = 0.070
 Average Recall     (AR) @[ IoU=0.50:0.95 | area=   all | maxDets=100 ] = 0.137
 Average Recall     (AR) @[ IoU=0.50:0.95 | area= small | maxDets=100 ] = 0.003
 Average Recall     (AR) @[ IoU=0.50:0.95 | area=medium | maxDets=100 ] = 0.142
 Average Recall     (AR) @[ IoU=0.50:0.95 | area= large | maxDets=100 ] = 0.441

[NanoDet][01-25 12:24:37]INFO:
| class   | AP50   | mAP   | class   | AP50   | mAP   |
|:--------|:-------|:------|:--------|:-------|:------|
| sheep   | nan    | nan   | sheep   | 25.6   | 7.9   |
[NanoDet][01-25 12:24:37]INFO:Saving model to workspace/1280_300/model_best/nanodet_model_best.pth
[NanoDet][01-25 12:24:37]INFO:Val_metrics: {'mAP': 0.07926209488465448, 'AP_50': 0.25568833521617745, 'AP_75': 0.026402089933254103, 'AP_small': 0.0019801980198019802, 'AP_m': 0.06850878337112229, 'AP_l': 0.3067163853963457}
Loading and preparing results...
DONE (t=0.02s)
creating index...
index created!
Running per image evaluation...
Evaluate annotation type *bbox*
DONE (t=1.06s).
Accumulating evaluation results...
DONE (t=0.03s).
[NanoDet][01-25 12:24:44]INFO:Train|Epoch91/300|Iter1000(11/11)| mem:4.46G| lr:8.48e-04| loss_qfl:0.1542| loss_bbox:0.7693| loss_dfl:0.1605| aux_loss_qfl:0.1500| aux_loss_bbox:0.7155| aux_loss_dfl:0.1538| 
[NanoDet][01-25 12:25:11]INFO:Train|Epoch96/300|Iter1050(6/11)| mem:4.46G| lr:8.26e-04| loss_qfl:0.1643| loss_bbox:0.9221| loss_dfl:0.1612| aux_loss_qfl:0.1499| aux_loss_bbox:0.9114| aux_loss_dfl:0.1647| 
[NanoDet][01-25 12:25:37]INFO:Val|Epoch100/300|Iter1100(1/3)| mem:4.46G| lr:8.04e-04| loss_qfl:0.2232| loss_bbox:0.7547| loss_dfl:0.1621| aux_loss_qfl:0.2065| aux_loss_bbox:0.7833| aux_loss_dfl:0.1636| 
[NanoDet][01-25 12:25:39]INFO:
 Average Precision  (AP) @[ IoU=0.50:0.95 | area=   all | maxDets=100 ] = 0.082
 Average Precision  (AP) @[ IoU=0.50      | area=   all | maxDets=100 ] = 0.273
 Average Precision  (AP) @[ IoU=0.75      | area=   all | maxDets=100 ] = 0.026
 Average Precision  (AP) @[ IoU=0.50:0.95 | area= small | maxDets=100 ] = 0.004
 Average Precision  (AP) @[ IoU=0.50:0.95 | area=medium | maxDets=100 ] = 0.069
 Average Precision  (AP) @[ IoU=0.50:0.95 | area= large | maxDets=100 ] = 0.318
 Average Recall     (AR) @[ IoU=0.50:0.95 | area=   all | maxDets=  1 ] = 0.010
 Average Recall     (AR) @[ IoU=0.50:0.95 | area=   all | maxDets= 10 ] = 0.075
 Average Recall     (AR) @[ IoU=0.50:0.95 | area=   all | maxDets=100 ] = 0.148
 Average Recall     (AR) @[ IoU=0.50:0.95 | area= small | maxDets=100 ] = 0.011
 Average Recall     (AR) @[ IoU=0.50:0.95 | area=medium | maxDets=100 ] = 0.152
 Average Recall     (AR) @[ IoU=0.50:0.95 | area= large | maxDets=100 ] = 0.459

[NanoDet][01-25 12:25:39]INFO:
| class   | AP50   | mAP   | class   | AP50   | mAP   |
|:--------|:-------|:------|:--------|:-------|:------|
| sheep   | nan    | nan   | sheep   | 27.3   | 8.2   |
[NanoDet][01-25 12:25:39]INFO:Saving model to workspace/1280_300/model_best/nanodet_model_best.pth
[NanoDet][01-25 12:25:40]INFO:Val_metrics: {'mAP': 0.08218160974345749, 'AP_50': 0.27289387678600857, 'AP_75': 0.026103230264206963, 'AP_small': 0.0035952082893018363, 'AP_m': 0.0692644697471402, 'AP_l': 0.3180015479436145}
Loading and preparing results...
DONE (t=0.13s)
creating index...
index created!
Running per image evaluation...
Evaluate annotation type *bbox*
DONE (t=1.05s).
Accumulating evaluation results...
DONE (t=0.03s).
[NanoDet][01-25 12:25:43]INFO:Train|Epoch101/300|Iter1100(1/11)| mem:4.46G| lr:8.04e-04| loss_qfl:0.2070| loss_bbox:0.6838| loss_dfl:0.1745| aux_loss_qfl:0.1761| aux_loss_bbox:0.6657| aux_loss_dfl:0.1707| 
[NanoDet][01-25 12:26:08]INFO:Train|Epoch105/300|Iter1150(7/11)| mem:4.46G| lr:7.85e-04| loss_qfl:0.1643| loss_bbox:0.7036| loss_dfl:0.1914| aux_loss_qfl:0.1466| aux_loss_bbox:0.6722| aux_loss_dfl:0.1853| 
[NanoDet][01-25 12:26:35]INFO:Train|Epoch110/300|Iter1200(2/11)| mem:4.46G| lr:7.62e-04| loss_qfl:0.2184| loss_bbox:0.7281| loss_dfl:0.1549| aux_loss_qfl:0.2187| aux_loss_bbox:0.7332| aux_loss_dfl:0.1583| 
[NanoDet][01-25 12:26:40]INFO:Val|Epoch110/300|Iter1210(1/3)| mem:4.46G| lr:7.57e-04| loss_qfl:0.2353| loss_bbox:0.7172| loss_dfl:0.1602| aux_loss_qfl:0.2258| aux_loss_bbox:0.7425| aux_loss_dfl:0.1635| 
[NanoDet][01-25 12:26:41]INFO:
 Average Precision  (AP) @[ IoU=0.50:0.95 | area=   all | maxDets=100 ] = 0.095
 Average Precision  (AP) @[ IoU=0.50      | area=   all | maxDets=100 ] = 0.305
 Average Precision  (AP) @[ IoU=0.75      | area=   all | maxDets=100 ] = 0.038
 Average Precision  (AP) @[ IoU=0.50:0.95 | area= small | maxDets=100 ] = 0.003
 Average Precision  (AP) @[ IoU=0.50:0.95 | area=medium | maxDets=100 ] = 0.089
 Average Precision  (AP) @[ IoU=0.50:0.95 | area= large | maxDets=100 ] = 0.339
 Average Recall     (AR) @[ IoU=0.50:0.95 | area=   all | maxDets=  1 ] = 0.012
 Average Recall     (AR) @[ IoU=0.50:0.95 | area=   all | maxDets= 10 ] = 0.080
 Average Recall     (AR) @[ IoU=0.50:0.95 | area=   all | maxDets=100 ] = 0.156
 Average Recall     (AR) @[ IoU=0.50:0.95 | area= small | maxDets=100 ] = 0.014
 Average Recall     (AR) @[ IoU=0.50:0.95 | area=medium | maxDets=100 ] = 0.165
 Average Recall     (AR) @[ IoU=0.50:0.95 | area= large | maxDets=100 ] = 0.454

[NanoDet][01-25 12:26:41]INFO:
| class   | AP50   | mAP   | class   | AP50   | mAP   |
|:--------|:-------|:------|:--------|:-------|:------|
| sheep   | nan    | nan   | sheep   | 30.5   | 9.5   |
[NanoDet][01-25 12:26:42]INFO:Saving model to workspace/1280_300/model_best/nanodet_model_best.pth
[NanoDet][01-25 12:26:42]INFO:Val_metrics: {'mAP': 0.09479389764913417, 'AP_50': 0.3049975722677659, 'AP_75': 0.038224439789436494, 'AP_small': 0.0028093365592221004, 'AP_m': 0.08919595665994925, 'AP_l': 0.33879779911553054}
Loading and preparing results...
DONE (t=0.01s)
creating index...
index created!
Running per image evaluation...
Evaluate annotation type *bbox*
DONE (t=1.04s).
Accumulating evaluation results...
DONE (t=0.03s).
[NanoDet][01-25 12:27:04]INFO:Train|Epoch114/300|Iter1250(8/11)| mem:4.46G| lr:7.42e-04| loss_qfl:0.1938| loss_bbox:0.6310| loss_dfl:0.1655| aux_loss_qfl:0.1622| aux_loss_bbox:0.5955| aux_loss_dfl:0.1615| 
[NanoDet][01-25 12:27:32]INFO:Train|Epoch119/300|Iter1300(3/11)| mem:4.46G| lr:7.18e-04| loss_qfl:0.1880| loss_bbox:0.7893| loss_dfl:0.1570| aux_loss_qfl:0.1763| aux_loss_bbox:0.7971| aux_loss_dfl:0.1560| 
[NanoDet][01-25 12:27:42]INFO:Val|Epoch120/300|Iter1320(1/3)| mem:4.46G| lr:7.08e-04| loss_qfl:0.2650| loss_bbox:0.7564| loss_dfl:0.1623| aux_loss_qfl:0.2508| aux_loss_bbox:0.7661| aux_loss_dfl:0.1629| 
[NanoDet][01-25 12:27:43]INFO:
 Average Precision  (AP) @[ IoU=0.50:0.95 | area=   all | maxDets=100 ] = 0.099
 Average Precision  (AP) @[ IoU=0.50      | area=   all | maxDets=100 ] = 0.306
 Average Precision  (AP) @[ IoU=0.75      | area=   all | maxDets=100 ] = 0.034
 Average Precision  (AP) @[ IoU=0.50:0.95 | area= small | maxDets=100 ] = 0.002
 Average Precision  (AP) @[ IoU=0.50:0.95 | area=medium | maxDets=100 ] = 0.096
 Average Precision  (AP) @[ IoU=0.50:0.95 | area= large | maxDets=100 ] = 0.345
 Average Recall     (AR) @[ IoU=0.50:0.95 | area=   all | maxDets=  1 ] = 0.013
 Average Recall     (AR) @[ IoU=0.50:0.95 | area=   all | maxDets= 10 ] = 0.083
 Average Recall     (AR) @[ IoU=0.50:0.95 | area=   all | maxDets=100 ] = 0.157
 Average Recall     (AR) @[ IoU=0.50:0.95 | area= small | maxDets=100 ] = 0.014
 Average Recall     (AR) @[ IoU=0.50:0.95 | area=medium | maxDets=100 ] = 0.166
 Average Recall     (AR) @[ IoU=0.50:0.95 | area= large | maxDets=100 ] = 0.457

[NanoDet][01-25 12:27:43]INFO:
| class   | AP50   | mAP   | class   | AP50   | mAP   |
|:--------|:-------|:------|:--------|:-------|:------|
| sheep   | nan    | nan   | sheep   | 30.6   | 9.9   |
[NanoDet][01-25 12:27:44]INFO:Saving model to workspace/1280_300/model_best/nanodet_model_best.pth
[NanoDet][01-25 12:27:44]INFO:Val_metrics: {'mAP': 0.09913025320715362, 'AP_50': 0.3062159906803998, 'AP_75': 0.03373246855450108, 'AP_small': 0.0017816907070726164, 'AP_m': 0.09577572768800512, 'AP_l': 0.34538135125614927}
Loading and preparing results...
DONE (t=0.01s)
creating index...
index created!
Running per image evaluation...
Evaluate annotation type *bbox*
DONE (t=1.02s).
Accumulating evaluation results...
DONE (t=0.03s).
[NanoDet][01-25 12:28:01]INFO:Train|Epoch123/300|Iter1350(9/11)| mem:4.46G| lr:6.98e-04| loss_qfl:0.1868| loss_bbox:0.8671| loss_dfl:0.1559| aux_loss_qfl:0.1655| aux_loss_bbox:0.8548| aux_loss_dfl:0.1550| 
[NanoDet][01-25 12:28:28]INFO:Train|Epoch128/300|Iter1400(4/11)| mem:4.46G| lr:6.72e-04| loss_qfl:0.1725| loss_bbox:0.9144| loss_dfl:0.1632| aux_loss_qfl:0.1570| aux_loss_bbox:0.9014| aux_loss_dfl:0.1607| 
[NanoDet][01-25 12:28:43]INFO:Val|Epoch130/300|Iter1430(1/3)| mem:4.46G| lr:6.57e-04| loss_qfl:0.2169| loss_bbox:0.7089| loss_dfl:0.1607| aux_loss_qfl:0.2041| aux_loss_bbox:0.7426| aux_loss_dfl:0.1638| 
[NanoDet][01-25 12:28:45]INFO:
 Average Precision  (AP) @[ IoU=0.50:0.95 | area=   all | maxDets=100 ] = 0.106
 Average Precision  (AP) @[ IoU=0.50      | area=   all | maxDets=100 ] = 0.327
 Average Precision  (AP) @[ IoU=0.75      | area=   all | maxDets=100 ] = 0.038
 Average Precision  (AP) @[ IoU=0.50:0.95 | area= small | maxDets=100 ] = 0.010
 Average Precision  (AP) @[ IoU=0.50:0.95 | area=medium | maxDets=100 ] = 0.094
 Average Precision  (AP) @[ IoU=0.50:0.95 | area= large | maxDets=100 ] = 0.381
 Average Recall     (AR) @[ IoU=0.50:0.95 | area=   all | maxDets=  1 ] = 0.014
 Average Recall     (AR) @[ IoU=0.50:0.95 | area=   all | maxDets= 10 ] = 0.087
 Average Recall     (AR) @[ IoU=0.50:0.95 | area=   all | maxDets=100 ] = 0.167
 Average Recall     (AR) @[ IoU=0.50:0.95 | area= small | maxDets=100 ] = 0.013
 Average Recall     (AR) @[ IoU=0.50:0.95 | area=medium | maxDets=100 ] = 0.177
 Average Recall     (AR) @[ IoU=0.50:0.95 | area= large | maxDets=100 ] = 0.492

[NanoDet][01-25 12:28:45]INFO:
| class   | AP50   | mAP   | class   | AP50   | mAP   |
|:--------|:-------|:------|:--------|:-------|:------|
| sheep   | nan    | nan   | sheep   | 32.7   | 10.6  |
[NanoDet][01-25 12:28:45]INFO:Saving model to workspace/1280_300/model_best/nanodet_model_best.pth
[NanoDet][01-25 12:28:45]INFO:Val_metrics: {'mAP': 0.10603687919159867, 'AP_50': 0.32680215775751165, 'AP_75': 0.03836360321444963, 'AP_small': 0.010170020761474644, 'AP_m': 0.09390278365666398, 'AP_l': 0.38092069307936083}
Loading and preparing results...
DONE (t=0.12s)
creating index...
index created!
Running per image evaluation...
Evaluate annotation type *bbox*
DONE (t=1.00s).
Accumulating evaluation results...
DONE (t=0.03s).
[NanoDet][01-25 12:28:57]INFO:Train|Epoch132/300|Iter1450(10/11)| mem:4.46G| lr:6.52e-04| loss_qfl:0.1813| loss_bbox:0.8186| loss_dfl:0.1618| aux_loss_qfl:0.1674| aux_loss_bbox:0.8230| aux_loss_dfl:0.1600| 
[NanoDet][01-25 12:29:24]INFO:Train|Epoch137/300|Iter1500(5/11)| mem:4.46G| lr:6.26e-04| loss_qfl:0.1866| loss_bbox:0.7118| loss_dfl:0.1579| aux_loss_qfl:0.1761| aux_loss_bbox:0.6927| aux_loss_dfl:0.1580| 
[NanoDet][01-25 12:29:45]INFO:Val|Epoch140/300|Iter1540(1/3)| mem:4.46G| lr:6.05e-04| loss_qfl:0.2314| loss_bbox:0.7225| loss_dfl:0.1586| aux_loss_qfl:0.2133| aux_loss_bbox:0.7206| aux_loss_dfl:0.1590| 
[NanoDet][01-25 12:29:46]INFO:
 Average Precision  (AP) @[ IoU=0.50:0.95 | area=   all | maxDets=100 ] = 0.114
 Average Precision  (AP) @[ IoU=0.50      | area=   all | maxDets=100 ] = 0.344
 Average Precision  (AP) @[ IoU=0.75      | area=   all | maxDets=100 ] = 0.043
 Average Precision  (AP) @[ IoU=0.50:0.95 | area= small | maxDets=100 ] = 0.004
 Average Precision  (AP) @[ IoU=0.50:0.95 | area=medium | maxDets=100 ] = 0.110
 Average Precision  (AP) @[ IoU=0.50:0.95 | area= large | maxDets=100 ] = 0.370
 Average Recall     (AR) @[ IoU=0.50:0.95 | area=   all | maxDets=  1 ] = 0.015
 Average Recall     (AR) @[ IoU=0.50:0.95 | area=   all | maxDets= 10 ] = 0.091
 Average Recall     (AR) @[ IoU=0.50:0.95 | area=   all | maxDets=100 ] = 0.175
 Average Recall     (AR) @[ IoU=0.50:0.95 | area= small | maxDets=100 ] = 0.013
 Average Recall     (AR) @[ IoU=0.50:0.95 | area=medium | maxDets=100 ] = 0.193
 Average Recall     (AR) @[ IoU=0.50:0.95 | area= large | maxDets=100 ] = 0.467

[NanoDet][01-25 12:29:46]INFO:
| class   | AP50   | mAP   | class   | AP50   | mAP   |
|:--------|:-------|:------|:--------|:-------|:------|
| sheep   | nan    | nan   | sheep   | 34.4   | 11.4  |
[NanoDet][01-25 12:29:47]INFO:Saving model to workspace/1280_300/model_best/nanodet_model_best.pth
[NanoDet][01-25 12:29:47]INFO:Val_metrics: {'mAP': 0.1144172613984073, 'AP_50': 0.34449248893306705, 'AP_75': 0.042990824433583395, 'AP_small': 0.0036275403856175087, 'AP_m': 0.11030843784681836, 'AP_l': 0.3704913395269873}
Loading and preparing results...
DONE (t=0.01s)
creating index...
index created!
Running per image evaluation...
Evaluate annotation type *bbox*
DONE (t=1.00s).
Accumulating evaluation results...
DONE (t=0.03s).
[NanoDet][01-25 12:29:53]INFO:Train|Epoch141/300|Iter1550(11/11)| mem:4.46G| lr:6.05e-04| loss_qfl:0.1868| loss_bbox:0.5661| loss_dfl:0.1624| aux_loss_qfl:0.1702| aux_loss_bbox:0.5412| aux_loss_dfl:0.1620| 
[NanoDet][01-25 12:30:20]INFO:Train|Epoch146/300|Iter1600(6/11)| mem:4.46G| lr:5.79e-04| loss_qfl:0.1544| loss_bbox:0.6915| loss_dfl:0.1620| aux_loss_qfl:0.1422| aux_loss_bbox:0.6572| aux_loss_dfl:0.1603| 
[NanoDet][01-25 12:30:46]INFO:Val|Epoch150/300|Iter1650(1/3)| mem:4.46G| lr:5.52e-04| loss_qfl:0.2198| loss_bbox:0.7143| loss_dfl:0.1596| aux_loss_qfl:0.2074| aux_loss_bbox:0.7330| aux_loss_dfl:0.1607| 
[NanoDet][01-25 12:30:48]INFO:
 Average Precision  (AP) @[ IoU=0.50:0.95 | area=   all | maxDets=100 ] = 0.122
 Average Precision  (AP) @[ IoU=0.50      | area=   all | maxDets=100 ] = 0.363
 Average Precision  (AP) @[ IoU=0.75      | area=   all | maxDets=100 ] = 0.055
 Average Precision  (AP) @[ IoU=0.50:0.95 | area= small | maxDets=100 ] = 0.010
 Average Precision  (AP) @[ IoU=0.50:0.95 | area=medium | maxDets=100 ] = 0.120
 Average Precision  (AP) @[ IoU=0.50:0.95 | area= large | maxDets=100 ] = 0.391
 Average Recall     (AR) @[ IoU=0.50:0.95 | area=   all | maxDets=  1 ] = 0.014
 Average Recall     (AR) @[ IoU=0.50:0.95 | area=   all | maxDets= 10 ] = 0.093
 Average Recall     (AR) @[ IoU=0.50:0.95 | area=   all | maxDets=100 ] = 0.182
 Average Recall     (AR) @[ IoU=0.50:0.95 | area= small | maxDets=100 ] = 0.015
 Average Recall     (AR) @[ IoU=0.50:0.95 | area=medium | maxDets=100 ] = 0.196
 Average Recall     (AR) @[ IoU=0.50:0.95 | area= large | maxDets=100 ] = 0.510

[NanoDet][01-25 12:30:48]INFO:
| class   | AP50   | mAP   | class   | AP50   | mAP   |
|:--------|:-------|:------|:--------|:-------|:------|
| sheep   | nan    | nan   | sheep   | 36.3   | 12.2  |
[NanoDet][01-25 12:30:48]INFO:Saving model to workspace/1280_300/model_best/nanodet_model_best.pth
[NanoDet][01-25 12:30:48]INFO:Val_metrics: {'mAP': 0.12167738831815286, 'AP_50': 0.3632339587750345, 'AP_75': 0.05532942914258611, 'AP_small': 0.009989438384832272, 'AP_m': 0.1199528739672631, 'AP_l': 0.3905706891386805}
Loading and preparing results...
DONE (t=0.01s)
creating index...
index created!
Running per image evaluation...
Evaluate annotation type *bbox*
DONE (t=0.99s).
Accumulating evaluation results...
DONE (t=0.03s).
[NanoDet][01-25 12:30:52]INFO:Train|Epoch151/300|Iter1650(1/11)| mem:4.46G| lr:5.52e-04| loss_qfl:0.1911| loss_bbox:0.7644| loss_dfl:0.1499| aux_loss_qfl:0.1916| aux_loss_bbox:0.7527| aux_loss_dfl:0.1511| 
[NanoDet][01-25 12:31:16]INFO:Train|Epoch155/300|Iter1700(7/11)| mem:4.46G| lr:5.31e-04| loss_qfl:0.1432| loss_bbox:0.8910| loss_dfl:0.1504| aux_loss_qfl:0.1322| aux_loss_bbox:0.8932| aux_loss_dfl:0.1521| 
[NanoDet][01-25 12:31:43]INFO:Train|Epoch160/300|Iter1750(2/11)| mem:4.46G| lr:5.05e-04| loss_qfl:0.1722| loss_bbox:0.8075| loss_dfl:0.1575| aux_loss_qfl:0.1642| aux_loss_bbox:0.7655| aux_loss_dfl:0.1547| 
[NanoDet][01-25 12:31:48]INFO:Val|Epoch160/300|Iter1760(1/3)| mem:4.46G| lr:5.00e-04| loss_qfl:0.2270| loss_bbox:0.7270| loss_dfl:0.1608| aux_loss_qfl:0.2256| aux_loss_bbox:0.7186| aux_loss_dfl:0.1604| 
[NanoDet][01-25 12:31:50]INFO:
 Average Precision  (AP) @[ IoU=0.50:0.95 | area=   all | maxDets=100 ] = 0.112
 Average Precision  (AP) @[ IoU=0.50      | area=   all | maxDets=100 ] = 0.342
 Average Precision  (AP) @[ IoU=0.75      | area=   all | maxDets=100 ] = 0.036
 Average Precision  (AP) @[ IoU=0.50:0.95 | area= small | maxDets=100 ] = 0.003
 Average Precision  (AP) @[ IoU=0.50:0.95 | area=medium | maxDets=100 ] = 0.110
 Average Precision  (AP) @[ IoU=0.50:0.95 | area= large | maxDets=100 ] = 0.369
 Average Recall     (AR) @[ IoU=0.50:0.95 | area=   all | maxDets=  1 ] = 0.013
 Average Recall     (AR) @[ IoU=0.50:0.95 | area=   all | maxDets= 10 ] = 0.090
 Average Recall     (AR) @[ IoU=0.50:0.95 | area=   all | maxDets=100 ] = 0.171
 Average Recall     (AR) @[ IoU=0.50:0.95 | area= small | maxDets=100 ] = 0.016
 Average Recall     (AR) @[ IoU=0.50:0.95 | area=medium | maxDets=100 ] = 0.184
 Average Recall     (AR) @[ IoU=0.50:0.95 | area= large | maxDets=100 ] = 0.475

[NanoDet][01-25 12:31:50]INFO:
| class   | AP50   | mAP   | class   | AP50   | mAP   |
|:--------|:-------|:------|:--------|:-------|:------|
| sheep   | nan    | nan   | sheep   | 34.2   | 11.2  |
[NanoDet][01-25 12:31:50]INFO:Val_metrics: {'mAP': 0.11175940222505762, 'AP_50': 0.3415526559495668, 'AP_75': 0.03561565970962246, 'AP_small': 0.0032283060967239876, 'AP_m': 0.10993399026871793, 'AP_l': 0.36891779173752415}
Loading and preparing results...
DONE (t=0.02s)
creating index...
index created!
Running per image evaluation...
Evaluate annotation type *bbox*
DONE (t=1.02s).
Accumulating evaluation results...
DONE (t=0.03s).
[NanoDet][01-25 12:32:12]INFO:Train|Epoch164/300|Iter1800(8/11)| mem:4.46G| lr:4.84e-04| loss_qfl:0.1434| loss_bbox:0.8822| loss_dfl:0.1553| aux_loss_qfl:0.1531| aux_loss_bbox:0.9164| aux_loss_dfl:0.1562| 
[NanoDet][01-25 12:32:39]INFO:Train|Epoch169/300|Iter1850(3/11)| mem:4.46G| lr:4.58e-04| loss_qfl:0.1516| loss_bbox:0.8185| loss_dfl:0.1558| aux_loss_qfl:0.1391| aux_loss_bbox:0.8210| aux_loss_dfl:0.1555| 
[NanoDet][01-25 12:32:50]INFO:Val|Epoch170/300|Iter1870(1/3)| mem:4.46G| lr:4.48e-04| loss_qfl:0.2181| loss_bbox:0.6819| loss_dfl:0.1576| aux_loss_qfl:0.2088| aux_loss_bbox:0.6926| aux_loss_dfl:0.1588| 
[NanoDet][01-25 12:32:51]INFO:
 Average Precision  (AP) @[ IoU=0.50:0.95 | area=   all | maxDets=100 ] = 0.126
 Average Precision  (AP) @[ IoU=0.50      | area=   all | maxDets=100 ] = 0.367
 Average Precision  (AP) @[ IoU=0.75      | area=   all | maxDets=100 ] = 0.052
 Average Precision  (AP) @[ IoU=0.50:0.95 | area= small | maxDets=100 ] = 0.006
 Average Precision  (AP) @[ IoU=0.50:0.95 | area=medium | maxDets=100 ] = 0.121
 Average Precision  (AP) @[ IoU=0.50:0.95 | area= large | maxDets=100 ] = 0.409
 Average Recall     (AR) @[ IoU=0.50:0.95 | area=   all | maxDets=  1 ] = 0.013
 Average Recall     (AR) @[ IoU=0.50:0.95 | area=   all | maxDets= 10 ] = 0.100
 Average Recall     (AR) @[ IoU=0.50:0.95 | area=   all | maxDets=100 ] = 0.190
 Average Recall     (AR) @[ IoU=0.50:0.95 | area= small | maxDets=100 ] = 0.018
 Average Recall     (AR) @[ IoU=0.50:0.95 | area=medium | maxDets=100 ] = 0.208
 Average Recall     (AR) @[ IoU=0.50:0.95 | area= large | maxDets=100 ] = 0.508

[NanoDet][01-25 12:32:51]INFO:
| class   | AP50   | mAP   | class   | AP50   | mAP   |
|:--------|:-------|:------|:--------|:-------|:------|
| sheep   | nan    | nan   | sheep   | 36.7   | 12.6  |
[NanoDet][01-25 12:32:52]INFO:Saving model to workspace/1280_300/model_best/nanodet_model_best.pth
[NanoDet][01-25 12:32:52]INFO:Val_metrics: {'mAP': 0.12562609092345792, 'AP_50': 0.36696621332906587, 'AP_75': 0.05233816643708224, 'AP_small': 0.005882720451779019, 'AP_m': 0.12118300383249947, 'AP_l': 0.40921424466649464}
Loading and preparing results...
DONE (t=0.01s)
creating index...
index created!
Running per image evaluation...
Evaluate annotation type *bbox*
DONE (t=0.98s).
Accumulating evaluation results...
DONE (t=0.03s).
[NanoDet][01-25 12:33:08]INFO:Train|Epoch173/300|Iter1900(9/11)| mem:4.46G| lr:4.38e-04| loss_qfl:0.1610| loss_bbox:0.7027| loss_dfl:0.1549| aux_loss_qfl:0.1604| aux_loss_bbox:0.6793| aux_loss_dfl:0.1530| 
[NanoDet][01-25 12:33:35]INFO:Train|Epoch178/300|Iter1950(4/11)| mem:4.46G| lr:4.12e-04| loss_qfl:0.2116| loss_bbox:0.5910| loss_dfl:0.1598| aux_loss_qfl:0.1835| aux_loss_bbox:0.5594| aux_loss_dfl:0.1520| 
[NanoDet][01-25 12:33:51]INFO:Val|Epoch180/300|Iter1980(1/3)| mem:4.46G| lr:3.97e-04| loss_qfl:0.2140| loss_bbox:0.6575| loss_dfl:0.1548| aux_loss_qfl:0.2003| aux_loss_bbox:0.6989| aux_loss_dfl:0.1572| 
[NanoDet][01-25 12:33:53]INFO:
 Average Precision  (AP) @[ IoU=0.50:0.95 | area=   all | maxDets=100 ] = 0.136
 Average Precision  (AP) @[ IoU=0.50      | area=   all | maxDets=100 ] = 0.392
 Average Precision  (AP) @[ IoU=0.75      | area=   all | maxDets=100 ] = 0.061
 Average Precision  (AP) @[ IoU=0.50:0.95 | area= small | maxDets=100 ] = 0.009
 Average Precision  (AP) @[ IoU=0.50:0.95 | area=medium | maxDets=100 ] = 0.131
 Average Precision  (AP) @[ IoU=0.50:0.95 | area= large | maxDets=100 ] = 0.434
 Average Recall     (AR) @[ IoU=0.50:0.95 | area=   all | maxDets=  1 ] = 0.016
 Average Recall     (AR) @[ IoU=0.50:0.95 | area=   all | maxDets= 10 ] = 0.103
 Average Recall     (AR) @[ IoU=0.50:0.95 | area=   all | maxDets=100 ] = 0.195
 Average Recall     (AR) @[ IoU=0.50:0.95 | area= small | maxDets=100 ] = 0.019
 Average Recall     (AR) @[ IoU=0.50:0.95 | area=medium | maxDets=100 ] = 0.213
 Average Recall     (AR) @[ IoU=0.50:0.95 | area= large | maxDets=100 ] = 0.525

[NanoDet][01-25 12:33:53]INFO:
| class   | AP50   | mAP   | class   | AP50   | mAP   |
|:--------|:-------|:------|:--------|:-------|:------|
| sheep   | nan    | nan   | sheep   | 39.2   | 13.6  |
[NanoDet][01-25 12:33:53]INFO:Saving model to workspace/1280_300/model_best/nanodet_model_best.pth
[NanoDet][01-25 12:33:53]INFO:Val_metrics: {'mAP': 0.1356616091628987, 'AP_50': 0.39166545827634053, 'AP_75': 0.06107692324504458, 'AP_small': 0.00878983371310104, 'AP_m': 0.13138501007616324, 'AP_l': 0.4340512565915588}
Loading and preparing results...
DONE (t=0.01s)
creating index...
index created!
Running per image evaluation...
Evaluate annotation type *bbox*
DONE (t=1.01s).
Accumulating evaluation results...
DONE (t=0.14s).
[NanoDet][01-25 12:34:05]INFO:Train|Epoch182/300|Iter2000(10/11)| mem:4.46G| lr:3.92e-04| loss_qfl:0.2274| loss_bbox:0.6657| loss_dfl:0.1481| aux_loss_qfl:0.2142| aux_loss_bbox:0.6556| aux_loss_dfl:0.1481| 
[NanoDet][01-25 12:34:32]INFO:Train|Epoch187/300|Iter2050(5/11)| mem:4.46G| lr:3.67e-04| loss_qfl:0.1544| loss_bbox:0.7336| loss_dfl:0.1571| aux_loss_qfl:0.1527| aux_loss_bbox:0.7169| aux_loss_dfl:0.1564| 
[NanoDet][01-25 12:34:53]INFO:Val|Epoch190/300|Iter2090(1/3)| mem:4.46G| lr:3.48e-04| loss_qfl:0.2095| loss_bbox:0.6744| loss_dfl:0.1570| aux_loss_qfl:0.2080| aux_loss_bbox:0.7103| aux_loss_dfl:0.1577| 
[NanoDet][01-25 12:34:54]INFO:
 Average Precision  (AP) @[ IoU=0.50:0.95 | area=   all | maxDets=100 ] = 0.131
 Average Precision  (AP) @[ IoU=0.50      | area=   all | maxDets=100 ] = 0.388
 Average Precision  (AP) @[ IoU=0.75      | area=   all | maxDets=100 ] = 0.056
 Average Precision  (AP) @[ IoU=0.50:0.95 | area= small | maxDets=100 ] = 0.013
 Average Precision  (AP) @[ IoU=0.50:0.95 | area=medium | maxDets=100 ] = 0.127
 Average Precision  (AP) @[ IoU=0.50:0.95 | area= large | maxDets=100 ] = 0.413
 Average Recall     (AR) @[ IoU=0.50:0.95 | area=   all | maxDets=  1 ] = 0.015
 Average Recall     (AR) @[ IoU=0.50:0.95 | area=   all | maxDets= 10 ] = 0.101
 Average Recall     (AR) @[ IoU=0.50:0.95 | area=   all | maxDets=100 ] = 0.192
 Average Recall     (AR) @[ IoU=0.50:0.95 | area= small | maxDets=100 ] = 0.023
 Average Recall     (AR) @[ IoU=0.50:0.95 | area=medium | maxDets=100 ] = 0.210
 Average Recall     (AR) @[ IoU=0.50:0.95 | area= large | maxDets=100 ] = 0.503

[NanoDet][01-25 12:34:54]INFO:
| class   | AP50   | mAP   | class   | AP50   | mAP   |
|:--------|:-------|:------|:--------|:-------|:------|
| sheep   | nan    | nan   | sheep   | 38.8   | 13.1  |
[NanoDet][01-25 12:34:54]INFO:Val_metrics: {'mAP': 0.13071031472268896, 'AP_50': 0.388469185574408, 'AP_75': 0.05583220860345969, 'AP_small': 0.012604219030980824, 'AP_m': 0.12666307394653678, 'AP_l': 0.41305251931642134}
Loading and preparing results...
DONE (t=0.01s)
creating index...
index created!
Running per image evaluation...
Evaluate annotation type *bbox*
DONE (t=1.00s).
Accumulating evaluation results...
DONE (t=0.03s).
[NanoDet][01-25 12:35:00]INFO:Train|Epoch191/300|Iter2100(11/11)| mem:4.46G| lr:3.48e-04| loss_qfl:0.2085| loss_bbox:0.6506| loss_dfl:0.1607| aux_loss_qfl:0.2006| aux_loss_bbox:0.6357| aux_loss_dfl:0.1601| 
[NanoDet][01-25 12:35:28]INFO:Train|Epoch196/300|Iter2150(6/11)| mem:4.46G| lr:3.24e-04| loss_qfl:0.1894| loss_bbox:0.7058| loss_dfl:0.1466| aux_loss_qfl:0.1806| aux_loss_bbox:0.6932| aux_loss_dfl:0.1463| 
[NanoDet][01-25 12:35:54]INFO:Val|Epoch200/300|Iter2200(1/3)| mem:4.46G| lr:3.01e-04| loss_qfl:0.2111| loss_bbox:0.6819| loss_dfl:0.1583| aux_loss_qfl:0.2098| aux_loss_bbox:0.7105| aux_loss_dfl:0.1591| 
[NanoDet][01-25 12:35:56]INFO:
 Average Precision  (AP) @[ IoU=0.50:0.95 | area=   all | maxDets=100 ] = 0.139
 Average Precision  (AP) @[ IoU=0.50      | area=   all | maxDets=100 ] = 0.405
 Average Precision  (AP) @[ IoU=0.75      | area=   all | maxDets=100 ] = 0.070
 Average Precision  (AP) @[ IoU=0.50:0.95 | area= small | maxDets=100 ] = 0.010
 Average Precision  (AP) @[ IoU=0.50:0.95 | area=medium | maxDets=100 ] = 0.138
 Average Precision  (AP) @[ IoU=0.50:0.95 | area= large | maxDets=100 ] = 0.438
 Average Recall     (AR) @[ IoU=0.50:0.95 | area=   all | maxDets=  1 ] = 0.016
 Average Recall     (AR) @[ IoU=0.50:0.95 | area=   all | maxDets= 10 ] = 0.101
 Average Recall     (AR) @[ IoU=0.50:0.95 | area=   all | maxDets=100 ] = 0.199
 Average Recall     (AR) @[ IoU=0.50:0.95 | area= small | maxDets=100 ] = 0.018
 Average Recall     (AR) @[ IoU=0.50:0.95 | area=medium | maxDets=100 ] = 0.219
 Average Recall     (AR) @[ IoU=0.50:0.95 | area= large | maxDets=100 ] = 0.530

[NanoDet][01-25 12:35:56]INFO:
| class   | AP50   | mAP   | class   | AP50   | mAP   |
|:--------|:-------|:------|:--------|:-------|:------|
| sheep   | nan    | nan   | sheep   | 40.5   | 13.9  |
[NanoDet][01-25 12:35:56]INFO:Saving model to workspace/1280_300/model_best/nanodet_model_best.pth
[NanoDet][01-25 12:35:56]INFO:Val_metrics: {'mAP': 0.13943565842637207, 'AP_50': 0.40460005886100114, 'AP_75': 0.06967001444937937, 'AP_small': 0.009986402456127115, 'AP_m': 0.13767401162339127, 'AP_l': 0.43800529771976376}
Loading and preparing results...
DONE (t=0.01s)
creating index...
index created!
Running per image evaluation...
Evaluate annotation type *bbox*
DONE (t=0.97s).
Accumulating evaluation results...
DONE (t=0.03s).
[NanoDet][01-25 12:36:00]INFO:Train|Epoch201/300|Iter2200(1/11)| mem:4.46G| lr:3.01e-04| loss_qfl:0.1695| loss_bbox:0.8049| loss_dfl:0.1511| aux_loss_qfl:0.1598| aux_loss_bbox:0.7829| aux_loss_dfl:0.1506| 
[NanoDet][01-25 12:36:24]INFO:Train|Epoch205/300|Iter2250(7/11)| mem:4.46G| lr:2.83e-04| loss_qfl:0.1593| loss_bbox:0.5629| loss_dfl:0.1644| aux_loss_qfl:0.1555| aux_loss_bbox:0.5288| aux_loss_dfl:0.1562| 
[NanoDet][01-25 12:36:51]INFO:Train|Epoch210/300|Iter2300(2/11)| mem:4.46G| lr:2.61e-04| loss_qfl:0.1619| loss_bbox:0.5864| loss_dfl:0.1613| aux_loss_qfl:0.1514| aux_loss_bbox:0.5259| aux_loss_dfl:0.1564| 
[NanoDet][01-25 12:36:56]INFO:Val|Epoch210/300|Iter2310(1/3)| mem:4.46G| lr:2.57e-04| loss_qfl:0.2076| loss_bbox:0.6902| loss_dfl:0.1572| aux_loss_qfl:0.2078| aux_loss_bbox:0.6995| aux_loss_dfl:0.1581| 
[NanoDet][01-25 12:36:57]INFO:
 Average Precision  (AP) @[ IoU=0.50:0.95 | area=   all | maxDets=100 ] = 0.143
 Average Precision  (AP) @[ IoU=0.50      | area=   all | maxDets=100 ] = 0.405
 Average Precision  (AP) @[ IoU=0.75      | area=   all | maxDets=100 ] = 0.059
 Average Precision  (AP) @[ IoU=0.50:0.95 | area= small | maxDets=100 ] = 0.011
 Average Precision  (AP) @[ IoU=0.50:0.95 | area=medium | maxDets=100 ] = 0.140
 Average Precision  (AP) @[ IoU=0.50:0.95 | area= large | maxDets=100 ] = 0.446
 Average Recall     (AR) @[ IoU=0.50:0.95 | area=   all | maxDets=  1 ] = 0.017
 Average Recall     (AR) @[ IoU=0.50:0.95 | area=   all | maxDets= 10 ] = 0.106
 Average Recall     (AR) @[ IoU=0.50:0.95 | area=   all | maxDets=100 ] = 0.203
 Average Recall     (AR) @[ IoU=0.50:0.95 | area= small | maxDets=100 ] = 0.020
 Average Recall     (AR) @[ IoU=0.50:0.95 | area=medium | maxDets=100 ] = 0.224
 Average Recall     (AR) @[ IoU=0.50:0.95 | area= large | maxDets=100 ] = 0.523

[NanoDet][01-25 12:36:57]INFO:
| class   | AP50   | mAP   | class   | AP50   | mAP   |
|:--------|:-------|:------|:--------|:-------|:------|
| sheep   | nan    | nan   | sheep   | 40.5   | 14.3  |
[NanoDet][01-25 12:36:58]INFO:Saving model to workspace/1280_300/model_best/nanodet_model_best.pth
[NanoDet][01-25 12:36:58]INFO:Val_metrics: {'mAP': 0.14266129094778057, 'AP_50': 0.4046383031027551, 'AP_75': 0.05895934999315377, 'AP_small': 0.011069074748457393, 'AP_m': 0.1397688777357715, 'AP_l': 0.4461660759005722}
Loading and preparing results...
DONE (t=0.01s)
creating index...
index created!
Running per image evaluation...
Evaluate annotation type *bbox*
DONE (t=1.00s).
Accumulating evaluation results...
DONE (t=0.03s).
[NanoDet][01-25 12:37:20]INFO:Train|Epoch214/300|Iter2350(8/11)| mem:4.46G| lr:2.44e-04| loss_qfl:0.1847| loss_bbox:0.5718| loss_dfl:0.1677| aux_loss_qfl:0.1864| aux_loss_bbox:0.5365| aux_loss_dfl:0.1626| 
[NanoDet][01-25 12:37:47]INFO:Train|Epoch219/300|Iter2400(3/11)| mem:4.46G| lr:2.24e-04| loss_qfl:0.1728| loss_bbox:0.7158| loss_dfl:0.1490| aux_loss_qfl:0.1654| aux_loss_bbox:0.6864| aux_loss_dfl:0.1478| 
[NanoDet][01-25 12:37:57]INFO:Val|Epoch220/300|Iter2420(1/3)| mem:4.46G| lr:2.16e-04| loss_qfl:0.2104| loss_bbox:0.6703| loss_dfl:0.1573| aux_loss_qfl:0.2051| aux_loss_bbox:0.6913| aux_loss_dfl:0.1583| 
[NanoDet][01-25 12:37:59]INFO:
 Average Precision  (AP) @[ IoU=0.50:0.95 | area=   all | maxDets=100 ] = 0.150
 Average Precision  (AP) @[ IoU=0.50      | area=   all | maxDets=100 ] = 0.415
 Average Precision  (AP) @[ IoU=0.75      | area=   all | maxDets=100 ] = 0.081
 Average Precision  (AP) @[ IoU=0.50:0.95 | area= small | maxDets=100 ] = 0.009
 Average Precision  (AP) @[ IoU=0.50:0.95 | area=medium | maxDets=100 ] = 0.149
 Average Precision  (AP) @[ IoU=0.50:0.95 | area= large | maxDets=100 ] = 0.465
 Average Recall     (AR) @[ IoU=0.50:0.95 | area=   all | maxDets=  1 ] = 0.017
 Average Recall     (AR) @[ IoU=0.50:0.95 | area=   all | maxDets= 10 ] = 0.108
 Average Recall     (AR) @[ IoU=0.50:0.95 | area=   all | maxDets=100 ] = 0.209
 Average Recall     (AR) @[ IoU=0.50:0.95 | area= small | maxDets=100 ] = 0.024
 Average Recall     (AR) @[ IoU=0.50:0.95 | area=medium | maxDets=100 ] = 0.229
 Average Recall     (AR) @[ IoU=0.50:0.95 | area= large | maxDets=100 ] = 0.551

[NanoDet][01-25 12:37:59]INFO:
| class   | AP50   | mAP   | class   | AP50   | mAP   |
|:--------|:-------|:------|:--------|:-------|:------|
| sheep   | nan    | nan   | sheep   | 41.5   | 15.0  |
[NanoDet][01-25 12:37:59]INFO:Saving model to workspace/1280_300/model_best/nanodet_model_best.pth
[NanoDet][01-25 12:37:59]INFO:Val_metrics: {'mAP': 0.15007883657473373, 'AP_50': 0.4146138950430147, 'AP_75': 0.0806730194372236, 'AP_small': 0.009378367316132522, 'AP_m': 0.149295442437963, 'AP_l': 0.4649263322546688}
Loading and preparing results...
DONE (t=0.01s)
creating index...
index created!
Running per image evaluation...
Evaluate annotation type *bbox*
DONE (t=0.99s).
Accumulating evaluation results...
DONE (t=0.03s).
[NanoDet][01-25 12:38:16]INFO:Train|Epoch223/300|Iter2450(9/11)| mem:4.46G| lr:2.08e-04| loss_qfl:0.1694| loss_bbox:0.6895| loss_dfl:0.1468| aux_loss_qfl:0.1668| aux_loss_bbox:0.6715| aux_loss_dfl:0.1441| 
[NanoDet][01-25 12:38:43]INFO:Train|Epoch228/300|Iter2500(4/11)| mem:4.46G| lr:1.90e-04| loss_qfl:0.1939| loss_bbox:0.6332| loss_dfl:0.1402| aux_loss_qfl:0.1813| aux_loss_bbox:0.5992| aux_loss_dfl:0.1396| 
[NanoDet][01-25 12:38:59]INFO:Val|Epoch230/300|Iter2530(1/3)| mem:4.46G| lr:1.79e-04| loss_qfl:0.2059| loss_bbox:0.6765| loss_dfl:0.1580| aux_loss_qfl:0.2052| aux_loss_bbox:0.7076| aux_loss_dfl:0.1597| 
[NanoDet][01-25 12:39:00]INFO:
 Average Precision  (AP) @[ IoU=0.50:0.95 | area=   all | maxDets=100 ] = 0.150
 Average Precision  (AP) @[ IoU=0.50      | area=   all | maxDets=100 ] = 0.406
 Average Precision  (AP) @[ IoU=0.75      | area=   all | maxDets=100 ] = 0.079
 Average Precision  (AP) @[ IoU=0.50:0.95 | area= small | maxDets=100 ] = 0.012
 Average Precision  (AP) @[ IoU=0.50:0.95 | area=medium | maxDets=100 ] = 0.152
 Average Precision  (AP) @[ IoU=0.50:0.95 | area= large | maxDets=100 ] = 0.459
 Average Recall     (AR) @[ IoU=0.50:0.95 | area=   all | maxDets=  1 ] = 0.016
 Average Recall     (AR) @[ IoU=0.50:0.95 | area=   all | maxDets= 10 ] = 0.107
 Average Recall     (AR) @[ IoU=0.50:0.95 | area=   all | maxDets=100 ] = 0.206
 Average Recall     (AR) @[ IoU=0.50:0.95 | area= small | maxDets=100 ] = 0.021
 Average Recall     (AR) @[ IoU=0.50:0.95 | area=medium | maxDets=100 ] = 0.225
 Average Recall     (AR) @[ IoU=0.50:0.95 | area= large | maxDets=100 ] = 0.549

[NanoDet][01-25 12:39:00]INFO:
| class   | AP50   | mAP   | class   | AP50   | mAP   |
|:--------|:-------|:------|:--------|:-------|:------|
| sheep   | nan    | nan   | sheep   | 40.6   | 15.0  |
[NanoDet][01-25 12:39:01]INFO:Saving model to workspace/1280_300/model_best/nanodet_model_best.pth
[NanoDet][01-25 12:39:01]INFO:Val_metrics: {'mAP': 0.15028877427429774, 'AP_50': 0.4059772263318466, 'AP_75': 0.07878093159859736, 'AP_small': 0.0122403067191003, 'AP_m': 0.15154938311542032, 'AP_l': 0.45875277814786325}
Loading and preparing results...
DONE (t=0.01s)
creating index...
index created!
Running per image evaluation...
Evaluate annotation type *bbox*
DONE (t=0.97s).
Accumulating evaluation results...
DONE (t=0.03s).
[NanoDet][01-25 12:39:12]INFO:Train|Epoch232/300|Iter2550(10/11)| mem:4.46G| lr:1.76e-04| loss_qfl:0.1912| loss_bbox:0.7871| loss_dfl:0.1505| aux_loss_qfl:0.1689| aux_loss_bbox:0.7657| aux_loss_dfl:0.1488| 
[NanoDet][01-25 12:39:39]INFO:Train|Epoch237/300|Iter2600(5/11)| mem:4.46G| lr:1.59e-04| loss_qfl:0.1791| loss_bbox:0.4408| loss_dfl:0.1548| aux_loss_qfl:0.1629| aux_loss_bbox:0.3998| aux_loss_dfl:0.1479| 
[NanoDet][01-25 12:40:00]INFO:Val|Epoch240/300|Iter2640(1/3)| mem:4.46G| lr:1.46e-04| loss_qfl:0.2227| loss_bbox:0.6722| loss_dfl:0.1559| aux_loss_qfl:0.2168| aux_loss_bbox:0.6840| aux_loss_dfl:0.1565| 
[NanoDet][01-25 12:40:02]INFO:
 Average Precision  (AP) @[ IoU=0.50:0.95 | area=   all | maxDets=100 ] = 0.152
 Average Precision  (AP) @[ IoU=0.50      | area=   all | maxDets=100 ] = 0.423
 Average Precision  (AP) @[ IoU=0.75      | area=   all | maxDets=100 ] = 0.078
 Average Precision  (AP) @[ IoU=0.50:0.95 | area= small | maxDets=100 ] = 0.010
 Average Precision  (AP) @[ IoU=0.50:0.95 | area=medium | maxDets=100 ] = 0.152
 Average Precision  (AP) @[ IoU=0.50:0.95 | area= large | maxDets=100 ] = 0.457
 Average Recall     (AR) @[ IoU=0.50:0.95 | area=   all | maxDets=  1 ] = 0.018
 Average Recall     (AR) @[ IoU=0.50:0.95 | area=   all | maxDets= 10 ] = 0.103
 Average Recall     (AR) @[ IoU=0.50:0.95 | area=   all | maxDets=100 ] = 0.212
 Average Recall     (AR) @[ IoU=0.50:0.95 | area= small | maxDets=100 ] = 0.022
 Average Recall     (AR) @[ IoU=0.50:0.95 | area=medium | maxDets=100 ] = 0.237
 Average Recall     (AR) @[ IoU=0.50:0.95 | area= large | maxDets=100 ] = 0.535

[NanoDet][01-25 12:40:02]INFO:
| class   | AP50   | mAP   | class   | AP50   | mAP   |
|:--------|:-------|:------|:--------|:-------|:------|
| sheep   | nan    | nan   | sheep   | 42.3   | 15.2  |
[NanoDet][01-25 12:40:02]INFO:Saving model to workspace/1280_300/model_best/nanodet_model_best.pth
[NanoDet][01-25 12:40:02]INFO:Val_metrics: {'mAP': 0.1519126240249473, 'AP_50': 0.42306157766153313, 'AP_75': 0.07808044324655615, 'AP_small': 0.009947406482385377, 'AP_m': 0.15166518602169637, 'AP_l': 0.4565878206487312}
Loading and preparing results...
DONE (t=0.01s)
creating index...
index created!
Running per image evaluation...
Evaluate annotation type *bbox*
DONE (t=0.98s).
Accumulating evaluation results...
DONE (t=0.03s).
[NanoDet][01-25 12:40:08]INFO:Train|Epoch241/300|Iter2650(11/11)| mem:4.46G| lr:1.46e-04| loss_qfl:0.1380| loss_bbox:0.9938| loss_dfl:0.1673| aux_loss_qfl:0.1206| aux_loss_bbox:1.0077| aux_loss_dfl:0.1605| 
[NanoDet][01-25 12:40:35]INFO:Train|Epoch246/300|Iter2700(6/11)| mem:4.46G| lr:1.31e-04| loss_qfl:0.1643| loss_bbox:0.5638| loss_dfl:0.1527| aux_loss_qfl:0.1523| aux_loss_bbox:0.5441| aux_loss_dfl:0.1497| 
[NanoDet][01-25 12:41:02]INFO:Val|Epoch250/300|Iter2750(1/3)| mem:4.46G| lr:1.17e-04| loss_qfl:0.2346| loss_bbox:0.6722| loss_dfl:0.1574| aux_loss_qfl:0.2312| aux_loss_bbox:0.6939| aux_loss_dfl:0.1586| 
[NanoDet][01-25 12:41:03]INFO:
 Average Precision  (AP) @[ IoU=0.50:0.95 | area=   all | maxDets=100 ] = 0.152
 Average Precision  (AP) @[ IoU=0.50      | area=   all | maxDets=100 ] = 0.412
 Average Precision  (AP) @[ IoU=0.75      | area=   all | maxDets=100 ] = 0.071
 Average Precision  (AP) @[ IoU=0.50:0.95 | area= small | maxDets=100 ] = 0.011
 Average Precision  (AP) @[ IoU=0.50:0.95 | area=medium | maxDets=100 ] = 0.152
 Average Precision  (AP) @[ IoU=0.50:0.95 | area= large | maxDets=100 ] = 0.463
 Average Recall     (AR) @[ IoU=0.50:0.95 | area=   all | maxDets=  1 ] = 0.017
 Average Recall     (AR) @[ IoU=0.50:0.95 | area=   all | maxDets= 10 ] = 0.110
 Average Recall     (AR) @[ IoU=0.50:0.95 | area=   all | maxDets=100 ] = 0.207
 Average Recall     (AR) @[ IoU=0.50:0.95 | area= small | maxDets=100 ] = 0.019
 Average Recall     (AR) @[ IoU=0.50:0.95 | area=medium | maxDets=100 ] = 0.227
 Average Recall     (AR) @[ IoU=0.50:0.95 | area= large | maxDets=100 ] = 0.547

[NanoDet][01-25 12:41:03]INFO:
| class   | AP50   | mAP   | class   | AP50   | mAP   |
|:--------|:-------|:------|:--------|:-------|:------|
| sheep   | nan    | nan   | sheep   | 41.2   | 15.2  |
[NanoDet][01-25 12:41:04]INFO:Saving model to workspace/1280_300/model_best/nanodet_model_best.pth
[NanoDet][01-25 12:41:04]INFO:Val_metrics: {'mAP': 0.15204957414504455, 'AP_50': 0.4121924599351999, 'AP_75': 0.07088951456959054, 'AP_small': 0.011041432504594996, 'AP_m': 0.1523450510748875, 'AP_l': 0.4631264519796}
Loading and preparing results...
DONE (t=0.01s)
creating index...
index created!
Running per image evaluation...
Evaluate annotation type *bbox*
DONE (t=0.96s).
Accumulating evaluation results...
DONE (t=0.03s).
[NanoDet][01-25 12:41:08]INFO:Train|Epoch251/300|Iter2750(1/11)| mem:4.46G| lr:1.17e-04| loss_qfl:0.2134| loss_bbox:0.6492| loss_dfl:0.1520| aux_loss_qfl:0.1974| aux_loss_bbox:0.6472| aux_loss_dfl:0.1506| 
[NanoDet][01-25 12:41:32]INFO:Train|Epoch255/300|Iter2800(7/11)| mem:4.46G| lr:1.07e-04| loss_qfl:0.1723| loss_bbox:0.5551| loss_dfl:0.1599| aux_loss_qfl:0.1683| aux_loss_bbox:0.5412| aux_loss_dfl:0.1553| 
[NanoDet][01-25 12:41:59]INFO:Train|Epoch260/300|Iter2850(2/11)| mem:4.46G| lr:9.56e-05| loss_qfl:0.1631| loss_bbox:0.7339| loss_dfl:0.1474| aux_loss_qfl:0.1444| aux_loss_bbox:0.7413| aux_loss_dfl:0.1475| 
[NanoDet][01-25 12:42:03]INFO:Val|Epoch260/300|Iter2860(1/3)| mem:4.46G| lr:9.34e-05| loss_qfl:0.2288| loss_bbox:0.6857| loss_dfl:0.1561| aux_loss_qfl:0.2242| aux_loss_bbox:0.6797| aux_loss_dfl:0.1550| 
[NanoDet][01-25 12:42:05]INFO:
 Average Precision  (AP) @[ IoU=0.50:0.95 | area=   all | maxDets=100 ] = 0.153
 Average Precision  (AP) @[ IoU=0.50      | area=   all | maxDets=100 ] = 0.426
 Average Precision  (AP) @[ IoU=0.75      | area=   all | maxDets=100 ] = 0.080
 Average Precision  (AP) @[ IoU=0.50:0.95 | area= small | maxDets=100 ] = 0.013
 Average Precision  (AP) @[ IoU=0.50:0.95 | area=medium | maxDets=100 ] = 0.152
 Average Precision  (AP) @[ IoU=0.50:0.95 | area= large | maxDets=100 ] = 0.471
 Average Recall     (AR) @[ IoU=0.50:0.95 | area=   all | maxDets=  1 ] = 0.017
 Average Recall     (AR) @[ IoU=0.50:0.95 | area=   all | maxDets= 10 ] = 0.110
 Average Recall     (AR) @[ IoU=0.50:0.95 | area=   all | maxDets=100 ] = 0.210
 Average Recall     (AR) @[ IoU=0.50:0.95 | area= small | maxDets=100 ] = 0.020
 Average Recall     (AR) @[ IoU=0.50:0.95 | area=medium | maxDets=100 ] = 0.231
 Average Recall     (AR) @[ IoU=0.50:0.95 | area= large | maxDets=100 ] = 0.554

[NanoDet][01-25 12:42:05]INFO:
| class   | AP50   | mAP   | class   | AP50   | mAP   |
|:--------|:-------|:------|:--------|:-------|:------|
| sheep   | nan    | nan   | sheep   | 42.6   | 15.3  |
[NanoDet][01-25 12:42:05]INFO:Saving model to workspace/1280_300/model_best/nanodet_model_best.pth
[NanoDet][01-25 12:42:05]INFO:Val_metrics: {'mAP': 0.15348608954746826, 'AP_50': 0.42648059481425743, 'AP_75': 0.07962934881389383, 'AP_small': 0.012582165669391408, 'AP_m': 0.15207309589226914, 'AP_l': 0.4714190384769481}
Loading and preparing results...
DONE (t=0.11s)
creating index...
index created!
Running per image evaluation...
Evaluate annotation type *bbox*
DONE (t=0.97s).
Accumulating evaluation results...
DONE (t=0.03s).
[NanoDet][01-25 12:42:28]INFO:Train|Epoch264/300|Iter2900(8/11)| mem:4.46G| lr:8.72e-05| loss_qfl:0.1529| loss_bbox:0.5952| loss_dfl:0.1531| aux_loss_qfl:0.1394| aux_loss_bbox:0.5559| aux_loss_dfl:0.1489| 
[NanoDet][01-25 12:42:55]INFO:Train|Epoch269/300|Iter2950(3/11)| mem:4.46G| lr:7.79e-05| loss_qfl:0.1710| loss_bbox:0.5865| loss_dfl:0.1529| aux_loss_qfl:0.1570| aux_loss_bbox:0.5670| aux_loss_dfl:0.1502| 
[NanoDet][01-25 12:43:05]INFO:Val|Epoch270/300|Iter2970(1/3)| mem:4.46G| lr:7.46e-05| loss_qfl:0.2215| loss_bbox:0.6726| loss_dfl:0.1557| aux_loss_qfl:0.2152| aux_loss_bbox:0.6740| aux_loss_dfl:0.1554| 
[NanoDet][01-25 12:43:06]INFO:
 Average Precision  (AP) @[ IoU=0.50:0.95 | area=   all | maxDets=100 ] = 0.160
 Average Precision  (AP) @[ IoU=0.50      | area=   all | maxDets=100 ] = 0.428
 Average Precision  (AP) @[ IoU=0.75      | area=   all | maxDets=100 ] = 0.079
 Average Precision  (AP) @[ IoU=0.50:0.95 | area= small | maxDets=100 ] = 0.013
 Average Precision  (AP) @[ IoU=0.50:0.95 | area=medium | maxDets=100 ] = 0.161
 Average Precision  (AP) @[ IoU=0.50:0.95 | area= large | maxDets=100 ] = 0.473
 Average Recall     (AR) @[ IoU=0.50:0.95 | area=   all | maxDets=  1 ] = 0.016
 Average Recall     (AR) @[ IoU=0.50:0.95 | area=   all | maxDets= 10 ] = 0.112
 Average Recall     (AR) @[ IoU=0.50:0.95 | area=   all | maxDets=100 ] = 0.214
 Average Recall     (AR) @[ IoU=0.50:0.95 | area= small | maxDets=100 ] = 0.020
 Average Recall     (AR) @[ IoU=0.50:0.95 | area=medium | maxDets=100 ] = 0.238
 Average Recall     (AR) @[ IoU=0.50:0.95 | area= large | maxDets=100 ] = 0.547

[NanoDet][01-25 12:43:06]INFO:
| class   | AP50   | mAP   | class   | AP50   | mAP   |
|:--------|:-------|:------|:--------|:-------|:------|
| sheep   | nan    | nan   | sheep   | 42.8   | 16.0  |
[NanoDet][01-25 12:43:07]INFO:Saving model to workspace/1280_300/model_best/nanodet_model_best.pth
[NanoDet][01-25 12:43:07]INFO:Val_metrics: {'mAP': 0.15977918124662738, 'AP_50': 0.4283598973114499, 'AP_75': 0.07948773975182552, 'AP_small': 0.0126656839339226, 'AP_m': 0.16095065225635818, 'AP_l': 0.47335345205340923}
Loading and preparing results...
DONE (t=0.01s)
creating index...
index created!
Running per image evaluation...
Evaluate annotation type *bbox*
DONE (t=0.96s).
Accumulating evaluation results...
DONE (t=0.03s).
[NanoDet][01-25 12:43:24]INFO:Train|Epoch273/300|Iter3000(9/11)| mem:4.46G| lr:7.14e-05| loss_qfl:0.1856| loss_bbox:0.5799| loss_dfl:0.1483| aux_loss_qfl:0.1766| aux_loss_bbox:0.5472| aux_loss_dfl:0.1469| 
[NanoDet][01-25 12:43:51]INFO:Train|Epoch278/300|Iter3050(4/11)| mem:4.46G| lr:6.45e-05| loss_qfl:0.1918| loss_bbox:0.6201| loss_dfl:0.1430| aux_loss_qfl:0.1747| aux_loss_bbox:0.5936| aux_loss_dfl:0.1429| 
[NanoDet][01-25 12:44:07]INFO:Val|Epoch280/300|Iter3080(1/3)| mem:4.46G| lr:6.10e-05| loss_qfl:0.2115| loss_bbox:0.6745| loss_dfl:0.1555| aux_loss_qfl:0.2090| aux_loss_bbox:0.6904| aux_loss_dfl:0.1558| 
[NanoDet][01-25 12:44:08]INFO:
 Average Precision  (AP) @[ IoU=0.50:0.95 | area=   all | maxDets=100 ] = 0.159
 Average Precision  (AP) @[ IoU=0.50      | area=   all | maxDets=100 ] = 0.437
 Average Precision  (AP) @[ IoU=0.75      | area=   all | maxDets=100 ] = 0.072
 Average Precision  (AP) @[ IoU=0.50:0.95 | area= small | maxDets=100 ] = 0.015
 Average Precision  (AP) @[ IoU=0.50:0.95 | area=medium | maxDets=100 ] = 0.161
 Average Precision  (AP) @[ IoU=0.50:0.95 | area= large | maxDets=100 ] = 0.463
 Average Recall     (AR) @[ IoU=0.50:0.95 | area=   all | maxDets=  1 ] = 0.017
 Average Recall     (AR) @[ IoU=0.50:0.95 | area=   all | maxDets= 10 ] = 0.111
 Average Recall     (AR) @[ IoU=0.50:0.95 | area=   all | maxDets=100 ] = 0.214
 Average Recall     (AR) @[ IoU=0.50:0.95 | area= small | maxDets=100 ] = 0.021
 Average Recall     (AR) @[ IoU=0.50:0.95 | area=medium | maxDets=100 ] = 0.240
 Average Recall     (AR) @[ IoU=0.50:0.95 | area= large | maxDets=100 ] = 0.539

[NanoDet][01-25 12:44:08]INFO:
| class   | AP50   | mAP   | class   | AP50   | mAP   |
|:--------|:-------|:------|:--------|:-------|:------|
| sheep   | nan    | nan   | sheep   | 43.7   | 15.9  |
[NanoDet][01-25 12:44:08]INFO:Val_metrics: {'mAP': 0.15876056534041938, 'AP_50': 0.4373232336611913, 'AP_75': 0.07232376443634474, 'AP_small': 0.014570274954666337, 'AP_m': 0.1613325960673087, 'AP_l': 0.4633290326892928}
Loading and preparing results...
DONE (t=0.10s)
creating index...
index created!
Running per image evaluation...
Evaluate annotation type *bbox*
DONE (t=0.97s).
Accumulating evaluation results...
DONE (t=0.03s).
[NanoDet][01-25 12:44:20]INFO:Train|Epoch282/300|Iter3100(10/11)| mem:4.46G| lr:5.99e-05| loss_qfl:0.1402| loss_bbox:0.4981| loss_dfl:0.1530| aux_loss_qfl:0.1269| aux_loss_bbox:0.4724| aux_loss_dfl:0.1465| 
[NanoDet][01-25 12:44:47]INFO:Train|Epoch287/300|Iter3150(5/11)| mem:4.46G| lr:5.54e-05| loss_qfl:0.1787| loss_bbox:0.5241| loss_dfl:0.1511| aux_loss_qfl:0.1727| aux_loss_bbox:0.4811| aux_loss_dfl:0.1470| 
[NanoDet][01-25 12:45:08]INFO:Val|Epoch290/300|Iter3190(1/3)| mem:4.46G| lr:5.28e-05| loss_qfl:0.2215| loss_bbox:0.6668| loss_dfl:0.1547| aux_loss_qfl:0.2168| aux_loss_bbox:0.6704| aux_loss_dfl:0.1545| 
[NanoDet][01-25 12:45:09]INFO:
 Average Precision  (AP) @[ IoU=0.50:0.95 | area=   all | maxDets=100 ] = 0.160
 Average Precision  (AP) @[ IoU=0.50      | area=   all | maxDets=100 ] = 0.443
 Average Precision  (AP) @[ IoU=0.75      | area=   all | maxDets=100 ] = 0.080
 Average Precision  (AP) @[ IoU=0.50:0.95 | area= small | maxDets=100 ] = 0.013
 Average Precision  (AP) @[ IoU=0.50:0.95 | area=medium | maxDets=100 ] = 0.161
 Average Precision  (AP) @[ IoU=0.50:0.95 | area= large | maxDets=100 ] = 0.478
 Average Recall     (AR) @[ IoU=0.50:0.95 | area=   all | maxDets=  1 ] = 0.017
 Average Recall     (AR) @[ IoU=0.50:0.95 | area=   all | maxDets= 10 ] = 0.113
 Average Recall     (AR) @[ IoU=0.50:0.95 | area=   all | maxDets=100 ] = 0.216
 Average Recall     (AR) @[ IoU=0.50:0.95 | area= small | maxDets=100 ] = 0.020
 Average Recall     (AR) @[ IoU=0.50:0.95 | area=medium | maxDets=100 ] = 0.240
 Average Recall     (AR) @[ IoU=0.50:0.95 | area= large | maxDets=100 ] = 0.560

[NanoDet][01-25 12:45:09]INFO:
| class   | AP50   | mAP   | class   | AP50   | mAP   |
|:--------|:-------|:------|:--------|:-------|:------|
| sheep   | nan    | nan   | sheep   | 44.3   | 16.0  |
[NanoDet][01-25 12:45:10]INFO:Saving model to workspace/1280_300/model_best/nanodet_model_best.pth
[NanoDet][01-25 12:45:10]INFO:Val_metrics: {'mAP': 0.16007986385633033, 'AP_50': 0.4430423914697344, 'AP_75': 0.07995571009929661, 'AP_small': 0.012670028939233444, 'AP_m': 0.1612534914752336, 'AP_l': 0.478343469237331}
Loading and preparing results...
DONE (t=0.01s)
creating index...
index created!
Running per image evaluation...
Evaluate annotation type *bbox*
DONE (t=0.98s).
Accumulating evaluation results...
DONE (t=0.03s).
[NanoDet][01-25 12:45:16]INFO:Train|Epoch291/300|Iter3200(11/11)| mem:4.46G| lr:5.28e-05| loss_qfl:0.1453| loss_bbox:0.5107| loss_dfl:0.1535| aux_loss_qfl:0.1377| aux_loss_bbox:0.5241| aux_loss_dfl:0.1489| 
[NanoDet][01-25 12:45:43]INFO:Train|Epoch296/300|Iter3250(6/11)| mem:4.46G| lr:5.07e-05| loss_qfl:0.1618| loss_bbox:0.7201| loss_dfl:0.1407| aux_loss_qfl:0.1498| aux_loss_bbox:0.6962| aux_loss_dfl:0.1395| 
[NanoDet][01-25 12:46:10]INFO:Val|Epoch300/300|Iter3300(1/3)| mem:4.46G| lr:5.00e-05| loss_qfl:0.2205| loss_bbox:0.6624| loss_dfl:0.1549| aux_loss_qfl:0.2174| aux_loss_bbox:0.6553| aux_loss_dfl:0.1543| 
[NanoDet][01-25 12:46:11]INFO:
 Average Precision  (AP) @[ IoU=0.50:0.95 | area=   all | maxDets=100 ] = 0.160
 Average Precision  (AP) @[ IoU=0.50      | area=   all | maxDets=100 ] = 0.437
 Average Precision  (AP) @[ IoU=0.75      | area=   all | maxDets=100 ] = 0.072
 Average Precision  (AP) @[ IoU=0.50:0.95 | area= small | maxDets=100 ] = 0.012
 Average Precision  (AP) @[ IoU=0.50:0.95 | area=medium | maxDets=100 ] = 0.164
 Average Precision  (AP) @[ IoU=0.50:0.95 | area= large | maxDets=100 ] = 0.467
 Average Recall     (AR) @[ IoU=0.50:0.95 | area=   all | maxDets=  1 ] = 0.017
 Average Recall     (AR) @[ IoU=0.50:0.95 | area=   all | maxDets= 10 ] = 0.112
 Average Recall     (AR) @[ IoU=0.50:0.95 | area=   all | maxDets=100 ] = 0.214
 Average Recall     (AR) @[ IoU=0.50:0.95 | area= small | maxDets=100 ] = 0.021
 Average Recall     (AR) @[ IoU=0.50:0.95 | area=medium | maxDets=100 ] = 0.240
 Average Recall     (AR) @[ IoU=0.50:0.95 | area= large | maxDets=100 ] = 0.536

[NanoDet][01-25 12:46:11]INFO:
| class   | AP50   | mAP   | class   | AP50   | mAP   |
|:--------|:-------|:------|:--------|:-------|:------|
| sheep   | nan    | nan   | sheep   | 43.7   | 16.0  |
[NanoDet][01-25 12:46:11]INFO:Val_metrics: {'mAP': 0.16007169396383675, 'AP_50': 0.4374651523515466, 'AP_75': 0.07194246421701757, 'AP_small': 0.011822645398180369, 'AP_m': 0.16356589380620656, 'AP_l': 0.4671472209065965}
`Trainer.fit` stopped: `max_epochs=300` reached.
Loading and preparing results...
DONE (t=0.01s)
creating index...
index created!
Running per image evaluation...
Evaluate annotation type *bbox*
DONE (t=0.98s).
Accumulating evaluation results...
DONE (t=0.03s).
