[NanoDet][01-23 16:54:43]INFO:Setting up data...
[NanoDet][01-23 16:54:43]INFO:Creating model...
loading annotations into memory...
Done (t=0.01s)
creating index...
index created!
loading annotations into memory...
Done (t=0.00s)
creating index...
index created!
model size is  1.5x
init weights...
Finish initialize NanoDet-Plus Head.
GPU available: True (cuda), used: True
TPU available: False, using: 0 TPU cores
IPU available: False, using: 0 IPUs
HPU available: False, using: 0 HPUs
LOCAL_RANK: 0 - CUDA_VISIBLE_DEVICES: [0]

  | Name      | Type        | Params
------------------------------------------
0 | model     | NanoDetPlus | 7.7 M 
1 | avg_model | NanoDetPlus | 7.7 M 
------------------------------------------
15.5 M    Trainable params
0         Non-trainable params
15.5 M    Total params
61.937    Total estimated model params size (MB)
[NanoDet][01-23 16:54:44]INFO:Weight Averaging is enabled
/cluster/home/mariutor/.conda/envs/nanodet/lib/python3.10/site-packages/pytorch_lightning/trainer/trainer.py:1892: PossibleUserWarning: The number of training batches (11) is smaller than the logging interval Trainer(log_every_n_steps=50). Set a lower value for log_every_n_steps if you want to see logs for the training epoch.
  rank_zero_warn(
/cluster/home/mariutor/.conda/envs/nanodet/lib/python3.10/site-packages/torch/functional.py:504: UserWarning: torch.meshgrid: in an upcoming release, it will be required to pass the indexing argument. (Triggered internally at /opt/conda/conda-bld/pytorch_1666643003845/work/aten/src/ATen/native/TensorShape.cpp:3190.)
  return _VF.meshgrid(tensors, **kwargs)  # type: ignore[attr-defined]
[NanoDet][01-23 16:54:49]INFO:Train|Epoch1/300|Iter0(1/11)| mem:5.81G| lr:1.00e-07| loss_qfl:0.0166| loss_bbox:1.8740| loss_dfl:0.5236| aux_loss_qfl:0.0171| aux_loss_bbox:1.8593| aux_loss_dfl:0.5076| 
[NanoDet][01-23 16:55:19]INFO:Train|Epoch5/300|Iter50(7/11)| mem:4.19G| lr:1.00e-04| loss_qfl:0.3073| loss_bbox:1.9468| loss_dfl:0.4811| aux_loss_qfl:0.2308| aux_loss_bbox:1.3912| aux_loss_dfl:0.2172| 
[NanoDet][01-23 16:55:51]INFO:Train|Epoch10/300|Iter100(2/11)| mem:4.19G| lr:2.00e-04| loss_qfl:0.1430| loss_bbox:1.6072| loss_dfl:0.2632| aux_loss_qfl:0.1128| aux_loss_bbox:1.4430| aux_loss_dfl:0.2191| 
[NanoDet][01-23 16:55:56]INFO:Val|Epoch10/300|Iter110(1/3)| mem:4.19G| lr:2.18e-04| loss_qfl:0.3211| loss_bbox:1.4068| loss_dfl:0.2649| aux_loss_qfl:0.2795| aux_loss_bbox:1.2949| aux_loss_dfl:0.2119| 
[NanoDet][01-23 16:55:58]INFO:
 Average Precision  (AP) @[ IoU=0.50:0.95 | area=   all | maxDets=100 ] = 0.000
 Average Precision  (AP) @[ IoU=0.50      | area=   all | maxDets=100 ] = 0.001
 Average Precision  (AP) @[ IoU=0.75      | area=   all | maxDets=100 ] = 0.000
 Average Precision  (AP) @[ IoU=0.50:0.95 | area= small | maxDets=100 ] = 0.000
 Average Precision  (AP) @[ IoU=0.50:0.95 | area=medium | maxDets=100 ] = 0.000
 Average Precision  (AP) @[ IoU=0.50:0.95 | area= large | maxDets=100 ] = 0.009
 Average Recall     (AR) @[ IoU=0.50:0.95 | area=   all | maxDets=  1 ] = 0.000
 Average Recall     (AR) @[ IoU=0.50:0.95 | area=   all | maxDets= 10 ] = 0.003
 Average Recall     (AR) @[ IoU=0.50:0.95 | area=   all | maxDets=100 ] = 0.008
 Average Recall     (AR) @[ IoU=0.50:0.95 | area= small | maxDets=100 ] = 0.000
 Average Recall     (AR) @[ IoU=0.50:0.95 | area=medium | maxDets=100 ] = 0.011
 Average Recall     (AR) @[ IoU=0.50:0.95 | area= large | maxDets=100 ] = 0.009

[NanoDet][01-23 16:55:58]INFO:
| class   | AP50   | mAP   | class   | AP50   | mAP   |
|:--------|:-------|:------|:--------|:-------|:------|
| sheep   | nan    | nan   | sheep   | 0.1    | 0.0   |
[NanoDet][01-23 16:55:58]INFO:Saving model to workspace/original_300/model_best/nanodet_model_best.pth
[NanoDet][01-23 16:55:58]INFO:Val_metrics: {'mAP': 0.00019304814103057475, 'AP_50': 0.0013323908248067137, 'AP_75': 0.0, 'AP_small': 0.0, 'AP_m': 0.00021490824872566543, 'AP_l': 0.00853960396039604}
Loading and preparing results...
DONE (t=0.01s)
creating index...
index created!
Running per image evaluation...
Evaluate annotation type *bbox*
DONE (t=0.80s).
Accumulating evaluation results...
DONE (t=0.03s).
[NanoDet][01-23 16:56:24]INFO:Train|Epoch14/300|Iter150(8/11)| mem:4.19G| lr:3.00e-04| loss_qfl:0.1753| loss_bbox:1.4132| loss_dfl:0.2768| aux_loss_qfl:0.1466| aux_loss_bbox:1.3108| aux_loss_dfl:0.2185| 
[NanoDet][01-23 16:56:55]INFO:Train|Epoch19/300|Iter200(3/11)| mem:4.19G| lr:4.00e-04| loss_qfl:0.1505| loss_bbox:1.3137| loss_dfl:0.2283| aux_loss_qfl:0.1422| aux_loss_bbox:1.3566| aux_loss_dfl:0.2398| 
[NanoDet][01-23 16:57:07]INFO:Val|Epoch20/300|Iter220(1/3)| mem:4.19G| lr:4.38e-04| loss_qfl:0.3305| loss_bbox:1.1037| loss_dfl:0.1998| aux_loss_qfl:0.2422| aux_loss_bbox:1.0911| aux_loss_dfl:0.2111| 
[NanoDet][01-23 16:57:08]INFO:
 Average Precision  (AP) @[ IoU=0.50:0.95 | area=   all | maxDets=100 ] = 0.015
 Average Precision  (AP) @[ IoU=0.50      | area=   all | maxDets=100 ] = 0.054
 Average Precision  (AP) @[ IoU=0.75      | area=   all | maxDets=100 ] = 0.010
 Average Precision  (AP) @[ IoU=0.50:0.95 | area= small | maxDets=100 ] = 0.000
 Average Precision  (AP) @[ IoU=0.50:0.95 | area=medium | maxDets=100 ] = 0.011
 Average Precision  (AP) @[ IoU=0.50:0.95 | area= large | maxDets=100 ] = 0.065
 Average Recall     (AR) @[ IoU=0.50:0.95 | area=   all | maxDets=  1 ] = 0.003
 Average Recall     (AR) @[ IoU=0.50:0.95 | area=   all | maxDets= 10 ] = 0.020
 Average Recall     (AR) @[ IoU=0.50:0.95 | area=   all | maxDets=100 ] = 0.049
 Average Recall     (AR) @[ IoU=0.50:0.95 | area= small | maxDets=100 ] = 0.000
 Average Recall     (AR) @[ IoU=0.50:0.95 | area=medium | maxDets=100 ] = 0.033
 Average Recall     (AR) @[ IoU=0.50:0.95 | area= large | maxDets=100 ] = 0.262

[NanoDet][01-23 16:57:08]INFO:
| class   | AP50   | mAP   | class   | AP50   | mAP   |
|:--------|:-------|:------|:--------|:-------|:------|
| sheep   | nan    | nan   | sheep   | 5.4    | 1.5   |
[NanoDet][01-23 16:57:09]INFO:Saving model to workspace/original_300/model_best/nanodet_model_best.pth
[NanoDet][01-23 16:57:09]INFO:Val_metrics: {'mAP': 0.014592499773003286, 'AP_50': 0.05406192411677229, 'AP_75': 0.009936350777934934, 'AP_small': 0.0, 'AP_m': 0.010853382697418102, 'AP_l': 0.06474901395604782}
Loading and preparing results...
DONE (t=0.02s)
creating index...
index created!
Running per image evaluation...
Evaluate annotation type *bbox*
DONE (t=1.10s).
Accumulating evaluation results...
DONE (t=0.03s).
[NanoDet][01-23 16:57:28]INFO:Train|Epoch23/300|Iter250(9/11)| mem:4.19G| lr:5.00e-04| loss_qfl:0.2122| loss_bbox:0.9944| loss_dfl:0.2063| aux_loss_qfl:0.1785| aux_loss_bbox:1.0239| aux_loss_dfl:0.2125| 
[NanoDet][01-23 16:58:00]INFO:Train|Epoch28/300|Iter300(4/11)| mem:4.19G| lr:6.00e-04| loss_qfl:0.2377| loss_bbox:1.1369| loss_dfl:0.2019| aux_loss_qfl:0.1998| aux_loss_bbox:1.0772| aux_loss_dfl:0.2038| 
[NanoDet][01-23 16:58:18]INFO:Val|Epoch30/300|Iter330(1/3)| mem:4.19G| lr:6.57e-04| loss_qfl:0.2537| loss_bbox:0.9536| loss_dfl:0.1840| aux_loss_qfl:0.2212| aux_loss_bbox:0.8970| aux_loss_dfl:0.1825| 
[NanoDet][01-23 16:58:20]INFO:
 Average Precision  (AP) @[ IoU=0.50:0.95 | area=   all | maxDets=100 ] = 0.025
 Average Precision  (AP) @[ IoU=0.50      | area=   all | maxDets=100 ] = 0.103
 Average Precision  (AP) @[ IoU=0.75      | area=   all | maxDets=100 ] = 0.003
 Average Precision  (AP) @[ IoU=0.50:0.95 | area= small | maxDets=100 ] = 0.000
 Average Precision  (AP) @[ IoU=0.50:0.95 | area=medium | maxDets=100 ] = 0.021
 Average Precision  (AP) @[ IoU=0.50:0.95 | area= large | maxDets=100 ] = 0.124
 Average Recall     (AR) @[ IoU=0.50:0.95 | area=   all | maxDets=  1 ] = 0.005
 Average Recall     (AR) @[ IoU=0.50:0.95 | area=   all | maxDets= 10 ] = 0.031
 Average Recall     (AR) @[ IoU=0.50:0.95 | area=   all | maxDets=100 ] = 0.071
 Average Recall     (AR) @[ IoU=0.50:0.95 | area= small | maxDets=100 ] = 0.000
 Average Recall     (AR) @[ IoU=0.50:0.95 | area=medium | maxDets=100 ] = 0.056
 Average Recall     (AR) @[ IoU=0.50:0.95 | area= large | maxDets=100 ] = 0.332

[NanoDet][01-23 16:58:20]INFO:
| class   | AP50   | mAP   | class   | AP50   | mAP   |
|:--------|:-------|:------|:--------|:-------|:------|
| sheep   | nan    | nan   | sheep   | 10.3   | 2.5   |
[NanoDet][01-23 16:58:20]INFO:Saving model to workspace/original_300/model_best/nanodet_model_best.pth
[NanoDet][01-23 16:58:20]INFO:Val_metrics: {'mAP': 0.024878894066, 'AP_50': 0.1025249926118476, 'AP_75': 0.0025521537116117627, 'AP_small': 0.0, 'AP_m': 0.020560544332568004, 'AP_l': 0.12445799421861044}
Loading and preparing results...
DONE (t=0.12s)
creating index...
index created!
Running per image evaluation...
Evaluate annotation type *bbox*
DONE (t=1.09s).
Accumulating evaluation results...
DONE (t=0.03s).
[NanoDet][01-23 16:58:34]INFO:Train|Epoch32/300|Iter350(10/11)| mem:4.19G| lr:7.00e-04| loss_qfl:0.2190| loss_bbox:0.8559| loss_dfl:0.1976| aux_loss_qfl:0.2014| aux_loss_bbox:0.8498| aux_loss_dfl:0.1977| 
[NanoDet][01-23 16:59:05]INFO:Train|Epoch37/300|Iter400(5/11)| mem:4.19G| lr:8.00e-04| loss_qfl:0.2034| loss_bbox:0.8980| loss_dfl:0.1897| aux_loss_qfl:0.1839| aux_loss_bbox:0.9224| aux_loss_dfl:0.1968| 
[NanoDet][01-23 16:59:30]INFO:Val|Epoch40/300|Iter440(1/3)| mem:4.19G| lr:8.76e-04| loss_qfl:0.2642| loss_bbox:1.0471| loss_dfl:0.1892| aux_loss_qfl:0.2293| aux_loss_bbox:0.9624| aux_loss_dfl:0.1857| 
[NanoDet][01-23 16:59:31]INFO:
 Average Precision  (AP) @[ IoU=0.50:0.95 | area=   all | maxDets=100 ] = 0.022
 Average Precision  (AP) @[ IoU=0.50      | area=   all | maxDets=100 ] = 0.095
 Average Precision  (AP) @[ IoU=0.75      | area=   all | maxDets=100 ] = 0.003
 Average Precision  (AP) @[ IoU=0.50:0.95 | area= small | maxDets=100 ] = 0.000
 Average Precision  (AP) @[ IoU=0.50:0.95 | area=medium | maxDets=100 ] = 0.020
 Average Precision  (AP) @[ IoU=0.50:0.95 | area= large | maxDets=100 ] = 0.100
 Average Recall     (AR) @[ IoU=0.50:0.95 | area=   all | maxDets=  1 ] = 0.005
 Average Recall     (AR) @[ IoU=0.50:0.95 | area=   all | maxDets= 10 ] = 0.029
 Average Recall     (AR) @[ IoU=0.50:0.95 | area=   all | maxDets=100 ] = 0.078
 Average Recall     (AR) @[ IoU=0.50:0.95 | area= small | maxDets=100 ] = 0.000
 Average Recall     (AR) @[ IoU=0.50:0.95 | area=medium | maxDets=100 ] = 0.068
 Average Recall     (AR) @[ IoU=0.50:0.95 | area= large | maxDets=100 ] = 0.327

[NanoDet][01-23 16:59:31]INFO:
| class   | AP50   | mAP   | class   | AP50   | mAP   |
|:--------|:-------|:------|:--------|:-------|:------|
| sheep   | nan    | nan   | sheep   | 9.5    | 2.2   |
/cluster/home/mariutor/nanodet/nanodet/trainer/task.py:183: UserWarning: Warning! Save_key is not in eval results! Only save model last!
  warnings.warn(
[NanoDet][01-23 16:59:31]INFO:Val_metrics: {'mAP': 0.021590220489004597, 'AP_50': 0.09527146665708451, 'AP_75': 0.0025518286607721123, 'AP_small': 0.0, 'AP_m': 0.019583755914182658, 'AP_l': 0.10013204745568469}
Loading and preparing results...
DONE (t=0.02s)
creating index...
index created!
Running per image evaluation...
Evaluate annotation type *bbox*
DONE (t=1.09s).
Accumulating evaluation results...
DONE (t=0.03s).
[NanoDet][01-23 16:59:38]INFO:Train|Epoch41/300|Iter450(11/11)| mem:4.19G| lr:9.00e-04| loss_qfl:0.2154| loss_bbox:0.8978| loss_dfl:0.2028| aux_loss_qfl:0.1957| aux_loss_bbox:0.8786| aux_loss_dfl:0.1996| 
[NanoDet][01-23 17:00:10]INFO:Train|Epoch46/300|Iter500(6/11)| mem:4.19G| lr:1.00e-03| loss_qfl:0.2154| loss_bbox:1.0785| loss_dfl:0.1937| aux_loss_qfl:0.2143| aux_loss_bbox:1.0379| aux_loss_dfl:0.1881| 
[NanoDet][01-23 17:00:42]INFO:Val|Epoch50/300|Iter550(1/3)| mem:4.19G| lr:9.87e-04| loss_qfl:0.1982| loss_bbox:0.9816| loss_dfl:0.1846| aux_loss_qfl:0.1848| aux_loss_bbox:1.0218| aux_loss_dfl:0.1950| 
[NanoDet][01-23 17:00:43]INFO:
 Average Precision  (AP) @[ IoU=0.50:0.95 | area=   all | maxDets=100 ] = 0.030
 Average Precision  (AP) @[ IoU=0.50      | area=   all | maxDets=100 ] = 0.119
 Average Precision  (AP) @[ IoU=0.75      | area=   all | maxDets=100 ] = 0.005
 Average Precision  (AP) @[ IoU=0.50:0.95 | area= small | maxDets=100 ] = 0.000
 Average Precision  (AP) @[ IoU=0.50:0.95 | area=medium | maxDets=100 ] = 0.038
 Average Precision  (AP) @[ IoU=0.50:0.95 | area= large | maxDets=100 ] = 0.098
 Average Recall     (AR) @[ IoU=0.50:0.95 | area=   all | maxDets=  1 ] = 0.006
 Average Recall     (AR) @[ IoU=0.50:0.95 | area=   all | maxDets= 10 ] = 0.040
 Average Recall     (AR) @[ IoU=0.50:0.95 | area=   all | maxDets=100 ] = 0.103
 Average Recall     (AR) @[ IoU=0.50:0.95 | area= small | maxDets=100 ] = 0.000
 Average Recall     (AR) @[ IoU=0.50:0.95 | area=medium | maxDets=100 ] = 0.104
 Average Recall     (AR) @[ IoU=0.50:0.95 | area= large | maxDets=100 ] = 0.349

[NanoDet][01-23 17:00:43]INFO:
| class   | AP50   | mAP   | class   | AP50   | mAP   |
|:--------|:-------|:------|:--------|:-------|:------|
| sheep   | nan    | nan   | sheep   | 11.9   | 3.0   |
[NanoDet][01-23 17:00:44]INFO:Saving model to workspace/original_300/model_best/nanodet_model_best.pth
[NanoDet][01-23 17:00:44]INFO:Val_metrics: {'mAP': 0.030046964647113067, 'AP_50': 0.11910922180391165, 'AP_75': 0.004702340659322376, 'AP_small': 0.0, 'AP_m': 0.03797656981988077, 'AP_l': 0.09838596099700433}
Loading and preparing results...
DONE (t=0.02s)
creating index...
index created!
Running per image evaluation...
Evaluate annotation type *bbox*
DONE (t=1.08s).
Accumulating evaluation results...
DONE (t=0.03s).
[NanoDet][01-23 17:00:48]INFO:Train|Epoch51/300|Iter550(1/11)| mem:4.19G| lr:9.87e-04| loss_qfl:0.2474| loss_bbox:0.9114| loss_dfl:0.1832| aux_loss_qfl:0.1871| aux_loss_bbox:0.8862| aux_loss_dfl:0.1836| 
[NanoDet][01-23 17:01:16]INFO:Train|Epoch55/300|Iter600(7/11)| mem:4.19G| lr:9.77e-04| loss_qfl:0.2008| loss_bbox:0.8581| loss_dfl:0.1762| aux_loss_qfl:0.2030| aux_loss_bbox:0.8639| aux_loss_dfl:0.1710| 
[NanoDet][01-23 17:01:48]INFO:Train|Epoch60/300|Iter650(2/11)| mem:4.19G| lr:9.62e-04| loss_qfl:0.2513| loss_bbox:0.9535| loss_dfl:0.1635| aux_loss_qfl:0.2151| aux_loss_bbox:0.9306| aux_loss_dfl:0.1617| 
[NanoDet][01-23 17:01:53]INFO:Val|Epoch60/300|Iter660(1/3)| mem:4.19G| lr:9.59e-04| loss_qfl:0.2047| loss_bbox:0.9457| loss_dfl:0.1750| aux_loss_qfl:0.1972| aux_loss_bbox:0.9242| aux_loss_dfl:0.1785| 
[NanoDet][01-23 17:01:55]INFO:
 Average Precision  (AP) @[ IoU=0.50:0.95 | area=   all | maxDets=100 ] = 0.055
 Average Precision  (AP) @[ IoU=0.50      | area=   all | maxDets=100 ] = 0.194
 Average Precision  (AP) @[ IoU=0.75      | area=   all | maxDets=100 ] = 0.014
 Average Precision  (AP) @[ IoU=0.50:0.95 | area= small | maxDets=100 ] = 0.000
 Average Precision  (AP) @[ IoU=0.50:0.95 | area=medium | maxDets=100 ] = 0.043
 Average Precision  (AP) @[ IoU=0.50:0.95 | area= large | maxDets=100 ] = 0.230
 Average Recall     (AR) @[ IoU=0.50:0.95 | area=   all | maxDets=  1 ] = 0.010
 Average Recall     (AR) @[ IoU=0.50:0.95 | area=   all | maxDets= 10 ] = 0.057
 Average Recall     (AR) @[ IoU=0.50:0.95 | area=   all | maxDets=100 ] = 0.112
 Average Recall     (AR) @[ IoU=0.50:0.95 | area= small | maxDets=100 ] = 0.001
 Average Recall     (AR) @[ IoU=0.50:0.95 | area=medium | maxDets=100 ] = 0.110
 Average Recall     (AR) @[ IoU=0.50:0.95 | area= large | maxDets=100 ] = 0.394

[NanoDet][01-23 17:01:55]INFO:
| class   | AP50   | mAP   | class   | AP50   | mAP   |
|:--------|:-------|:------|:--------|:-------|:------|
| sheep   | nan    | nan   | sheep   | 19.4   | 5.5   |
[NanoDet][01-23 17:01:55]INFO:Saving model to workspace/original_300/model_best/nanodet_model_best.pth
[NanoDet][01-23 17:01:55]INFO:Val_metrics: {'mAP': 0.05526688673926297, 'AP_50': 0.19443784734443353, 'AP_75': 0.013568318776909404, 'AP_small': 2.016059300359159e-05, 'AP_m': 0.04318947361680788, 'AP_l': 0.2299030215330939}
Loading and preparing results...
DONE (t=0.02s)
creating index...
index created!
Running per image evaluation...
Evaluate annotation type *bbox*
DONE (t=1.07s).
Accumulating evaluation results...
DONE (t=0.03s).
[NanoDet][01-23 17:02:21]INFO:Train|Epoch64/300|Iter700(8/11)| mem:4.19G| lr:9.49e-04| loss_qfl:0.1757| loss_bbox:0.8657| loss_dfl:0.1700| aux_loss_qfl:0.2082| aux_loss_bbox:0.9325| aux_loss_dfl:0.1751| 
[NanoDet][01-23 17:02:53]INFO:Train|Epoch69/300|Iter750(3/11)| mem:4.19G| lr:9.33e-04| loss_qfl:0.1924| loss_bbox:0.7476| loss_dfl:0.1644| aux_loss_qfl:0.1797| aux_loss_bbox:0.7412| aux_loss_dfl:0.1628| 
[NanoDet][01-23 17:03:04]INFO:Val|Epoch70/300|Iter770(1/3)| mem:4.19G| lr:9.26e-04| loss_qfl:0.2052| loss_bbox:0.8544| loss_dfl:0.1686| aux_loss_qfl:0.1843| aux_loss_bbox:0.8652| aux_loss_dfl:0.1781| 
[NanoDet][01-23 17:03:06]INFO:
 Average Precision  (AP) @[ IoU=0.50:0.95 | area=   all | maxDets=100 ] = 0.071
 Average Precision  (AP) @[ IoU=0.50      | area=   all | maxDets=100 ] = 0.252
 Average Precision  (AP) @[ IoU=0.75      | area=   all | maxDets=100 ] = 0.021
 Average Precision  (AP) @[ IoU=0.50:0.95 | area= small | maxDets=100 ] = 0.001
 Average Precision  (AP) @[ IoU=0.50:0.95 | area=medium | maxDets=100 ] = 0.067
 Average Precision  (AP) @[ IoU=0.50:0.95 | area= large | maxDets=100 ] = 0.261
 Average Recall     (AR) @[ IoU=0.50:0.95 | area=   all | maxDets=  1 ] = 0.011
 Average Recall     (AR) @[ IoU=0.50:0.95 | area=   all | maxDets= 10 ] = 0.067
 Average Recall     (AR) @[ IoU=0.50:0.95 | area=   all | maxDets=100 ] = 0.132
 Average Recall     (AR) @[ IoU=0.50:0.95 | area= small | maxDets=100 ] = 0.000
 Average Recall     (AR) @[ IoU=0.50:0.95 | area=medium | maxDets=100 ] = 0.137
 Average Recall     (AR) @[ IoU=0.50:0.95 | area= large | maxDets=100 ] = 0.422

[NanoDet][01-23 17:03:06]INFO:
| class   | AP50   | mAP   | class   | AP50   | mAP   |
|:--------|:-------|:------|:--------|:-------|:------|
| sheep   | nan    | nan   | sheep   | 25.2   | 7.1   |
[NanoDet][01-23 17:03:06]INFO:Saving model to workspace/original_300/model_best/nanodet_model_best.pth
[NanoDet][01-23 17:03:07]INFO:Val_metrics: {'mAP': 0.07098100932310523, 'AP_50': 0.252149362536932, 'AP_75': 0.020827909203313726, 'AP_small': 0.00099009900990099, 'AP_m': 0.06653937953382465, 'AP_l': 0.26068471328184356}
Loading and preparing results...
DONE (t=0.02s)
creating index...
index created!
Running per image evaluation...
Evaluate annotation type *bbox*
DONE (t=1.07s).
Accumulating evaluation results...
DONE (t=0.03s).
[NanoDet][01-23 17:03:26]INFO:Train|Epoch73/300|Iter800(9/11)| mem:4.19G| lr:9.19e-04| loss_qfl:0.1993| loss_bbox:0.8643| loss_dfl:0.1610| aux_loss_qfl:0.1990| aux_loss_bbox:0.8698| aux_loss_dfl:0.1626| 
[NanoDet][01-23 17:03:58]INFO:Train|Epoch78/300|Iter850(4/11)| mem:4.19G| lr:9.00e-04| loss_qfl:0.1667| loss_bbox:0.9555| loss_dfl:0.1648| aux_loss_qfl:0.1650| aux_loss_bbox:0.9673| aux_loss_dfl:0.1654| 
[NanoDet][01-23 17:04:16]INFO:Val|Epoch80/300|Iter880(1/3)| mem:4.19G| lr:8.89e-04| loss_qfl:0.2191| loss_bbox:0.7775| loss_dfl:0.1659| aux_loss_qfl:0.1998| aux_loss_bbox:0.7801| aux_loss_dfl:0.1684| 
[NanoDet][01-23 17:04:18]INFO:
 Average Precision  (AP) @[ IoU=0.50:0.95 | area=   all | maxDets=100 ] = 0.083
 Average Precision  (AP) @[ IoU=0.50      | area=   all | maxDets=100 ] = 0.260
 Average Precision  (AP) @[ IoU=0.75      | area=   all | maxDets=100 ] = 0.032
 Average Precision  (AP) @[ IoU=0.50:0.95 | area= small | maxDets=100 ] = 0.002
 Average Precision  (AP) @[ IoU=0.50:0.95 | area=medium | maxDets=100 ] = 0.077
 Average Precision  (AP) @[ IoU=0.50:0.95 | area= large | maxDets=100 ] = 0.323
 Average Recall     (AR) @[ IoU=0.50:0.95 | area=   all | maxDets=  1 ] = 0.013
 Average Recall     (AR) @[ IoU=0.50:0.95 | area=   all | maxDets= 10 ] = 0.076
 Average Recall     (AR) @[ IoU=0.50:0.95 | area=   all | maxDets=100 ] = 0.141
 Average Recall     (AR) @[ IoU=0.50:0.95 | area= small | maxDets=100 ] = 0.002
 Average Recall     (AR) @[ IoU=0.50:0.95 | area=medium | maxDets=100 ] = 0.143
 Average Recall     (AR) @[ IoU=0.50:0.95 | area= large | maxDets=100 ] = 0.469

[NanoDet][01-23 17:04:18]INFO:
| class   | AP50   | mAP   | class   | AP50   | mAP   |
|:--------|:-------|:------|:--------|:-------|:------|
| sheep   | nan    | nan   | sheep   | 26.0   | 8.3   |
[NanoDet][01-23 17:04:18]INFO:Saving model to workspace/original_300/model_best/nanodet_model_best.pth
[NanoDet][01-23 17:04:18]INFO:Val_metrics: {'mAP': 0.08333466319052776, 'AP_50': 0.2595671536808808, 'AP_75': 0.032280873219269944, 'AP_small': 0.0019801980198019802, 'AP_m': 0.0771634035284815, 'AP_l': 0.3226834496237619}
Loading and preparing results...
DONE (t=0.02s)
creating index...
index created!
Running per image evaluation...
Evaluate annotation type *bbox*
DONE (t=1.07s).
Accumulating evaluation results...
DONE (t=0.03s).
[NanoDet][01-23 17:04:32]INFO:Train|Epoch82/300|Iter900(10/11)| mem:4.19G| lr:8.85e-04| loss_qfl:0.1418| loss_bbox:0.8249| loss_dfl:0.1672| aux_loss_qfl:0.1369| aux_loss_bbox:0.8511| aux_loss_dfl:0.1640| 
[NanoDet][01-23 17:05:03]INFO:Train|Epoch87/300|Iter950(5/11)| mem:4.19G| lr:8.64e-04| loss_qfl:0.1754| loss_bbox:0.8539| loss_dfl:0.1566| aux_loss_qfl:0.1693| aux_loss_bbox:0.8400| aux_loss_dfl:0.1577| 
[NanoDet][01-23 17:05:28]INFO:Val|Epoch90/300|Iter990(1/3)| mem:4.19G| lr:8.48e-04| loss_qfl:0.2052| loss_bbox:0.7649| loss_dfl:0.1639| aux_loss_qfl:0.1815| aux_loss_bbox:0.7648| aux_loss_dfl:0.1678| 
[NanoDet][01-23 17:05:29]INFO:
 Average Precision  (AP) @[ IoU=0.50:0.95 | area=   all | maxDets=100 ] = 0.085
 Average Precision  (AP) @[ IoU=0.50      | area=   all | maxDets=100 ] = 0.283
 Average Precision  (AP) @[ IoU=0.75      | area=   all | maxDets=100 ] = 0.024
 Average Precision  (AP) @[ IoU=0.50:0.95 | area= small | maxDets=100 ] = 0.001
 Average Precision  (AP) @[ IoU=0.50:0.95 | area=medium | maxDets=100 ] = 0.076
 Average Precision  (AP) @[ IoU=0.50:0.95 | area= large | maxDets=100 ] = 0.326
 Average Recall     (AR) @[ IoU=0.50:0.95 | area=   all | maxDets=  1 ] = 0.012
 Average Recall     (AR) @[ IoU=0.50:0.95 | area=   all | maxDets= 10 ] = 0.075
 Average Recall     (AR) @[ IoU=0.50:0.95 | area=   all | maxDets=100 ] = 0.143
 Average Recall     (AR) @[ IoU=0.50:0.95 | area= small | maxDets=100 ] = 0.002
 Average Recall     (AR) @[ IoU=0.50:0.95 | area=medium | maxDets=100 ] = 0.146
 Average Recall     (AR) @[ IoU=0.50:0.95 | area= large | maxDets=100 ] = 0.466

[NanoDet][01-23 17:05:29]INFO:
| class   | AP50   | mAP   | class   | AP50   | mAP   |
|:--------|:-------|:------|:--------|:-------|:------|
| sheep   | nan    | nan   | sheep   | 28.3   | 8.5   |
[NanoDet][01-23 17:05:30]INFO:Saving model to workspace/original_300/model_best/nanodet_model_best.pth
[NanoDet][01-23 17:05:30]INFO:Val_metrics: {'mAP': 0.08508770592708931, 'AP_50': 0.28282919287375613, 'AP_75': 0.023833226409501286, 'AP_small': 0.0011810466760961808, 'AP_m': 0.07599684533762535, 'AP_l': 0.3256832319969482}
Loading and preparing results...
DONE (t=0.02s)
creating index...
index created!
Running per image evaluation...
Evaluate annotation type *bbox*
DONE (t=1.07s).
Accumulating evaluation results...
DONE (t=0.03s).
[NanoDet][01-23 17:05:37]INFO:Train|Epoch91/300|Iter1000(11/11)| mem:4.19G| lr:8.48e-04| loss_qfl:0.1950| loss_bbox:0.8074| loss_dfl:0.1622| aux_loss_qfl:0.1831| aux_loss_bbox:0.7902| aux_loss_dfl:0.1627| 
[NanoDet][01-23 17:06:09]INFO:Train|Epoch96/300|Iter1050(6/11)| mem:4.19G| lr:8.26e-04| loss_qfl:0.1884| loss_bbox:0.7534| loss_dfl:0.1891| aux_loss_qfl:0.1813| aux_loss_bbox:0.6247| aux_loss_dfl:0.1744| 
[NanoDet][01-23 17:06:40]INFO:Val|Epoch100/300|Iter1100(1/3)| mem:4.19G| lr:8.04e-04| loss_qfl:0.1918| loss_bbox:0.8369| loss_dfl:0.1682| aux_loss_qfl:0.1843| aux_loss_bbox:0.8329| aux_loss_dfl:0.1707| 
[NanoDet][01-23 17:06:42]INFO:
 Average Precision  (AP) @[ IoU=0.50:0.95 | area=   all | maxDets=100 ] = 0.082
 Average Precision  (AP) @[ IoU=0.50      | area=   all | maxDets=100 ] = 0.265
 Average Precision  (AP) @[ IoU=0.75      | area=   all | maxDets=100 ] = 0.022
 Average Precision  (AP) @[ IoU=0.50:0.95 | area= small | maxDets=100 ] = 0.003
 Average Precision  (AP) @[ IoU=0.50:0.95 | area=medium | maxDets=100 ] = 0.077
 Average Precision  (AP) @[ IoU=0.50:0.95 | area= large | maxDets=100 ] = 0.312
 Average Recall     (AR) @[ IoU=0.50:0.95 | area=   all | maxDets=  1 ] = 0.011
 Average Recall     (AR) @[ IoU=0.50:0.95 | area=   all | maxDets= 10 ] = 0.072
 Average Recall     (AR) @[ IoU=0.50:0.95 | area=   all | maxDets=100 ] = 0.137
 Average Recall     (AR) @[ IoU=0.50:0.95 | area= small | maxDets=100 ] = 0.011
 Average Recall     (AR) @[ IoU=0.50:0.95 | area=medium | maxDets=100 ] = 0.137
 Average Recall     (AR) @[ IoU=0.50:0.95 | area= large | maxDets=100 ] = 0.447

[NanoDet][01-23 17:06:42]INFO:
| class   | AP50   | mAP   | class   | AP50   | mAP   |
|:--------|:-------|:------|:--------|:-------|:------|
| sheep   | nan    | nan   | sheep   | 26.5   | 8.2   |
[NanoDet][01-23 17:06:42]INFO:Val_metrics: {'mAP': 0.08185636749974144, 'AP_50': 0.26525071571422604, 'AP_75': 0.02219138218183163, 'AP_small': 0.003343521293802601, 'AP_m': 0.07651865739713785, 'AP_l': 0.31212418346905985}
Loading and preparing results...
DONE (t=0.02s)
creating index...
index created!
Running per image evaluation...
Evaluate annotation type *bbox*
DONE (t=1.06s).
Accumulating evaluation results...
DONE (t=0.03s).
[NanoDet][01-23 17:06:46]INFO:Train|Epoch101/300|Iter1100(1/11)| mem:4.19G| lr:8.04e-04| loss_qfl:0.2004| loss_bbox:0.7486| loss_dfl:0.1795| aux_loss_qfl:0.1731| aux_loss_bbox:0.7399| aux_loss_dfl:0.1801| 
[NanoDet][01-23 17:07:14]INFO:Train|Epoch105/300|Iter1150(7/11)| mem:4.19G| lr:7.85e-04| loss_qfl:0.2615| loss_bbox:0.7134| loss_dfl:0.1581| aux_loss_qfl:0.2612| aux_loss_bbox:0.7015| aux_loss_dfl:0.1590| 
[NanoDet][01-23 17:07:45]INFO:Train|Epoch110/300|Iter1200(2/11)| mem:4.19G| lr:7.62e-04| loss_qfl:0.1705| loss_bbox:0.8105| loss_dfl:0.1558| aux_loss_qfl:0.1675| aux_loss_bbox:0.8090| aux_loss_dfl:0.1555| 
[NanoDet][01-23 17:07:51]INFO:Val|Epoch110/300|Iter1210(1/3)| mem:4.19G| lr:7.57e-04| loss_qfl:0.2222| loss_bbox:0.7305| loss_dfl:0.1642| aux_loss_qfl:0.1941| aux_loss_bbox:0.7220| aux_loss_dfl:0.1635| 
[NanoDet][01-23 17:07:52]INFO:
 Average Precision  (AP) @[ IoU=0.50:0.95 | area=   all | maxDets=100 ] = 0.097
 Average Precision  (AP) @[ IoU=0.50      | area=   all | maxDets=100 ] = 0.313
 Average Precision  (AP) @[ IoU=0.75      | area=   all | maxDets=100 ] = 0.029
 Average Precision  (AP) @[ IoU=0.50:0.95 | area= small | maxDets=100 ] = 0.003
 Average Precision  (AP) @[ IoU=0.50:0.95 | area=medium | maxDets=100 ] = 0.091
 Average Precision  (AP) @[ IoU=0.50:0.95 | area= large | maxDets=100 ] = 0.343
 Average Recall     (AR) @[ IoU=0.50:0.95 | area=   all | maxDets=  1 ] = 0.014
 Average Recall     (AR) @[ IoU=0.50:0.95 | area=   all | maxDets= 10 ] = 0.089
 Average Recall     (AR) @[ IoU=0.50:0.95 | area=   all | maxDets=100 ] = 0.161
 Average Recall     (AR) @[ IoU=0.50:0.95 | area= small | maxDets=100 ] = 0.006
 Average Recall     (AR) @[ IoU=0.50:0.95 | area=medium | maxDets=100 ] = 0.173
 Average Recall     (AR) @[ IoU=0.50:0.95 | area= large | maxDets=100 ] = 0.474

[NanoDet][01-23 17:07:52]INFO:
| class   | AP50   | mAP   | class   | AP50   | mAP   |
|:--------|:-------|:------|:--------|:-------|:------|
| sheep   | nan    | nan   | sheep   | 31.3   | 9.7   |
[NanoDet][01-23 17:07:53]INFO:Saving model to workspace/original_300/model_best/nanodet_model_best.pth
[NanoDet][01-23 17:07:53]INFO:Val_metrics: {'mAP': 0.09718582742351303, 'AP_50': 0.31273765456475333, 'AP_75': 0.02906793877460933, 'AP_small': 0.0029819326470462175, 'AP_m': 0.09123084213103501, 'AP_l': 0.34322360566473464}
Loading and preparing results...
DONE (t=0.01s)
creating index...
index created!
Running per image evaluation...
Evaluate annotation type *bbox*
DONE (t=0.96s).
Accumulating evaluation results...
DONE (t=0.03s).
[NanoDet][01-23 17:08:19]INFO:Train|Epoch114/300|Iter1250(8/11)| mem:4.19G| lr:7.42e-04| loss_qfl:0.1798| loss_bbox:0.9443| loss_dfl:0.1614| aux_loss_qfl:0.1731| aux_loss_bbox:0.9495| aux_loss_dfl:0.1623| 
[NanoDet][01-23 17:08:51]INFO:Train|Epoch119/300|Iter1300(3/11)| mem:4.19G| lr:7.18e-04| loss_qfl:0.2289| loss_bbox:0.6487| loss_dfl:0.1701| aux_loss_qfl:0.2169| aux_loss_bbox:0.5931| aux_loss_dfl:0.1631| 
[NanoDet][01-23 17:09:03]INFO:Val|Epoch120/300|Iter1320(1/3)| mem:4.19G| lr:7.08e-04| loss_qfl:0.2263| loss_bbox:0.7649| loss_dfl:0.1637| aux_loss_qfl:0.2021| aux_loss_bbox:0.7116| aux_loss_dfl:0.1603| 
[NanoDet][01-23 17:09:04]INFO:
 Average Precision  (AP) @[ IoU=0.50:0.95 | area=   all | maxDets=100 ] = 0.094
 Average Precision  (AP) @[ IoU=0.50      | area=   all | maxDets=100 ] = 0.311
 Average Precision  (AP) @[ IoU=0.75      | area=   all | maxDets=100 ] = 0.026
 Average Precision  (AP) @[ IoU=0.50:0.95 | area= small | maxDets=100 ] = 0.004
 Average Precision  (AP) @[ IoU=0.50:0.95 | area=medium | maxDets=100 ] = 0.090
 Average Precision  (AP) @[ IoU=0.50:0.95 | area= large | maxDets=100 ] = 0.315
 Average Recall     (AR) @[ IoU=0.50:0.95 | area=   all | maxDets=  1 ] = 0.012
 Average Recall     (AR) @[ IoU=0.50:0.95 | area=   all | maxDets= 10 ] = 0.080
 Average Recall     (AR) @[ IoU=0.50:0.95 | area=   all | maxDets=100 ] = 0.150
 Average Recall     (AR) @[ IoU=0.50:0.95 | area= small | maxDets=100 ] = 0.003
 Average Recall     (AR) @[ IoU=0.50:0.95 | area=medium | maxDets=100 ] = 0.162
 Average Recall     (AR) @[ IoU=0.50:0.95 | area= large | maxDets=100 ] = 0.445

[NanoDet][01-23 17:09:04]INFO:
| class   | AP50   | mAP   | class   | AP50   | mAP   |
|:--------|:-------|:------|:--------|:-------|:------|
| sheep   | nan    | nan   | sheep   | 31.1   | 9.4   |
[NanoDet][01-23 17:09:04]INFO:Val_metrics: {'mAP': 0.09366332247156677, 'AP_50': 0.3112537696559036, 'AP_75': 0.026137951170343985, 'AP_small': 0.0037128712871287123, 'AP_m': 0.09024458265984499, 'AP_l': 0.31457146521858703}
Loading and preparing results...
DONE (t=0.02s)
creating index...
index created!
Running per image evaluation...
Evaluate annotation type *bbox*
DONE (t=1.06s).
Accumulating evaluation results...
DONE (t=0.03s).
[NanoDet][01-23 17:09:24]INFO:Train|Epoch123/300|Iter1350(9/11)| mem:4.19G| lr:6.98e-04| loss_qfl:0.1986| loss_bbox:0.7095| loss_dfl:0.1598| aux_loss_qfl:0.1925| aux_loss_bbox:0.7096| aux_loss_dfl:0.1579| 
[NanoDet][01-23 17:09:56]INFO:Train|Epoch128/300|Iter1400(4/11)| mem:4.19G| lr:6.72e-04| loss_qfl:0.1881| loss_bbox:0.6122| loss_dfl:0.1608| aux_loss_qfl:0.1741| aux_loss_bbox:0.6128| aux_loss_dfl:0.1604| 
[NanoDet][01-23 17:10:14]INFO:Val|Epoch130/300|Iter1430(1/3)| mem:4.19G| lr:6.57e-04| loss_qfl:0.2139| loss_bbox:0.7318| loss_dfl:0.1630| aux_loss_qfl:0.1932| aux_loss_bbox:0.7354| aux_loss_dfl:0.1646| 
[NanoDet][01-23 17:10:16]INFO:
 Average Precision  (AP) @[ IoU=0.50:0.95 | area=   all | maxDets=100 ] = 0.104
 Average Precision  (AP) @[ IoU=0.50      | area=   all | maxDets=100 ] = 0.312
 Average Precision  (AP) @[ IoU=0.75      | area=   all | maxDets=100 ] = 0.036
 Average Precision  (AP) @[ IoU=0.50:0.95 | area= small | maxDets=100 ] = 0.002
 Average Precision  (AP) @[ IoU=0.50:0.95 | area=medium | maxDets=100 ] = 0.095
 Average Precision  (AP) @[ IoU=0.50:0.95 | area= large | maxDets=100 ] = 0.377
 Average Recall     (AR) @[ IoU=0.50:0.95 | area=   all | maxDets=  1 ] = 0.015
 Average Recall     (AR) @[ IoU=0.50:0.95 | area=   all | maxDets= 10 ] = 0.088
 Average Recall     (AR) @[ IoU=0.50:0.95 | area=   all | maxDets=100 ] = 0.160
 Average Recall     (AR) @[ IoU=0.50:0.95 | area= small | maxDets=100 ] = 0.004
 Average Recall     (AR) @[ IoU=0.50:0.95 | area=medium | maxDets=100 ] = 0.172
 Average Recall     (AR) @[ IoU=0.50:0.95 | area= large | maxDets=100 ] = 0.472

[NanoDet][01-23 17:10:16]INFO:
| class   | AP50   | mAP   | class   | AP50   | mAP   |
|:--------|:-------|:------|:--------|:-------|:------|
| sheep   | nan    | nan   | sheep   | 31.2   | 10.4  |
[NanoDet][01-23 17:10:16]INFO:Saving model to workspace/original_300/model_best/nanodet_model_best.pth
[NanoDet][01-23 17:10:16]INFO:Val_metrics: {'mAP': 0.10381032861216365, 'AP_50': 0.31169892041807895, 'AP_75': 0.0363903581593929, 'AP_small': 0.0023887004085023887, 'AP_m': 0.09464429645805245, 'AP_l': 0.3767344526047048}
Loading and preparing results...
DONE (t=0.13s)
creating index...
index created!
Running per image evaluation...
Evaluate annotation type *bbox*
DONE (t=1.07s).
Accumulating evaluation results...
DONE (t=0.03s).
[NanoDet][01-23 17:10:30]INFO:Train|Epoch132/300|Iter1450(10/11)| mem:4.19G| lr:6.52e-04| loss_qfl:0.2097| loss_bbox:0.7142| loss_dfl:0.1580| aux_loss_qfl:0.1902| aux_loss_bbox:0.7532| aux_loss_dfl:0.1614| 
[NanoDet][01-23 17:11:02]INFO:Train|Epoch137/300|Iter1500(5/11)| mem:4.19G| lr:6.26e-04| loss_qfl:0.1754| loss_bbox:0.6871| loss_dfl:0.1627| aux_loss_qfl:0.1644| aux_loss_bbox:0.6546| aux_loss_dfl:0.1571| 
[NanoDet][01-23 17:11:26]INFO:Val|Epoch140/300|Iter1540(1/3)| mem:4.19G| lr:6.05e-04| loss_qfl:0.2054| loss_bbox:0.7911| loss_dfl:0.1662| aux_loss_qfl:0.1884| aux_loss_bbox:0.7265| aux_loss_dfl:0.1652| 
[NanoDet][01-23 17:11:28]INFO:
 Average Precision  (AP) @[ IoU=0.50:0.95 | area=   all | maxDets=100 ] = 0.095
 Average Precision  (AP) @[ IoU=0.50      | area=   all | maxDets=100 ] = 0.303
 Average Precision  (AP) @[ IoU=0.75      | area=   all | maxDets=100 ] = 0.035
 Average Precision  (AP) @[ IoU=0.50:0.95 | area= small | maxDets=100 ] = 0.001
 Average Precision  (AP) @[ IoU=0.50:0.95 | area=medium | maxDets=100 ] = 0.088
 Average Precision  (AP) @[ IoU=0.50:0.95 | area= large | maxDets=100 ] = 0.347
 Average Recall     (AR) @[ IoU=0.50:0.95 | area=   all | maxDets=  1 ] = 0.012
 Average Recall     (AR) @[ IoU=0.50:0.95 | area=   all | maxDets= 10 ] = 0.083
 Average Recall     (AR) @[ IoU=0.50:0.95 | area=   all | maxDets=100 ] = 0.161
 Average Recall     (AR) @[ IoU=0.50:0.95 | area= small | maxDets=100 ] = 0.008
 Average Recall     (AR) @[ IoU=0.50:0.95 | area=medium | maxDets=100 ] = 0.175
 Average Recall     (AR) @[ IoU=0.50:0.95 | area= large | maxDets=100 ] = 0.456

[NanoDet][01-23 17:11:28]INFO:
| class   | AP50   | mAP   | class   | AP50   | mAP   |
|:--------|:-------|:------|:--------|:-------|:------|
| sheep   | nan    | nan   | sheep   | 30.3   | 9.5   |
[NanoDet][01-23 17:11:28]INFO:Val_metrics: {'mAP': 0.09543685627869256, 'AP_50': 0.3029502393116962, 'AP_75': 0.03540338646656099, 'AP_small': 0.0010846384638463847, 'AP_m': 0.08780524406389417, 'AP_l': 0.3470803190137876}
Loading and preparing results...
DONE (t=0.01s)
creating index...
index created!
Running per image evaluation...
Evaluate annotation type *bbox*
DONE (t=1.01s).
Accumulating evaluation results...
DONE (t=0.03s).
[NanoDet][01-23 17:11:35]INFO:Train|Epoch141/300|Iter1550(11/11)| mem:4.19G| lr:6.05e-04| loss_qfl:0.1993| loss_bbox:0.8123| loss_dfl:0.1578| aux_loss_qfl:0.1695| aux_loss_bbox:0.7686| aux_loss_dfl:0.1540| 
[NanoDet][01-23 17:12:06]INFO:Train|Epoch146/300|Iter1600(6/11)| mem:4.19G| lr:5.79e-04| loss_qfl:0.1586| loss_bbox:0.6725| loss_dfl:0.1661| aux_loss_qfl:0.1512| aux_loss_bbox:0.6620| aux_loss_dfl:0.1671| 
[NanoDet][01-23 17:12:38]INFO:Val|Epoch150/300|Iter1650(1/3)| mem:4.19G| lr:5.52e-04| loss_qfl:0.1892| loss_bbox:0.7185| loss_dfl:0.1615| aux_loss_qfl:0.1777| aux_loss_bbox:0.7247| aux_loss_dfl:0.1618| 
[NanoDet][01-23 17:12:39]INFO:
 Average Precision  (AP) @[ IoU=0.50:0.95 | area=   all | maxDets=100 ] = 0.111
 Average Precision  (AP) @[ IoU=0.50      | area=   all | maxDets=100 ] = 0.339
 Average Precision  (AP) @[ IoU=0.75      | area=   all | maxDets=100 ] = 0.049
 Average Precision  (AP) @[ IoU=0.50:0.95 | area= small | maxDets=100 ] = 0.002
 Average Precision  (AP) @[ IoU=0.50:0.95 | area=medium | maxDets=100 ] = 0.105
 Average Precision  (AP) @[ IoU=0.50:0.95 | area= large | maxDets=100 ] = 0.392
 Average Recall     (AR) @[ IoU=0.50:0.95 | area=   all | maxDets=  1 ] = 0.014
 Average Recall     (AR) @[ IoU=0.50:0.95 | area=   all | maxDets= 10 ] = 0.094
 Average Recall     (AR) @[ IoU=0.50:0.95 | area=   all | maxDets=100 ] = 0.174
 Average Recall     (AR) @[ IoU=0.50:0.95 | area= small | maxDets=100 ] = 0.010
 Average Recall     (AR) @[ IoU=0.50:0.95 | area=medium | maxDets=100 ] = 0.185
 Average Recall     (AR) @[ IoU=0.50:0.95 | area= large | maxDets=100 ] = 0.509

[NanoDet][01-23 17:12:39]INFO:
| class   | AP50   | mAP   | class   | AP50   | mAP   |
|:--------|:-------|:------|:--------|:-------|:------|
| sheep   | nan    | nan   | sheep   | 33.9   | 11.1  |
[NanoDet][01-23 17:12:40]INFO:Saving model to workspace/original_300/model_best/nanodet_model_best.pth
[NanoDet][01-23 17:12:40]INFO:Val_metrics: {'mAP': 0.1109782630625733, 'AP_50': 0.33932390031271453, 'AP_75': 0.04887214975536379, 'AP_small': 0.0016482747175816485, 'AP_m': 0.10474569739876018, 'AP_l': 0.3924569305208235}
Loading and preparing results...
DONE (t=0.02s)
creating index...
index created!
Running per image evaluation...
Evaluate annotation type *bbox*
DONE (t=1.03s).
Accumulating evaluation results...
DONE (t=0.03s).
[NanoDet][01-23 17:12:44]INFO:Train|Epoch151/300|Iter1650(1/11)| mem:4.19G| lr:5.52e-04| loss_qfl:0.2017| loss_bbox:0.6388| loss_dfl:0.1550| aux_loss_qfl:0.1986| aux_loss_bbox:0.6238| aux_loss_dfl:0.1551| 
[NanoDet][01-23 17:13:12]INFO:Train|Epoch155/300|Iter1700(7/11)| mem:4.19G| lr:5.31e-04| loss_qfl:0.1976| loss_bbox:0.7422| loss_dfl:0.1519| aux_loss_qfl:0.1787| aux_loss_bbox:0.7557| aux_loss_dfl:0.1508| 
[NanoDet][01-23 17:13:43]INFO:Train|Epoch160/300|Iter1750(2/11)| mem:4.19G| lr:5.05e-04| loss_qfl:0.1631| loss_bbox:0.8251| loss_dfl:0.1512| aux_loss_qfl:0.1558| aux_loss_bbox:0.8218| aux_loss_dfl:0.1477| 
[NanoDet][01-23 17:13:49]INFO:Val|Epoch160/300|Iter1760(1/3)| mem:4.19G| lr:5.00e-04| loss_qfl:0.1975| loss_bbox:0.7125| loss_dfl:0.1665| aux_loss_qfl:0.1823| aux_loss_bbox:0.7109| aux_loss_dfl:0.1648| 
[NanoDet][01-23 17:13:50]INFO:
 Average Precision  (AP) @[ IoU=0.50:0.95 | area=   all | maxDets=100 ] = 0.116
 Average Precision  (AP) @[ IoU=0.50      | area=   all | maxDets=100 ] = 0.352
 Average Precision  (AP) @[ IoU=0.75      | area=   all | maxDets=100 ] = 0.050
 Average Precision  (AP) @[ IoU=0.50:0.95 | area= small | maxDets=100 ] = 0.003
 Average Precision  (AP) @[ IoU=0.50:0.95 | area=medium | maxDets=100 ] = 0.122
 Average Precision  (AP) @[ IoU=0.50:0.95 | area= large | maxDets=100 ] = 0.359
 Average Recall     (AR) @[ IoU=0.50:0.95 | area=   all | maxDets=  1 ] = 0.015
 Average Recall     (AR) @[ IoU=0.50:0.95 | area=   all | maxDets= 10 ] = 0.098
 Average Recall     (AR) @[ IoU=0.50:0.95 | area=   all | maxDets=100 ] = 0.180
 Average Recall     (AR) @[ IoU=0.50:0.95 | area= small | maxDets=100 ] = 0.012
 Average Recall     (AR) @[ IoU=0.50:0.95 | area=medium | maxDets=100 ] = 0.196
 Average Recall     (AR) @[ IoU=0.50:0.95 | area= large | maxDets=100 ] = 0.499

[NanoDet][01-23 17:13:50]INFO:
| class   | AP50   | mAP   | class   | AP50   | mAP   |
|:--------|:-------|:------|:--------|:-------|:------|
| sheep   | nan    | nan   | sheep   | 35.2   | 11.6  |
[NanoDet][01-23 17:13:50]INFO:Saving model to workspace/original_300/model_best/nanodet_model_best.pth
[NanoDet][01-23 17:13:51]INFO:Val_metrics: {'mAP': 0.11619201994909328, 'AP_50': 0.35249527761600274, 'AP_75': 0.04972699602420473, 'AP_small': 0.0034574957071152527, 'AP_m': 0.12174818225476744, 'AP_l': 0.3587993044866166}
Loading and preparing results...
DONE (t=0.01s)
creating index...
index created!
Running per image evaluation...
Evaluate annotation type *bbox*
DONE (t=1.02s).
Accumulating evaluation results...
DONE (t=0.03s).
[NanoDet][01-23 17:14:16]INFO:Train|Epoch164/300|Iter1800(8/11)| mem:4.19G| lr:4.84e-04| loss_qfl:0.1931| loss_bbox:0.5458| loss_dfl:0.1532| aux_loss_qfl:0.1678| aux_loss_bbox:0.5341| aux_loss_dfl:0.1496| 
[NanoDet][01-23 17:14:48]INFO:Train|Epoch169/300|Iter1850(3/11)| mem:4.19G| lr:4.58e-04| loss_qfl:0.1691| loss_bbox:0.6300| loss_dfl:0.1581| aux_loss_qfl:0.1596| aux_loss_bbox:0.6302| aux_loss_dfl:0.1585| 
[NanoDet][01-23 17:15:00]INFO:Val|Epoch170/300|Iter1870(1/3)| mem:4.19G| lr:4.48e-04| loss_qfl:0.2071| loss_bbox:0.6981| loss_dfl:0.1624| aux_loss_qfl:0.2009| aux_loss_bbox:0.6999| aux_loss_dfl:0.1603| 
[NanoDet][01-23 17:15:01]INFO:
 Average Precision  (AP) @[ IoU=0.50:0.95 | area=   all | maxDets=100 ] = 0.129
 Average Precision  (AP) @[ IoU=0.50      | area=   all | maxDets=100 ] = 0.352
 Average Precision  (AP) @[ IoU=0.75      | area=   all | maxDets=100 ] = 0.062
 Average Precision  (AP) @[ IoU=0.50:0.95 | area= small | maxDets=100 ] = 0.004
 Average Precision  (AP) @[ IoU=0.50:0.95 | area=medium | maxDets=100 ] = 0.133
 Average Precision  (AP) @[ IoU=0.50:0.95 | area= large | maxDets=100 ] = 0.398
 Average Recall     (AR) @[ IoU=0.50:0.95 | area=   all | maxDets=  1 ] = 0.016
 Average Recall     (AR) @[ IoU=0.50:0.95 | area=   all | maxDets= 10 ] = 0.104
 Average Recall     (AR) @[ IoU=0.50:0.95 | area=   all | maxDets=100 ] = 0.187
 Average Recall     (AR) @[ IoU=0.50:0.95 | area= small | maxDets=100 ] = 0.009
 Average Recall     (AR) @[ IoU=0.50:0.95 | area=medium | maxDets=100 ] = 0.208
 Average Recall     (AR) @[ IoU=0.50:0.95 | area= large | maxDets=100 ] = 0.505

[NanoDet][01-23 17:15:01]INFO:
| class   | AP50   | mAP   | class   | AP50   | mAP   |
|:--------|:-------|:------|:--------|:-------|:------|
| sheep   | nan    | nan   | sheep   | 35.2   | 12.9  |
[NanoDet][01-23 17:15:02]INFO:Saving model to workspace/original_300/model_best/nanodet_model_best.pth
[NanoDet][01-23 17:15:02]INFO:Val_metrics: {'mAP': 0.1286647043251082, 'AP_50': 0.35162556067739664, 'AP_75': 0.061604087965170605, 'AP_small': 0.0035967276341984807, 'AP_m': 0.1327096359633039, 'AP_l': 0.3977436339658414}
Loading and preparing results...
DONE (t=0.01s)
creating index...
index created!
Running per image evaluation...
Evaluate annotation type *bbox*
DONE (t=1.04s).
Accumulating evaluation results...
DONE (t=0.03s).
[NanoDet][01-23 17:15:21]INFO:Train|Epoch173/300|Iter1900(9/11)| mem:4.19G| lr:4.38e-04| loss_qfl:0.1624| loss_bbox:0.7203| loss_dfl:0.1670| aux_loss_qfl:0.1537| aux_loss_bbox:0.7243| aux_loss_dfl:0.1670| 
[NanoDet][01-23 17:15:53]INFO:Train|Epoch178/300|Iter1950(4/11)| mem:4.19G| lr:4.12e-04| loss_qfl:0.1623| loss_bbox:0.6917| loss_dfl:0.1495| aux_loss_qfl:0.1591| aux_loss_bbox:0.6824| aux_loss_dfl:0.1484| 
[NanoDet][01-23 17:16:11]INFO:Val|Epoch180/300|Iter1980(1/3)| mem:4.19G| lr:3.97e-04| loss_qfl:0.2135| loss_bbox:0.7088| loss_dfl:0.1639| aux_loss_qfl:0.1963| aux_loss_bbox:0.7000| aux_loss_dfl:0.1632| 
[NanoDet][01-23 17:16:13]INFO:
 Average Precision  (AP) @[ IoU=0.50:0.95 | area=   all | maxDets=100 ] = 0.135
 Average Precision  (AP) @[ IoU=0.50      | area=   all | maxDets=100 ] = 0.372
 Average Precision  (AP) @[ IoU=0.75      | area=   all | maxDets=100 ] = 0.065
 Average Precision  (AP) @[ IoU=0.50:0.95 | area= small | maxDets=100 ] = 0.004
 Average Precision  (AP) @[ IoU=0.50:0.95 | area=medium | maxDets=100 ] = 0.142
 Average Precision  (AP) @[ IoU=0.50:0.95 | area= large | maxDets=100 ] = 0.407
 Average Recall     (AR) @[ IoU=0.50:0.95 | area=   all | maxDets=  1 ] = 0.017
 Average Recall     (AR) @[ IoU=0.50:0.95 | area=   all | maxDets= 10 ] = 0.106
 Average Recall     (AR) @[ IoU=0.50:0.95 | area=   all | maxDets=100 ] = 0.191
 Average Recall     (AR) @[ IoU=0.50:0.95 | area= small | maxDets=100 ] = 0.009
 Average Recall     (AR) @[ IoU=0.50:0.95 | area=medium | maxDets=100 ] = 0.211
 Average Recall     (AR) @[ IoU=0.50:0.95 | area= large | maxDets=100 ] = 0.519

[NanoDet][01-23 17:16:13]INFO:
| class   | AP50   | mAP   | class   | AP50   | mAP   |
|:--------|:-------|:------|:--------|:-------|:------|
| sheep   | nan    | nan   | sheep   | 37.2   | 13.5  |
[NanoDet][01-23 17:16:14]INFO:Saving model to workspace/original_300/model_best/nanodet_model_best.pth
[NanoDet][01-23 17:16:14]INFO:Val_metrics: {'mAP': 0.13538721477838767, 'AP_50': 0.3718101356088104, 'AP_75': 0.06532896196018949, 'AP_small': 0.004474318399581893, 'AP_m': 0.1418693456740114, 'AP_l': 0.407482780509389}
Loading and preparing results...
DONE (t=0.13s)
creating index...
index created!
Running per image evaluation...
Evaluate annotation type *bbox*
DONE (t=1.04s).
Accumulating evaluation results...
DONE (t=0.03s).
[NanoDet][01-23 17:16:27]INFO:Train|Epoch182/300|Iter2000(10/11)| mem:4.19G| lr:3.92e-04| loss_qfl:0.2349| loss_bbox:0.6089| loss_dfl:0.1567| aux_loss_qfl:0.2076| aux_loss_bbox:0.5858| aux_loss_dfl:0.1563| 
[NanoDet][01-23 17:16:59]INFO:Train|Epoch187/300|Iter2050(5/11)| mem:4.19G| lr:3.67e-04| loss_qfl:0.2064| loss_bbox:0.6451| loss_dfl:0.1570| aux_loss_qfl:0.1913| aux_loss_bbox:0.6391| aux_loss_dfl:0.1595| 
[NanoDet][01-23 17:17:24]INFO:Val|Epoch190/300|Iter2090(1/3)| mem:4.19G| lr:3.48e-04| loss_qfl:0.1932| loss_bbox:0.6756| loss_dfl:0.1621| aux_loss_qfl:0.1847| aux_loss_bbox:0.6819| aux_loss_dfl:0.1615| 
[NanoDet][01-23 17:17:25]INFO:
 Average Precision  (AP) @[ IoU=0.50:0.95 | area=   all | maxDets=100 ] = 0.128
 Average Precision  (AP) @[ IoU=0.50      | area=   all | maxDets=100 ] = 0.365
 Average Precision  (AP) @[ IoU=0.75      | area=   all | maxDets=100 ] = 0.064
 Average Precision  (AP) @[ IoU=0.50:0.95 | area= small | maxDets=100 ] = 0.003
 Average Precision  (AP) @[ IoU=0.50:0.95 | area=medium | maxDets=100 ] = 0.129
 Average Precision  (AP) @[ IoU=0.50:0.95 | area= large | maxDets=100 ] = 0.409
 Average Recall     (AR) @[ IoU=0.50:0.95 | area=   all | maxDets=  1 ] = 0.017
 Average Recall     (AR) @[ IoU=0.50:0.95 | area=   all | maxDets= 10 ] = 0.104
 Average Recall     (AR) @[ IoU=0.50:0.95 | area=   all | maxDets=100 ] = 0.187
 Average Recall     (AR) @[ IoU=0.50:0.95 | area= small | maxDets=100 ] = 0.008
 Average Recall     (AR) @[ IoU=0.50:0.95 | area=medium | maxDets=100 ] = 0.208
 Average Recall     (AR) @[ IoU=0.50:0.95 | area= large | maxDets=100 ] = 0.505

[NanoDet][01-23 17:17:25]INFO:
| class   | AP50   | mAP   | class   | AP50   | mAP   |
|:--------|:-------|:------|:--------|:-------|:------|
| sheep   | nan    | nan   | sheep   | 36.5   | 12.8  |
[NanoDet][01-23 17:17:25]INFO:Val_metrics: {'mAP': 0.12801598706205944, 'AP_50': 0.3654701539584059, 'AP_75': 0.06429382706876913, 'AP_small': 0.002675876759860177, 'AP_m': 0.1286128283344362, 'AP_l': 0.4091765450888437}
Loading and preparing results...
DONE (t=0.01s)
creating index...
index created!
Running per image evaluation...
Evaluate annotation type *bbox*
DONE (t=1.01s).
Accumulating evaluation results...
DONE (t=0.03s).
[NanoDet][01-23 17:17:32]INFO:Train|Epoch191/300|Iter2100(11/11)| mem:4.19G| lr:3.48e-04| loss_qfl:0.1741| loss_bbox:0.7879| loss_dfl:0.1546| aux_loss_qfl:0.1596| aux_loss_bbox:0.7743| aux_loss_dfl:0.1530| 
[NanoDet][01-23 17:18:04]INFO:Train|Epoch196/300|Iter2150(6/11)| mem:4.19G| lr:3.24e-04| loss_qfl:0.1503| loss_bbox:0.8208| loss_dfl:0.1480| aux_loss_qfl:0.1499| aux_loss_bbox:0.8405| aux_loss_dfl:0.1483| 
[NanoDet][01-23 17:18:35]INFO:Val|Epoch200/300|Iter2200(1/3)| mem:4.19G| lr:3.01e-04| loss_qfl:0.1967| loss_bbox:0.6577| loss_dfl:0.1554| aux_loss_qfl:0.1897| aux_loss_bbox:0.6649| aux_loss_dfl:0.1556| 
[NanoDet][01-23 17:18:36]INFO:
 Average Precision  (AP) @[ IoU=0.50:0.95 | area=   all | maxDets=100 ] = 0.143
 Average Precision  (AP) @[ IoU=0.50      | area=   all | maxDets=100 ] = 0.390
 Average Precision  (AP) @[ IoU=0.75      | area=   all | maxDets=100 ] = 0.062
 Average Precision  (AP) @[ IoU=0.50:0.95 | area= small | maxDets=100 ] = 0.005
 Average Precision  (AP) @[ IoU=0.50:0.95 | area=medium | maxDets=100 ] = 0.148
 Average Precision  (AP) @[ IoU=0.50:0.95 | area= large | maxDets=100 ] = 0.418
 Average Recall     (AR) @[ IoU=0.50:0.95 | area=   all | maxDets=  1 ] = 0.018
 Average Recall     (AR) @[ IoU=0.50:0.95 | area=   all | maxDets= 10 ] = 0.108
 Average Recall     (AR) @[ IoU=0.50:0.95 | area=   all | maxDets=100 ] = 0.202
 Average Recall     (AR) @[ IoU=0.50:0.95 | area= small | maxDets=100 ] = 0.011
 Average Recall     (AR) @[ IoU=0.50:0.95 | area=medium | maxDets=100 ] = 0.229
 Average Recall     (AR) @[ IoU=0.50:0.95 | area= large | maxDets=100 ] = 0.510

[NanoDet][01-23 17:18:36]INFO:
| class   | AP50   | mAP   | class   | AP50   | mAP   |
|:--------|:-------|:------|:--------|:-------|:------|
| sheep   | nan    | nan   | sheep   | 39.0   | 14.3  |
[NanoDet][01-23 17:18:37]INFO:Saving model to workspace/original_300/model_best/nanodet_model_best.pth
[NanoDet][01-23 17:18:37]INFO:Val_metrics: {'mAP': 0.14274484700629675, 'AP_50': 0.38994178957390296, 'AP_75': 0.062341459600516964, 'AP_small': 0.004952144016419295, 'AP_m': 0.14845522596748592, 'AP_l': 0.41757107660436327}
Loading and preparing results...
DONE (t=0.13s)
creating index...
index created!
Running per image evaluation...
Evaluate annotation type *bbox*
DONE (t=1.03s).
Accumulating evaluation results...
DONE (t=0.03s).
[NanoDet][01-23 17:18:41]INFO:Train|Epoch201/300|Iter2200(1/11)| mem:4.19G| lr:3.01e-04| loss_qfl:0.1800| loss_bbox:0.6981| loss_dfl:0.1534| aux_loss_qfl:0.1687| aux_loss_bbox:0.6727| aux_loss_dfl:0.1527| 
[NanoDet][01-23 17:19:09]INFO:Train|Epoch205/300|Iter2250(7/11)| mem:4.19G| lr:2.83e-04| loss_qfl:0.1788| loss_bbox:0.6864| loss_dfl:0.1522| aux_loss_qfl:0.1585| aux_loss_bbox:0.6647| aux_loss_dfl:0.1530| 
[NanoDet][01-23 17:19:41]INFO:Train|Epoch210/300|Iter2300(2/11)| mem:4.19G| lr:2.61e-04| loss_qfl:0.1735| loss_bbox:0.5671| loss_dfl:0.1543| aux_loss_qfl:0.1609| aux_loss_bbox:0.5537| aux_loss_dfl:0.1537| 
[NanoDet][01-23 17:19:47]INFO:Val|Epoch210/300|Iter2310(1/3)| mem:4.19G| lr:2.57e-04| loss_qfl:0.1884| loss_bbox:0.6741| loss_dfl:0.1610| aux_loss_qfl:0.1789| aux_loss_bbox:0.6817| aux_loss_dfl:0.1607| 
[NanoDet][01-23 17:19:48]INFO:
 Average Precision  (AP) @[ IoU=0.50:0.95 | area=   all | maxDets=100 ] = 0.143
 Average Precision  (AP) @[ IoU=0.50      | area=   all | maxDets=100 ] = 0.404
 Average Precision  (AP) @[ IoU=0.75      | area=   all | maxDets=100 ] = 0.070
 Average Precision  (AP) @[ IoU=0.50:0.95 | area= small | maxDets=100 ] = 0.009
 Average Precision  (AP) @[ IoU=0.50:0.95 | area=medium | maxDets=100 ] = 0.145
 Average Precision  (AP) @[ IoU=0.50:0.95 | area= large | maxDets=100 ] = 0.445
 Average Recall     (AR) @[ IoU=0.50:0.95 | area=   all | maxDets=  1 ] = 0.017
 Average Recall     (AR) @[ IoU=0.50:0.95 | area=   all | maxDets= 10 ] = 0.110
 Average Recall     (AR) @[ IoU=0.50:0.95 | area=   all | maxDets=100 ] = 0.202
 Average Recall     (AR) @[ IoU=0.50:0.95 | area= small | maxDets=100 ] = 0.013
 Average Recall     (AR) @[ IoU=0.50:0.95 | area=medium | maxDets=100 ] = 0.223
 Average Recall     (AR) @[ IoU=0.50:0.95 | area= large | maxDets=100 ] = 0.549

[NanoDet][01-23 17:19:48]INFO:
| class   | AP50   | mAP   | class   | AP50   | mAP   |
|:--------|:-------|:------|:--------|:-------|:------|
| sheep   | nan    | nan   | sheep   | 40.4   | 14.3  |
[NanoDet][01-23 17:19:49]INFO:Saving model to workspace/original_300/model_best/nanodet_model_best.pth
[NanoDet][01-23 17:19:49]INFO:Val_metrics: {'mAP': 0.14283357968477703, 'AP_50': 0.40445514527900295, 'AP_75': 0.0701880102102349, 'AP_small': 0.008583695024310195, 'AP_m': 0.1453699289239177, 'AP_l': 0.4447426908270812}
Loading and preparing results...
DONE (t=0.01s)
creating index...
index created!
Running per image evaluation...
Evaluate annotation type *bbox*
DONE (t=1.01s).
Accumulating evaluation results...
DONE (t=0.03s).
[NanoDet][01-23 17:20:15]INFO:Train|Epoch214/300|Iter2350(8/11)| mem:4.19G| lr:2.44e-04| loss_qfl:0.2008| loss_bbox:0.6340| loss_dfl:0.1507| aux_loss_qfl:0.1949| aux_loss_bbox:0.6113| aux_loss_dfl:0.1495| 
[NanoDet][01-23 17:20:46]INFO:Train|Epoch219/300|Iter2400(3/11)| mem:4.19G| lr:2.24e-04| loss_qfl:0.2100| loss_bbox:0.5164| loss_dfl:0.1559| aux_loss_qfl:0.1923| aux_loss_bbox:0.4776| aux_loss_dfl:0.1513| 
[NanoDet][01-23 17:20:58]INFO:Val|Epoch220/300|Iter2420(1/3)| mem:4.19G| lr:2.16e-04| loss_qfl:0.2035| loss_bbox:0.6630| loss_dfl:0.1567| aux_loss_qfl:0.1958| aux_loss_bbox:0.6778| aux_loss_dfl:0.1570| 
[NanoDet][01-23 17:21:00]INFO:
 Average Precision  (AP) @[ IoU=0.50:0.95 | area=   all | maxDets=100 ] = 0.151
 Average Precision  (AP) @[ IoU=0.50      | area=   all | maxDets=100 ] = 0.411
 Average Precision  (AP) @[ IoU=0.75      | area=   all | maxDets=100 ] = 0.073
 Average Precision  (AP) @[ IoU=0.50:0.95 | area= small | maxDets=100 ] = 0.011
 Average Precision  (AP) @[ IoU=0.50:0.95 | area=medium | maxDets=100 ] = 0.153
 Average Precision  (AP) @[ IoU=0.50:0.95 | area= large | maxDets=100 ] = 0.452
 Average Recall     (AR) @[ IoU=0.50:0.95 | area=   all | maxDets=  1 ] = 0.018
 Average Recall     (AR) @[ IoU=0.50:0.95 | area=   all | maxDets= 10 ] = 0.113
 Average Recall     (AR) @[ IoU=0.50:0.95 | area=   all | maxDets=100 ] = 0.209
 Average Recall     (AR) @[ IoU=0.50:0.95 | area= small | maxDets=100 ] = 0.013
 Average Recall     (AR) @[ IoU=0.50:0.95 | area=medium | maxDets=100 ] = 0.233
 Average Recall     (AR) @[ IoU=0.50:0.95 | area= large | maxDets=100 ] = 0.547

[NanoDet][01-23 17:21:00]INFO:
| class   | AP50   | mAP   | class   | AP50   | mAP   |
|:--------|:-------|:------|:--------|:-------|:------|
| sheep   | nan    | nan   | sheep   | 41.1   | 15.1  |
[NanoDet][01-23 17:21:00]INFO:Saving model to workspace/original_300/model_best/nanodet_model_best.pth
[NanoDet][01-23 17:21:00]INFO:Val_metrics: {'mAP': 0.15077051753109802, 'AP_50': 0.4106405858778764, 'AP_75': 0.0725155942821067, 'AP_small': 0.010827735903069523, 'AP_m': 0.15309836187211096, 'AP_l': 0.452177206324584}
Loading and preparing results...
DONE (t=0.01s)
creating index...
index created!
Running per image evaluation...
Evaluate annotation type *bbox*
DONE (t=1.03s).
Accumulating evaluation results...
DONE (t=0.03s).
[NanoDet][01-23 17:21:20]INFO:Train|Epoch223/300|Iter2450(9/11)| mem:4.19G| lr:2.08e-04| loss_qfl:0.1661| loss_bbox:0.6701| loss_dfl:0.1439| aux_loss_qfl:0.1539| aux_loss_bbox:0.6362| aux_loss_dfl:0.1423| 
[NanoDet][01-23 17:21:51]INFO:Train|Epoch228/300|Iter2500(4/11)| mem:4.19G| lr:1.90e-04| loss_qfl:0.1583| loss_bbox:0.7246| loss_dfl:0.1556| aux_loss_qfl:0.1533| aux_loss_bbox:0.7429| aux_loss_dfl:0.1562| 
[NanoDet][01-23 17:22:10]INFO:Val|Epoch230/300|Iter2530(1/3)| mem:4.19G| lr:1.79e-04| loss_qfl:0.2136| loss_bbox:0.6333| loss_dfl:0.1570| aux_loss_qfl:0.2004| aux_loss_bbox:0.6345| aux_loss_dfl:0.1560| 
[NanoDet][01-23 17:22:11]INFO:
 Average Precision  (AP) @[ IoU=0.50:0.95 | area=   all | maxDets=100 ] = 0.155
 Average Precision  (AP) @[ IoU=0.50      | area=   all | maxDets=100 ] = 0.401
 Average Precision  (AP) @[ IoU=0.75      | area=   all | maxDets=100 ] = 0.086
 Average Precision  (AP) @[ IoU=0.50:0.95 | area= small | maxDets=100 ] = 0.005
 Average Precision  (AP) @[ IoU=0.50:0.95 | area=medium | maxDets=100 ] = 0.162
 Average Precision  (AP) @[ IoU=0.50:0.95 | area= large | maxDets=100 ] = 0.443
 Average Recall     (AR) @[ IoU=0.50:0.95 | area=   all | maxDets=  1 ] = 0.018
 Average Recall     (AR) @[ IoU=0.50:0.95 | area=   all | maxDets= 10 ] = 0.115
 Average Recall     (AR) @[ IoU=0.50:0.95 | area=   all | maxDets=100 ] = 0.214
 Average Recall     (AR) @[ IoU=0.50:0.95 | area= small | maxDets=100 ] = 0.013
 Average Recall     (AR) @[ IoU=0.50:0.95 | area=medium | maxDets=100 ] = 0.243
 Average Recall     (AR) @[ IoU=0.50:0.95 | area= large | maxDets=100 ] = 0.537

[NanoDet][01-23 17:22:11]INFO:
| class   | AP50   | mAP   | class   | AP50   | mAP   |
|:--------|:-------|:------|:--------|:-------|:------|
| sheep   | nan    | nan   | sheep   | 40.1   | 15.5  |
[NanoDet][01-23 17:22:12]INFO:Saving model to workspace/original_300/model_best/nanodet_model_best.pth
[NanoDet][01-23 17:22:12]INFO:Val_metrics: {'mAP': 0.15489980829332217, 'AP_50': 0.4008245542546975, 'AP_75': 0.08555932871528821, 'AP_small': 0.00477669513561566, 'AP_m': 0.16234113346827195, 'AP_l': 0.44306185071613885}
Loading and preparing results...
DONE (t=0.13s)
creating index...
index created!
Running per image evaluation...
Evaluate annotation type *bbox*
DONE (t=1.02s).
Accumulating evaluation results...
DONE (t=0.03s).
[NanoDet][01-23 17:22:25]INFO:Train|Epoch232/300|Iter2550(10/11)| mem:4.19G| lr:1.76e-04| loss_qfl:0.1597| loss_bbox:0.5321| loss_dfl:0.1608| aux_loss_qfl:0.1390| aux_loss_bbox:0.5011| aux_loss_dfl:0.1551| 
[NanoDet][01-23 17:22:57]INFO:Train|Epoch237/300|Iter2600(5/11)| mem:4.19G| lr:1.59e-04| loss_qfl:0.1598| loss_bbox:0.6562| loss_dfl:0.1513| aux_loss_qfl:0.1545| aux_loss_bbox:0.6588| aux_loss_dfl:0.1507| 
[NanoDet][01-23 17:23:21]INFO:Val|Epoch240/300|Iter2640(1/3)| mem:4.19G| lr:1.46e-04| loss_qfl:0.2008| loss_bbox:0.6529| loss_dfl:0.1577| aux_loss_qfl:0.1919| aux_loss_bbox:0.6533| aux_loss_dfl:0.1556| 
[NanoDet][01-23 17:23:23]INFO:
 Average Precision  (AP) @[ IoU=0.50:0.95 | area=   all | maxDets=100 ] = 0.157
 Average Precision  (AP) @[ IoU=0.50      | area=   all | maxDets=100 ] = 0.426
 Average Precision  (AP) @[ IoU=0.75      | area=   all | maxDets=100 ] = 0.093
 Average Precision  (AP) @[ IoU=0.50:0.95 | area= small | maxDets=100 ] = 0.012
 Average Precision  (AP) @[ IoU=0.50:0.95 | area=medium | maxDets=100 ] = 0.166
 Average Precision  (AP) @[ IoU=0.50:0.95 | area= large | maxDets=100 ] = 0.442
 Average Recall     (AR) @[ IoU=0.50:0.95 | area=   all | maxDets=  1 ] = 0.019
 Average Recall     (AR) @[ IoU=0.50:0.95 | area=   all | maxDets= 10 ] = 0.117
 Average Recall     (AR) @[ IoU=0.50:0.95 | area=   all | maxDets=100 ] = 0.214
 Average Recall     (AR) @[ IoU=0.50:0.95 | area= small | maxDets=100 ] = 0.015
 Average Recall     (AR) @[ IoU=0.50:0.95 | area=medium | maxDets=100 ] = 0.241
 Average Recall     (AR) @[ IoU=0.50:0.95 | area= large | maxDets=100 ] = 0.541

[NanoDet][01-23 17:23:23]INFO:
| class   | AP50   | mAP   | class   | AP50   | mAP   |
|:--------|:-------|:------|:--------|:-------|:------|
| sheep   | nan    | nan   | sheep   | 42.6   | 15.7  |
[NanoDet][01-23 17:23:23]INFO:Saving model to workspace/original_300/model_best/nanodet_model_best.pth
[NanoDet][01-23 17:23:23]INFO:Val_metrics: {'mAP': 0.15720826920046665, 'AP_50': 0.4257123231209617, 'AP_75': 0.09309618779123333, 'AP_small': 0.011720481352438928, 'AP_m': 0.16631478043776163, 'AP_l': 0.4417021839978306}
Loading and preparing results...
DONE (t=0.01s)
creating index...
index created!
Running per image evaluation...
Evaluate annotation type *bbox*
DONE (t=1.01s).
Accumulating evaluation results...
DONE (t=0.03s).
[NanoDet][01-23 17:23:30]INFO:Train|Epoch241/300|Iter2650(11/11)| mem:4.19G| lr:1.46e-04| loss_qfl:0.1914| loss_bbox:0.5262| loss_dfl:0.1491| aux_loss_qfl:0.1794| aux_loss_bbox:0.5170| aux_loss_dfl:0.1480| 
[NanoDet][01-23 17:24:03]INFO:Train|Epoch246/300|Iter2700(6/11)| mem:4.19G| lr:1.31e-04| loss_qfl:0.1691| loss_bbox:0.6014| loss_dfl:0.1454| aux_loss_qfl:0.1639| aux_loss_bbox:0.5718| aux_loss_dfl:0.1436| 
[NanoDet][01-23 17:24:33]INFO:Val|Epoch250/300|Iter2750(1/3)| mem:4.19G| lr:1.17e-04| loss_qfl:0.2018| loss_bbox:0.6435| loss_dfl:0.1583| aux_loss_qfl:0.1949| aux_loss_bbox:0.6425| aux_loss_dfl:0.1576| 
[NanoDet][01-23 17:24:35]INFO:
 Average Precision  (AP) @[ IoU=0.50:0.95 | area=   all | maxDets=100 ] = 0.161
 Average Precision  (AP) @[ IoU=0.50      | area=   all | maxDets=100 ] = 0.432
 Average Precision  (AP) @[ IoU=0.75      | area=   all | maxDets=100 ] = 0.094
 Average Precision  (AP) @[ IoU=0.50:0.95 | area= small | maxDets=100 ] = 0.013
 Average Precision  (AP) @[ IoU=0.50:0.95 | area=medium | maxDets=100 ] = 0.171
 Average Precision  (AP) @[ IoU=0.50:0.95 | area= large | maxDets=100 ] = 0.450
 Average Recall     (AR) @[ IoU=0.50:0.95 | area=   all | maxDets=  1 ] = 0.020
 Average Recall     (AR) @[ IoU=0.50:0.95 | area=   all | maxDets= 10 ] = 0.119
 Average Recall     (AR) @[ IoU=0.50:0.95 | area=   all | maxDets=100 ] = 0.219
 Average Recall     (AR) @[ IoU=0.50:0.95 | area= small | maxDets=100 ] = 0.019
 Average Recall     (AR) @[ IoU=0.50:0.95 | area=medium | maxDets=100 ] = 0.245
 Average Recall     (AR) @[ IoU=0.50:0.95 | area= large | maxDets=100 ] = 0.556

[NanoDet][01-23 17:24:35]INFO:
| class   | AP50   | mAP   | class   | AP50   | mAP   |
|:--------|:-------|:------|:--------|:-------|:------|
| sheep   | nan    | nan   | sheep   | 43.2   | 16.1  |
[NanoDet][01-23 17:24:35]INFO:Saving model to workspace/original_300/model_best/nanodet_model_best.pth
[NanoDet][01-23 17:24:36]INFO:Val_metrics: {'mAP': 0.1612761374758515, 'AP_50': 0.4322628920649376, 'AP_75': 0.09384930824851637, 'AP_small': 0.013126560584195191, 'AP_m': 0.17088259110372175, 'AP_l': 0.449968926237216}
Loading and preparing results...
DONE (t=0.15s)
creating index...
index created!
Running per image evaluation...
Evaluate annotation type *bbox*
DONE (t=0.99s).
Accumulating evaluation results...
DONE (t=0.03s).
[NanoDet][01-23 17:24:40]INFO:Train|Epoch251/300|Iter2750(1/11)| mem:4.19G| lr:1.17e-04| loss_qfl:0.1687| loss_bbox:0.5708| loss_dfl:0.1494| aux_loss_qfl:0.1569| aux_loss_bbox:0.5523| aux_loss_dfl:0.1453| 
[NanoDet][01-23 17:25:09]INFO:Train|Epoch255/300|Iter2800(7/11)| mem:4.19G| lr:1.07e-04| loss_qfl:0.1811| loss_bbox:0.6143| loss_dfl:0.1459| aux_loss_qfl:0.1654| aux_loss_bbox:0.6038| aux_loss_dfl:0.1470| 
[NanoDet][01-23 17:25:41]INFO:Train|Epoch260/300|Iter2850(2/11)| mem:4.19G| lr:9.56e-05| loss_qfl:0.1581| loss_bbox:0.6994| loss_dfl:0.1488| aux_loss_qfl:0.1456| aux_loss_bbox:0.6701| aux_loss_dfl:0.1468| 
[NanoDet][01-23 17:25:46]INFO:Val|Epoch260/300|Iter2860(1/3)| mem:4.19G| lr:9.34e-05| loss_qfl:0.2127| loss_bbox:0.6504| loss_dfl:0.1575| aux_loss_qfl:0.2034| aux_loss_bbox:0.6331| aux_loss_dfl:0.1546| 
[NanoDet][01-23 17:25:47]INFO:
 Average Precision  (AP) @[ IoU=0.50:0.95 | area=   all | maxDets=100 ] = 0.161
 Average Precision  (AP) @[ IoU=0.50      | area=   all | maxDets=100 ] = 0.437
 Average Precision  (AP) @[ IoU=0.75      | area=   all | maxDets=100 ] = 0.089
 Average Precision  (AP) @[ IoU=0.50:0.95 | area= small | maxDets=100 ] = 0.013
 Average Precision  (AP) @[ IoU=0.50:0.95 | area=medium | maxDets=100 ] = 0.169
 Average Precision  (AP) @[ IoU=0.50:0.95 | area= large | maxDets=100 ] = 0.456
 Average Recall     (AR) @[ IoU=0.50:0.95 | area=   all | maxDets=  1 ] = 0.019
 Average Recall     (AR) @[ IoU=0.50:0.95 | area=   all | maxDets= 10 ] = 0.119
 Average Recall     (AR) @[ IoU=0.50:0.95 | area=   all | maxDets=100 ] = 0.219
 Average Recall     (AR) @[ IoU=0.50:0.95 | area= small | maxDets=100 ] = 0.022
 Average Recall     (AR) @[ IoU=0.50:0.95 | area=medium | maxDets=100 ] = 0.245
 Average Recall     (AR) @[ IoU=0.50:0.95 | area= large | maxDets=100 ] = 0.549

[NanoDet][01-23 17:25:47]INFO:
| class   | AP50   | mAP   | class   | AP50   | mAP   |
|:--------|:-------|:------|:--------|:-------|:------|
| sheep   | nan    | nan   | sheep   | 43.7   | 16.1  |
[NanoDet][01-23 17:25:48]INFO:Val_metrics: {'mAP': 0.16114173664648565, 'AP_50': 0.4371454129794669, 'AP_75': 0.08888696519322661, 'AP_small': 0.012821918834325055, 'AP_m': 0.16867475030277526, 'AP_l': 0.45636708663023634}
Loading and preparing results...
DONE (t=0.02s)
creating index...
index created!
Running per image evaluation...
Evaluate annotation type *bbox*
DONE (t=1.02s).
Accumulating evaluation results...
DONE (t=0.04s).
[NanoDet][01-23 17:26:14]INFO:Train|Epoch264/300|Iter2900(8/11)| mem:4.19G| lr:8.72e-05| loss_qfl:0.1591| loss_bbox:0.6513| loss_dfl:0.1412| aux_loss_qfl:0.1458| aux_loss_bbox:0.6299| aux_loss_dfl:0.1408| 
[NanoDet][01-23 17:26:46]INFO:Train|Epoch269/300|Iter2950(3/11)| mem:4.19G| lr:7.79e-05| loss_qfl:0.1564| loss_bbox:0.4412| loss_dfl:0.1491| aux_loss_qfl:0.1384| aux_loss_bbox:0.4216| aux_loss_dfl:0.1428| 
[NanoDet][01-23 17:26:58]INFO:Val|Epoch270/300|Iter2970(1/3)| mem:4.19G| lr:7.46e-05| loss_qfl:0.2029| loss_bbox:0.6339| loss_dfl:0.1567| aux_loss_qfl:0.1967| aux_loss_bbox:0.6312| aux_loss_dfl:0.1549| 
[NanoDet][01-23 17:27:00]INFO:
 Average Precision  (AP) @[ IoU=0.50:0.95 | area=   all | maxDets=100 ] = 0.164
 Average Precision  (AP) @[ IoU=0.50      | area=   all | maxDets=100 ] = 0.438
 Average Precision  (AP) @[ IoU=0.75      | area=   all | maxDets=100 ] = 0.096
 Average Precision  (AP) @[ IoU=0.50:0.95 | area= small | maxDets=100 ] = 0.013
 Average Precision  (AP) @[ IoU=0.50:0.95 | area=medium | maxDets=100 ] = 0.176
 Average Precision  (AP) @[ IoU=0.50:0.95 | area= large | maxDets=100 ] = 0.453
 Average Recall     (AR) @[ IoU=0.50:0.95 | area=   all | maxDets=  1 ] = 0.020
 Average Recall     (AR) @[ IoU=0.50:0.95 | area=   all | maxDets= 10 ] = 0.123
 Average Recall     (AR) @[ IoU=0.50:0.95 | area=   all | maxDets=100 ] = 0.223
 Average Recall     (AR) @[ IoU=0.50:0.95 | area= small | maxDets=100 ] = 0.018
 Average Recall     (AR) @[ IoU=0.50:0.95 | area=medium | maxDets=100 ] = 0.253
 Average Recall     (AR) @[ IoU=0.50:0.95 | area= large | maxDets=100 ] = 0.549

[NanoDet][01-23 17:27:00]INFO:
| class   | AP50   | mAP   | class   | AP50   | mAP   |
|:--------|:-------|:------|:--------|:-------|:------|
| sheep   | nan    | nan   | sheep   | 43.8   | 16.4  |
[NanoDet][01-23 17:27:00]INFO:Saving model to workspace/original_300/model_best/nanodet_model_best.pth
[NanoDet][01-23 17:27:00]INFO:Val_metrics: {'mAP': 0.16409907387250483, 'AP_50': 0.4381882115083513, 'AP_75': 0.0963409858693742, 'AP_small': 0.012669467214987556, 'AP_m': 0.1757062092362415, 'AP_l': 0.4527501899494027}
Loading and preparing results...
DONE (t=0.13s)
creating index...
index created!
Running per image evaluation...
Evaluate annotation type *bbox*
DONE (t=0.99s).
Accumulating evaluation results...
DONE (t=0.03s).
[NanoDet][01-23 17:27:20]INFO:Train|Epoch273/300|Iter3000(9/11)| mem:4.19G| lr:7.14e-05| loss_qfl:0.1523| loss_bbox:0.5469| loss_dfl:0.1494| aux_loss_qfl:0.1452| aux_loss_bbox:0.5447| aux_loss_dfl:0.1477| 
[NanoDet][01-23 17:27:52]INFO:Train|Epoch278/300|Iter3050(4/11)| mem:4.19G| lr:6.45e-05| loss_qfl:0.1462| loss_bbox:0.5588| loss_dfl:0.1541| aux_loss_qfl:0.1404| aux_loss_bbox:0.5374| aux_loss_dfl:0.1503| 
[NanoDet][01-23 17:28:11]INFO:Val|Epoch280/300|Iter3080(1/3)| mem:4.19G| lr:6.10e-05| loss_qfl:0.2156| loss_bbox:0.6405| loss_dfl:0.1564| aux_loss_qfl:0.2049| aux_loss_bbox:0.6256| aux_loss_dfl:0.1545| 
[NanoDet][01-23 17:28:12]INFO:
 Average Precision  (AP) @[ IoU=0.50:0.95 | area=   all | maxDets=100 ] = 0.163
 Average Precision  (AP) @[ IoU=0.50      | area=   all | maxDets=100 ] = 0.432
 Average Precision  (AP) @[ IoU=0.75      | area=   all | maxDets=100 ] = 0.093
 Average Precision  (AP) @[ IoU=0.50:0.95 | area= small | maxDets=100 ] = 0.011
 Average Precision  (AP) @[ IoU=0.50:0.95 | area=medium | maxDets=100 ] = 0.172
 Average Precision  (AP) @[ IoU=0.50:0.95 | area= large | maxDets=100 ] = 0.456
 Average Recall     (AR) @[ IoU=0.50:0.95 | area=   all | maxDets=  1 ] = 0.020
 Average Recall     (AR) @[ IoU=0.50:0.95 | area=   all | maxDets= 10 ] = 0.123
 Average Recall     (AR) @[ IoU=0.50:0.95 | area=   all | maxDets=100 ] = 0.222
 Average Recall     (AR) @[ IoU=0.50:0.95 | area= small | maxDets=100 ] = 0.020
 Average Recall     (AR) @[ IoU=0.50:0.95 | area=medium | maxDets=100 ] = 0.252
 Average Recall     (AR) @[ IoU=0.50:0.95 | area= large | maxDets=100 ] = 0.545

[NanoDet][01-23 17:28:12]INFO:
| class   | AP50   | mAP   | class   | AP50   | mAP   |
|:--------|:-------|:------|:--------|:-------|:------|
| sheep   | nan    | nan   | sheep   | 43.2   | 16.3  |
[NanoDet][01-23 17:28:12]INFO:Val_metrics: {'mAP': 0.16301221225411955, 'AP_50': 0.4316508468478582, 'AP_75': 0.09300890394349431, 'AP_small': 0.010751470668838345, 'AP_m': 0.17203127399587467, 'AP_l': 0.455786922392567}
Loading and preparing results...
DONE (t=0.01s)
creating index...
index created!
Running per image evaluation...
Evaluate annotation type *bbox*
DONE (t=1.00s).
Accumulating evaluation results...
DONE (t=0.03s).
[NanoDet][01-23 17:28:25]INFO:Train|Epoch282/300|Iter3100(10/11)| mem:4.19G| lr:5.99e-05| loss_qfl:0.1814| loss_bbox:0.5053| loss_dfl:0.1575| aux_loss_qfl:0.1696| aux_loss_bbox:0.4875| aux_loss_dfl:0.1538| 
[NanoDet][01-23 17:28:57]INFO:Train|Epoch287/300|Iter3150(5/11)| mem:4.19G| lr:5.54e-05| loss_qfl:0.1901| loss_bbox:0.8351| loss_dfl:0.1561| aux_loss_qfl:0.1631| aux_loss_bbox:0.8231| aux_loss_dfl:0.1556| 
[NanoDet][01-23 17:29:22]INFO:Val|Epoch290/300|Iter3190(1/3)| mem:4.19G| lr:5.28e-05| loss_qfl:0.2118| loss_bbox:0.6349| loss_dfl:0.1546| aux_loss_qfl:0.2050| aux_loss_bbox:0.6177| aux_loss_dfl:0.1531| 
[NanoDet][01-23 17:29:24]INFO:
 Average Precision  (AP) @[ IoU=0.50:0.95 | area=   all | maxDets=100 ] = 0.170
 Average Precision  (AP) @[ IoU=0.50      | area=   all | maxDets=100 ] = 0.437
 Average Precision  (AP) @[ IoU=0.75      | area=   all | maxDets=100 ] = 0.097
 Average Precision  (AP) @[ IoU=0.50:0.95 | area= small | maxDets=100 ] = 0.016
 Average Precision  (AP) @[ IoU=0.50:0.95 | area=medium | maxDets=100 ] = 0.179
 Average Precision  (AP) @[ IoU=0.50:0.95 | area= large | maxDets=100 ] = 0.471
 Average Recall     (AR) @[ IoU=0.50:0.95 | area=   all | maxDets=  1 ] = 0.019
 Average Recall     (AR) @[ IoU=0.50:0.95 | area=   all | maxDets= 10 ] = 0.123
 Average Recall     (AR) @[ IoU=0.50:0.95 | area=   all | maxDets=100 ] = 0.226
 Average Recall     (AR) @[ IoU=0.50:0.95 | area= small | maxDets=100 ] = 0.023
 Average Recall     (AR) @[ IoU=0.50:0.95 | area=medium | maxDets=100 ] = 0.254
 Average Recall     (AR) @[ IoU=0.50:0.95 | area= large | maxDets=100 ] = 0.558

[NanoDet][01-23 17:29:24]INFO:
| class   | AP50   | mAP   | class   | AP50   | mAP   |
|:--------|:-------|:------|:--------|:-------|:------|
| sheep   | nan    | nan   | sheep   | 43.7   | 17.0  |
[NanoDet][01-23 17:29:24]INFO:Saving model to workspace/original_300/model_best/nanodet_model_best.pth
[NanoDet][01-23 17:29:24]INFO:Val_metrics: {'mAP': 0.16951135962270447, 'AP_50': 0.43739397047488227, 'AP_75': 0.0970223416334694, 'AP_small': 0.015896893644321675, 'AP_m': 0.17904892388014054, 'AP_l': 0.47092280870983055}
Loading and preparing results...
DONE (t=0.13s)
creating index...
index created!
Running per image evaluation...
Evaluate annotation type *bbox*
DONE (t=0.99s).
Accumulating evaluation results...
DONE (t=0.03s).
[NanoDet][01-23 17:29:31]INFO:Train|Epoch291/300|Iter3200(11/11)| mem:4.19G| lr:5.28e-05| loss_qfl:0.1564| loss_bbox:0.7677| loss_dfl:0.1573| aux_loss_qfl:0.1460| aux_loss_bbox:0.7474| aux_loss_dfl:0.1515| 
[NanoDet][01-23 17:30:03]INFO:Train|Epoch296/300|Iter3250(6/11)| mem:4.19G| lr:5.07e-05| loss_qfl:0.1547| loss_bbox:0.6836| loss_dfl:0.1455| aux_loss_qfl:0.1486| aux_loss_bbox:0.6625| aux_loss_dfl:0.1452| 
[NanoDet][01-23 17:30:35]INFO:Val|Epoch300/300|Iter3300(1/3)| mem:4.19G| lr:5.00e-05| loss_qfl:0.2032| loss_bbox:0.6436| loss_dfl:0.1576| aux_loss_qfl:0.1906| aux_loss_bbox:0.6253| aux_loss_dfl:0.1557| 
[NanoDet][01-23 17:30:37]INFO:
 Average Precision  (AP) @[ IoU=0.50:0.95 | area=   all | maxDets=100 ] = 0.169
 Average Precision  (AP) @[ IoU=0.50      | area=   all | maxDets=100 ] = 0.432
 Average Precision  (AP) @[ IoU=0.75      | area=   all | maxDets=100 ] = 0.104
 Average Precision  (AP) @[ IoU=0.50:0.95 | area= small | maxDets=100 ] = 0.013
 Average Precision  (AP) @[ IoU=0.50:0.95 | area=medium | maxDets=100 ] = 0.179
 Average Precision  (AP) @[ IoU=0.50:0.95 | area= large | maxDets=100 ] = 0.469
 Average Recall     (AR) @[ IoU=0.50:0.95 | area=   all | maxDets=  1 ] = 0.020
 Average Recall     (AR) @[ IoU=0.50:0.95 | area=   all | maxDets= 10 ] = 0.126
 Average Recall     (AR) @[ IoU=0.50:0.95 | area=   all | maxDets=100 ] = 0.227
 Average Recall     (AR) @[ IoU=0.50:0.95 | area= small | maxDets=100 ] = 0.021
 Average Recall     (AR) @[ IoU=0.50:0.95 | area=medium | maxDets=100 ] = 0.258
 Average Recall     (AR) @[ IoU=0.50:0.95 | area= large | maxDets=100 ] = 0.551

[NanoDet][01-23 17:30:37]INFO:
| class   | AP50   | mAP   | class   | AP50   | mAP   |
|:--------|:-------|:------|:--------|:-------|:------|
| sheep   | nan    | nan   | sheep   | 43.2   | 16.9  |
[NanoDet][01-23 17:30:37]INFO:Val_metrics: {'mAP': 0.1693827568495074, 'AP_50': 0.43199777163126, 'AP_75': 0.10375907860658819, 'AP_small': 0.013348069592563185, 'AP_m': 0.17861202867363205, 'AP_l': 0.4691554348377326}
`Trainer.fit` stopped: `max_epochs=300` reached.
Loading and preparing results...
DONE (t=0.01s)
creating index...
index created!
Running per image evaluation...
Evaluate annotation type *bbox*
DONE (t=1.11s).
Accumulating evaluation results...
DONE (t=0.03s).
