[NanoDet][02-28 00:39:46]INFO:Setting up data...
[NanoDet][02-28 00:39:46]INFO:Creating model...
loading annotations into memory...
Done (t=0.03s)
creating index...
index created!
loading annotations into memory...
Done (t=0.02s)
creating index...
index created!
model size is  1.5x
init weights...
Finish initialize NanoDet-Plus Head.
GPU available: True (cuda), used: True
TPU available: False, using: 0 TPU cores
IPU available: False, using: 0 IPUs
HPU available: False, using: 0 HPUs
LOCAL_RANK: 0 - CUDA_VISIBLE_DEVICES: [0]

  | Name      | Type        | Params
------------------------------------------
0 | model     | NanoDetPlus | 7.7 M 
1 | avg_model | NanoDetPlus | 7.7 M 
------------------------------------------
15.5 M    Trainable params
0         Non-trainable params
15.5 M    Total params
61.937    Total estimated model params size (MB)
[NanoDet][02-28 00:39:59]INFO:Weight Averaging is enabled
/cluster/home/mariutor/.conda/envs/nanodet/lib/python3.10/site-packages/pytorch_lightning/trainer/trainer.py:1892: PossibleUserWarning: The number of training batches (11) is smaller than the logging interval Trainer(log_every_n_steps=50). Set a lower value for log_every_n_steps if you want to see logs for the training epoch.
  rank_zero_warn(
/cluster/home/mariutor/.conda/envs/nanodet/lib/python3.10/site-packages/torch/functional.py:504: UserWarning: torch.meshgrid: in an upcoming release, it will be required to pass the indexing argument. (Triggered internally at /opt/conda/conda-bld/pytorch_1666643003845/work/aten/src/ATen/native/TensorShape.cpp:3190.)
  return _VF.meshgrid(tensors, **kwargs)  # type: ignore[attr-defined]
[NanoDet][02-28 00:40:24]INFO:Train|Epoch1/300|Iter0(1/11)| mem:38.1G| lr:1.00e-07| loss_qfl:0.2497| loss_bbox:1.5054| loss_dfl:0.5219| aux_loss_qfl:0.2859| aux_loss_bbox:1.4573| aux_loss_dfl:0.5253| 
[NanoDet][02-28 00:41:38]INFO:Train|Epoch5/300|Iter50(7/11)| mem:39.7G| lr:1.00e-04| loss_qfl:0.5065| loss_bbox:1.4525| loss_dfl:0.4747| aux_loss_qfl:0.2773| aux_loss_bbox:1.0430| aux_loss_dfl:0.3609| 
[NanoDet][02-28 00:42:51]INFO:Train|Epoch10/300|Iter100(2/11)| mem:39.7G| lr:2.00e-04| loss_qfl:0.3751| loss_bbox:0.9825| loss_dfl:0.3620| aux_loss_qfl:0.3398| aux_loss_bbox:0.7265| aux_loss_dfl:0.2769| 
[NanoDet][02-28 00:43:05]INFO:Val|Epoch10/300|Iter110(1/3)| mem:39.7G| lr:2.18e-04| loss_qfl:0.4440| loss_bbox:0.7610| loss_dfl:0.3067| aux_loss_qfl:0.2865| aux_loss_bbox:0.6469| aux_loss_dfl:0.2542| 
[NanoDet][02-28 00:43:08]INFO:
 Average Precision  (AP) @[ IoU=0.50:0.95 | area=   all | maxDets=100 ] = 0.038
 Average Precision  (AP) @[ IoU=0.50      | area=   all | maxDets=100 ] = 0.135
 Average Precision  (AP) @[ IoU=0.75      | area=   all | maxDets=100 ] = 0.006
 Average Precision  (AP) @[ IoU=0.50:0.95 | area= small | maxDets=100 ] = 0.000
 Average Precision  (AP) @[ IoU=0.50:0.95 | area=medium | maxDets=100 ] = 0.077
 Average Precision  (AP) @[ IoU=0.50:0.95 | area= large | maxDets=100 ] = 0.044
 Average Recall     (AR) @[ IoU=0.50:0.95 | area=   all | maxDets=  1 ] = 0.008
 Average Recall     (AR) @[ IoU=0.50:0.95 | area=   all | maxDets= 10 ] = 0.049
 Average Recall     (AR) @[ IoU=0.50:0.95 | area=   all | maxDets=100 ] = 0.140
 Average Recall     (AR) @[ IoU=0.50:0.95 | area= small | maxDets=100 ] = 0.000
 Average Recall     (AR) @[ IoU=0.50:0.95 | area=medium | maxDets=100 ] = 0.168
 Average Recall     (AR) @[ IoU=0.50:0.95 | area= large | maxDets=100 ] = 0.326

[NanoDet][02-28 00:43:08]INFO:
| class   | AP50   | mAP   | class   | AP50   | mAP   |
|:--------|:-------|:------|:--------|:-------|:------|
| sheep   | nan    | nan   | sheep   | 13.5   | 3.8   |
[NanoDet][02-28 00:43:08]INFO:Saving model to workspace/1013_300/model_best/nanodet_model_best.pth
[NanoDet][02-28 00:43:08]INFO:Val_metrics: {'mAP': 0.038437097313430854, 'AP_50': 0.13535727242269868, 'AP_75': 0.005799055370794545, 'AP_small': 0.0, 'AP_m': 0.07696138647191016, 'AP_l': 0.04394008830536173}
Loading and preparing results...
DONE (t=0.02s)
creating index...
index created!
Running per image evaluation...
Evaluate annotation type *bbox*
DONE (t=1.35s).
Accumulating evaluation results...
DONE (t=0.06s).
[NanoDet][02-28 00:44:07]INFO:Train|Epoch14/300|Iter150(8/11)| mem:39.7G| lr:3.00e-04| loss_qfl:0.3018| loss_bbox:0.7324| loss_dfl:0.2825| aux_loss_qfl:0.3118| aux_loss_bbox:0.6237| aux_loss_dfl:0.2436| 
[NanoDet][02-28 00:45:18]INFO:Train|Epoch19/300|Iter200(3/11)| mem:39.7G| lr:4.00e-04| loss_qfl:0.2988| loss_bbox:0.7053| loss_dfl:0.2452| aux_loss_qfl:0.3125| aux_loss_bbox:0.6915| aux_loss_dfl:0.2292| 
[NanoDet][02-28 00:45:45]INFO:Val|Epoch20/300|Iter220(1/3)| mem:39.7G| lr:4.38e-04| loss_qfl:0.2430| loss_bbox:0.5930| loss_dfl:0.2411| aux_loss_qfl:0.2332| aux_loss_bbox:0.5385| aux_loss_dfl:0.2186| 
[NanoDet][02-28 00:45:48]INFO:
 Average Precision  (AP) @[ IoU=0.50:0.95 | area=   all | maxDets=100 ] = 0.188
 Average Precision  (AP) @[ IoU=0.50      | area=   all | maxDets=100 ] = 0.473
 Average Precision  (AP) @[ IoU=0.75      | area=   all | maxDets=100 ] = 0.094
 Average Precision  (AP) @[ IoU=0.50:0.95 | area= small | maxDets=100 ] = 0.019
 Average Precision  (AP) @[ IoU=0.50:0.95 | area=medium | maxDets=100 ] = 0.243
 Average Precision  (AP) @[ IoU=0.50:0.95 | area= large | maxDets=100 ] = 0.355
 Average Recall     (AR) @[ IoU=0.50:0.95 | area=   all | maxDets=  1 ] = 0.020
 Average Recall     (AR) @[ IoU=0.50:0.95 | area=   all | maxDets= 10 ] = 0.131
 Average Recall     (AR) @[ IoU=0.50:0.95 | area=   all | maxDets=100 ] = 0.280
 Average Recall     (AR) @[ IoU=0.50:0.95 | area= small | maxDets=100 ] = 0.038
 Average Recall     (AR) @[ IoU=0.50:0.95 | area=medium | maxDets=100 ] = 0.336
 Average Recall     (AR) @[ IoU=0.50:0.95 | area= large | maxDets=100 ] = 0.549

[NanoDet][02-28 00:45:48]INFO:
| class   | AP50   | mAP   | class   | AP50   | mAP   |
|:--------|:-------|:------|:--------|:-------|:------|
| sheep   | nan    | nan   | sheep   | 47.3   | 18.8  |
[NanoDet][02-28 00:45:48]INFO:Saving model to workspace/1013_300/model_best/nanodet_model_best.pth
[NanoDet][02-28 00:45:48]INFO:Val_metrics: {'mAP': 0.18755127607241515, 'AP_50': 0.4725042394940718, 'AP_75': 0.09368776738209748, 'AP_small': 0.019301793384820288, 'AP_m': 0.2429017661758034, 'AP_l': 0.35524511771840944}
Loading and preparing results...
DONE (t=0.02s)
creating index...
index created!
Running per image evaluation...
Evaluate annotation type *bbox*
DONE (t=1.30s).
Accumulating evaluation results...
DONE (t=0.04s).
[NanoDet][02-28 00:46:32]INFO:Train|Epoch23/300|Iter250(9/11)| mem:39.7G| lr:5.00e-04| loss_qfl:0.3211| loss_bbox:0.6012| loss_dfl:0.2493| aux_loss_qfl:0.2642| aux_loss_bbox:0.5483| aux_loss_dfl:0.2301| 
[NanoDet][02-28 00:47:45]INFO:Train|Epoch28/300|Iter300(4/11)| mem:39.7G| lr:6.00e-04| loss_qfl:0.2493| loss_bbox:0.4730| loss_dfl:0.2051| aux_loss_qfl:0.2777| aux_loss_bbox:0.4521| aux_loss_dfl:0.1983| 
[NanoDet][02-28 00:48:27]INFO:Val|Epoch30/300|Iter330(1/3)| mem:39.7G| lr:6.57e-04| loss_qfl:0.2004| loss_bbox:0.5177| loss_dfl:0.2081| aux_loss_qfl:0.1925| aux_loss_bbox:0.4671| aux_loss_dfl:0.1958| 
[NanoDet][02-28 00:48:29]INFO:
 Average Precision  (AP) @[ IoU=0.50:0.95 | area=   all | maxDets=100 ] = 0.255
 Average Precision  (AP) @[ IoU=0.50      | area=   all | maxDets=100 ] = 0.634
 Average Precision  (AP) @[ IoU=0.75      | area=   all | maxDets=100 ] = 0.128
 Average Precision  (AP) @[ IoU=0.50:0.95 | area= small | maxDets=100 ] = 0.040
 Average Precision  (AP) @[ IoU=0.50:0.95 | area=medium | maxDets=100 ] = 0.309
 Average Precision  (AP) @[ IoU=0.50:0.95 | area= large | maxDets=100 ] = 0.496
 Average Recall     (AR) @[ IoU=0.50:0.95 | area=   all | maxDets=  1 ] = 0.021
 Average Recall     (AR) @[ IoU=0.50:0.95 | area=   all | maxDets= 10 ] = 0.154
 Average Recall     (AR) @[ IoU=0.50:0.95 | area=   all | maxDets=100 ] = 0.342
 Average Recall     (AR) @[ IoU=0.50:0.95 | area= small | maxDets=100 ] = 0.072
 Average Recall     (AR) @[ IoU=0.50:0.95 | area=medium | maxDets=100 ] = 0.416
 Average Recall     (AR) @[ IoU=0.50:0.95 | area= large | maxDets=100 ] = 0.570

[NanoDet][02-28 00:48:29]INFO:
| class   | AP50   | mAP   | class   | AP50   | mAP   |
|:--------|:-------|:------|:--------|:-------|:------|
| sheep   | nan    | nan   | sheep   | 63.4   | 25.5  |
[NanoDet][02-28 00:48:30]INFO:Saving model to workspace/1013_300/model_best/nanodet_model_best.pth
[NanoDet][02-28 00:48:30]INFO:Val_metrics: {'mAP': 0.2545611153798352, 'AP_50': 0.6344302994427109, 'AP_75': 0.1275549114348914, 'AP_small': 0.03977526323118605, 'AP_m': 0.30921102966534475, 'AP_l': 0.4960539169511407}
Loading and preparing results...
DONE (t=0.11s)
creating index...
index created!
Running per image evaluation...
Evaluate annotation type *bbox*
DONE (t=1.27s).
Accumulating evaluation results...
DONE (t=0.04s).
[NanoDet][02-28 00:48:59]INFO:Train|Epoch32/300|Iter350(10/11)| mem:39.7G| lr:7.00e-04| loss_qfl:0.2824| loss_bbox:0.4959| loss_dfl:0.2224| aux_loss_qfl:0.2454| aux_loss_bbox:0.4510| aux_loss_dfl:0.2001| 
[NanoDet][02-28 00:50:12]INFO:Train|Epoch37/300|Iter400(5/11)| mem:39.7G| lr:8.00e-04| loss_qfl:0.3043| loss_bbox:0.6314| loss_dfl:0.2268| aux_loss_qfl:0.2565| aux_loss_bbox:0.5735| aux_loss_dfl:0.2057| 
[NanoDet][02-28 00:51:08]INFO:Val|Epoch40/300|Iter440(1/3)| mem:39.7G| lr:8.76e-04| loss_qfl:0.2761| loss_bbox:0.4536| loss_dfl:0.2027| aux_loss_qfl:0.2233| aux_loss_bbox:0.4355| aux_loss_dfl:0.1922| 
[NanoDet][02-28 00:51:10]INFO:
 Average Precision  (AP) @[ IoU=0.50:0.95 | area=   all | maxDets=100 ] = 0.276
 Average Precision  (AP) @[ IoU=0.50      | area=   all | maxDets=100 ] = 0.577
 Average Precision  (AP) @[ IoU=0.75      | area=   all | maxDets=100 ] = 0.221
 Average Precision  (AP) @[ IoU=0.50:0.95 | area= small | maxDets=100 ] = 0.031
 Average Precision  (AP) @[ IoU=0.50:0.95 | area=medium | maxDets=100 ] = 0.318
 Average Precision  (AP) @[ IoU=0.50:0.95 | area= large | maxDets=100 ] = 0.593
 Average Recall     (AR) @[ IoU=0.50:0.95 | area=   all | maxDets=  1 ] = 0.024
 Average Recall     (AR) @[ IoU=0.50:0.95 | area=   all | maxDets= 10 ] = 0.172
 Average Recall     (AR) @[ IoU=0.50:0.95 | area=   all | maxDets=100 ] = 0.383
 Average Recall     (AR) @[ IoU=0.50:0.95 | area= small | maxDets=100 ] = 0.133
 Average Recall     (AR) @[ IoU=0.50:0.95 | area=medium | maxDets=100 ] = 0.439
 Average Recall     (AR) @[ IoU=0.50:0.95 | area= large | maxDets=100 ] = 0.664

[NanoDet][02-28 00:51:10]INFO:
| class   | AP50   | mAP   | class   | AP50   | mAP   |
|:--------|:-------|:------|:--------|:-------|:------|
| sheep   | nan    | nan   | sheep   | 57.7   | 27.6  |
[NanoDet][02-28 00:51:11]INFO:Saving model to workspace/1013_300/model_best/nanodet_model_best.pth
[NanoDet][02-28 00:51:11]INFO:Val_metrics: {'mAP': 0.2759540951849179, 'AP_50': 0.5772926606109834, 'AP_75': 0.22074402115416403, 'AP_small': 0.030693173580469576, 'AP_m': 0.317937744967035, 'AP_l': 0.5931856068726393}
Loading and preparing results...
DONE (t=0.11s)
creating index...
index created!
Running per image evaluation...
Evaluate annotation type *bbox*
DONE (t=1.25s).
Accumulating evaluation results...
DONE (t=0.04s).
[NanoDet][02-28 00:51:26]INFO:Train|Epoch41/300|Iter450(11/11)| mem:39.7G| lr:9.00e-04| loss_qfl:0.2375| loss_bbox:0.5367| loss_dfl:0.1982| aux_loss_qfl:0.2251| aux_loss_bbox:0.5141| aux_loss_dfl:0.2001| 
[NanoDet][02-28 00:52:39]INFO:Train|Epoch46/300|Iter500(6/11)| mem:39.7G| lr:1.00e-03| loss_qfl:0.1767| loss_bbox:0.4576| loss_dfl:0.1923| aux_loss_qfl:0.1847| aux_loss_bbox:0.4606| aux_loss_dfl:0.1882| 
[NanoDet][02-28 00:53:50]INFO:Val|Epoch50/300|Iter550(1/3)| mem:39.7G| lr:9.87e-04| loss_qfl:0.1789| loss_bbox:0.4091| loss_dfl:0.1813| aux_loss_qfl:0.1812| aux_loss_bbox:0.4276| aux_loss_dfl:0.1829| 
[NanoDet][02-28 00:53:52]INFO:
 Average Precision  (AP) @[ IoU=0.50:0.95 | area=   all | maxDets=100 ] = 0.383
 Average Precision  (AP) @[ IoU=0.50      | area=   all | maxDets=100 ] = 0.768
 Average Precision  (AP) @[ IoU=0.75      | area=   all | maxDets=100 ] = 0.347
 Average Precision  (AP) @[ IoU=0.50:0.95 | area= small | maxDets=100 ] = 0.127
 Average Precision  (AP) @[ IoU=0.50:0.95 | area=medium | maxDets=100 ] = 0.437
 Average Precision  (AP) @[ IoU=0.50:0.95 | area= large | maxDets=100 ] = 0.650
 Average Recall     (AR) @[ IoU=0.50:0.95 | area=   all | maxDets=  1 ] = 0.027
 Average Recall     (AR) @[ IoU=0.50:0.95 | area=   all | maxDets= 10 ] = 0.198
 Average Recall     (AR) @[ IoU=0.50:0.95 | area=   all | maxDets=100 ] = 0.452
 Average Recall     (AR) @[ IoU=0.50:0.95 | area= small | maxDets=100 ] = 0.191
 Average Recall     (AR) @[ IoU=0.50:0.95 | area=medium | maxDets=100 ] = 0.516
 Average Recall     (AR) @[ IoU=0.50:0.95 | area= large | maxDets=100 ] = 0.716

[NanoDet][02-28 00:53:52]INFO:
| class   | AP50   | mAP   | class   | AP50   | mAP   |
|:--------|:-------|:------|:--------|:-------|:------|
| sheep   | nan    | nan   | sheep   | 76.8   | 38.3  |
[NanoDet][02-28 00:53:53]INFO:Saving model to workspace/1013_300/model_best/nanodet_model_best.pth
[NanoDet][02-28 00:53:53]INFO:Val_metrics: {'mAP': 0.3829265999131301, 'AP_50': 0.7682248623482236, 'AP_75': 0.3473852020717506, 'AP_small': 0.1269064922964382, 'AP_m': 0.4368907658306873, 'AP_l': 0.6500120898234676}
Loading and preparing results...
DONE (t=0.11s)
creating index...
index created!
Running per image evaluation...
Evaluate annotation type *bbox*
DONE (t=1.23s).
Accumulating evaluation results...
DONE (t=0.04s).
[NanoDet][02-28 00:53:59]INFO:Train|Epoch51/300|Iter550(1/11)| mem:39.7G| lr:9.87e-04| loss_qfl:0.1970| loss_bbox:0.4933| loss_dfl:0.1836| aux_loss_qfl:0.1884| aux_loss_bbox:0.4985| aux_loss_dfl:0.1789| 
[NanoDet][02-28 00:55:06]INFO:Train|Epoch55/300|Iter600(7/11)| mem:39.7G| lr:9.77e-04| loss_qfl:0.1943| loss_bbox:0.4673| loss_dfl:0.1869| aux_loss_qfl:0.1772| aux_loss_bbox:0.4462| aux_loss_dfl:0.1823| 
[NanoDet][02-28 00:56:18]INFO:Train|Epoch60/300|Iter650(2/11)| mem:39.7G| lr:9.62e-04| loss_qfl:0.1942| loss_bbox:0.4952| loss_dfl:0.1819| aux_loss_qfl:0.1754| aux_loss_bbox:0.4751| aux_loss_dfl:0.1805| 
[NanoDet][02-28 00:56:31]INFO:Val|Epoch60/300|Iter660(1/3)| mem:39.7G| lr:9.59e-04| loss_qfl:0.1945| loss_bbox:0.3964| loss_dfl:0.1818| aux_loss_qfl:0.1828| aux_loss_bbox:0.3924| aux_loss_dfl:0.1801| 
[NanoDet][02-28 00:56:33]INFO:
 Average Precision  (AP) @[ IoU=0.50:0.95 | area=   all | maxDets=100 ] = 0.400
 Average Precision  (AP) @[ IoU=0.50      | area=   all | maxDets=100 ] = 0.801
 Average Precision  (AP) @[ IoU=0.75      | area=   all | maxDets=100 ] = 0.344
 Average Precision  (AP) @[ IoU=0.50:0.95 | area= small | maxDets=100 ] = 0.188
 Average Precision  (AP) @[ IoU=0.50:0.95 | area=medium | maxDets=100 ] = 0.451
 Average Precision  (AP) @[ IoU=0.50:0.95 | area= large | maxDets=100 ] = 0.631
 Average Recall     (AR) @[ IoU=0.50:0.95 | area=   all | maxDets=  1 ] = 0.026
 Average Recall     (AR) @[ IoU=0.50:0.95 | area=   all | maxDets= 10 ] = 0.205
 Average Recall     (AR) @[ IoU=0.50:0.95 | area=   all | maxDets=100 ] = 0.471
 Average Recall     (AR) @[ IoU=0.50:0.95 | area= small | maxDets=100 ] = 0.245
 Average Recall     (AR) @[ IoU=0.50:0.95 | area=medium | maxDets=100 ] = 0.523
 Average Recall     (AR) @[ IoU=0.50:0.95 | area= large | maxDets=100 ] = 0.720

[NanoDet][02-28 00:56:33]INFO:
| class   | AP50   | mAP   | class   | AP50   | mAP   |
|:--------|:-------|:------|:--------|:-------|:------|
| sheep   | nan    | nan   | sheep   | 80.1   | 40.0  |
[NanoDet][02-28 00:56:33]INFO:Saving model to workspace/1013_300/model_best/nanodet_model_best.pth
[NanoDet][02-28 00:56:34]INFO:Val_metrics: {'mAP': 0.4004114182418603, 'AP_50': 0.8005631306134813, 'AP_75': 0.34362660372672904, 'AP_small': 0.18773617007034432, 'AP_m': 0.451485757870497, 'AP_l': 0.6311181497957171}
Loading and preparing results...
DONE (t=0.02s)
creating index...
index created!
Running per image evaluation...
Evaluate annotation type *bbox*
DONE (t=1.22s).
Accumulating evaluation results...
DONE (t=0.04s).
[NanoDet][02-28 00:57:32]INFO:Train|Epoch64/300|Iter700(8/11)| mem:39.7G| lr:9.49e-04| loss_qfl:0.1416| loss_bbox:0.4441| loss_dfl:0.1826| aux_loss_qfl:0.1410| aux_loss_bbox:0.4669| aux_loss_dfl:0.1850| 
[NanoDet][02-28 00:58:43]INFO:Train|Epoch69/300|Iter750(3/11)| mem:39.7G| lr:9.33e-04| loss_qfl:0.1517| loss_bbox:0.4341| loss_dfl:0.1748| aux_loss_qfl:0.1421| aux_loss_bbox:0.4433| aux_loss_dfl:0.1734| 
[NanoDet][02-28 00:59:11]INFO:Val|Epoch70/300|Iter770(1/3)| mem:39.7G| lr:9.26e-04| loss_qfl:0.1725| loss_bbox:0.4082| loss_dfl:0.1815| aux_loss_qfl:0.1508| aux_loss_bbox:0.3951| aux_loss_dfl:0.1778| 
[NanoDet][02-28 00:59:14]INFO:
 Average Precision  (AP) @[ IoU=0.50:0.95 | area=   all | maxDets=100 ] = 0.422
 Average Precision  (AP) @[ IoU=0.50      | area=   all | maxDets=100 ] = 0.805
 Average Precision  (AP) @[ IoU=0.75      | area=   all | maxDets=100 ] = 0.413
 Average Precision  (AP) @[ IoU=0.50:0.95 | area= small | maxDets=100 ] = 0.179
 Average Precision  (AP) @[ IoU=0.50:0.95 | area=medium | maxDets=100 ] = 0.467
 Average Precision  (AP) @[ IoU=0.50:0.95 | area= large | maxDets=100 ] = 0.684
 Average Recall     (AR) @[ IoU=0.50:0.95 | area=   all | maxDets=  1 ] = 0.027
 Average Recall     (AR) @[ IoU=0.50:0.95 | area=   all | maxDets= 10 ] = 0.209
 Average Recall     (AR) @[ IoU=0.50:0.95 | area=   all | maxDets=100 ] = 0.492
 Average Recall     (AR) @[ IoU=0.50:0.95 | area= small | maxDets=100 ] = 0.260
 Average Recall     (AR) @[ IoU=0.50:0.95 | area=medium | maxDets=100 ] = 0.548
 Average Recall     (AR) @[ IoU=0.50:0.95 | area= large | maxDets=100 ] = 0.737

[NanoDet][02-28 00:59:14]INFO:
| class   | AP50   | mAP   | class   | AP50   | mAP   |
|:--------|:-------|:------|:--------|:-------|:------|
| sheep   | nan    | nan   | sheep   | 80.5   | 42.2  |
[NanoDet][02-28 00:59:14]INFO:Saving model to workspace/1013_300/model_best/nanodet_model_best.pth
[NanoDet][02-28 00:59:14]INFO:Val_metrics: {'mAP': 0.42180455613996426, 'AP_50': 0.8053564681409681, 'AP_75': 0.41299287400392026, 'AP_small': 0.17905370715208652, 'AP_m': 0.46732220130146995, 'AP_l': 0.6839746922081407}
Loading and preparing results...
DONE (t=0.11s)
creating index...
index created!
Running per image evaluation...
Evaluate annotation type *bbox*
DONE (t=1.22s).
Accumulating evaluation results...
DONE (t=0.04s).
[NanoDet][02-28 00:59:58]INFO:Train|Epoch73/300|Iter800(9/11)| mem:39.7G| lr:9.19e-04| loss_qfl:0.1774| loss_bbox:0.4464| loss_dfl:0.1912| aux_loss_qfl:0.1477| aux_loss_bbox:0.4197| aux_loss_dfl:0.1835| 
[NanoDet][02-28 01:01:11]INFO:Train|Epoch78/300|Iter850(4/11)| mem:39.7G| lr:9.00e-04| loss_qfl:0.1740| loss_bbox:0.4473| loss_dfl:0.1730| aux_loss_qfl:0.1732| aux_loss_bbox:0.4243| aux_loss_dfl:0.1677| 
[NanoDet][02-28 01:01:52]INFO:Val|Epoch80/300|Iter880(1/3)| mem:39.7G| lr:8.89e-04| loss_qfl:0.1750| loss_bbox:0.3669| loss_dfl:0.1712| aux_loss_qfl:0.1702| aux_loss_bbox:0.3669| aux_loss_dfl:0.1696| 
[NanoDet][02-28 01:01:54]INFO:
 Average Precision  (AP) @[ IoU=0.50:0.95 | area=   all | maxDets=100 ] = 0.450
 Average Precision  (AP) @[ IoU=0.50      | area=   all | maxDets=100 ] = 0.834
 Average Precision  (AP) @[ IoU=0.75      | area=   all | maxDets=100 ] = 0.443
 Average Precision  (AP) @[ IoU=0.50:0.95 | area= small | maxDets=100 ] = 0.188
 Average Precision  (AP) @[ IoU=0.50:0.95 | area=medium | maxDets=100 ] = 0.501
 Average Precision  (AP) @[ IoU=0.50:0.95 | area= large | maxDets=100 ] = 0.717
 Average Recall     (AR) @[ IoU=0.50:0.95 | area=   all | maxDets=  1 ] = 0.029
 Average Recall     (AR) @[ IoU=0.50:0.95 | area=   all | maxDets= 10 ] = 0.221
 Average Recall     (AR) @[ IoU=0.50:0.95 | area=   all | maxDets=100 ] = 0.507
 Average Recall     (AR) @[ IoU=0.50:0.95 | area= small | maxDets=100 ] = 0.265
 Average Recall     (AR) @[ IoU=0.50:0.95 | area=medium | maxDets=100 ] = 0.567
 Average Recall     (AR) @[ IoU=0.50:0.95 | area= large | maxDets=100 ] = 0.758

[NanoDet][02-28 01:01:54]INFO:
| class   | AP50   | mAP   | class   | AP50   | mAP   |
|:--------|:-------|:------|:--------|:-------|:------|
| sheep   | nan    | nan   | sheep   | 83.4   | 45.0  |
[NanoDet][02-28 01:01:55]INFO:Saving model to workspace/1013_300/model_best/nanodet_model_best.pth
[NanoDet][02-28 01:01:55]INFO:Val_metrics: {'mAP': 0.44980678414023173, 'AP_50': 0.833975726795838, 'AP_75': 0.4426359612121137, 'AP_small': 0.1880578579457015, 'AP_m': 0.5007125298959586, 'AP_l': 0.7170063452123795}
Loading and preparing results...
DONE (t=0.02s)
creating index...
index created!
Running per image evaluation...
Evaluate annotation type *bbox*
DONE (t=1.21s).
Accumulating evaluation results...
DONE (t=0.04s).
[NanoDet][02-28 01:02:25]INFO:Train|Epoch82/300|Iter900(10/11)| mem:39.7G| lr:8.85e-04| loss_qfl:0.1530| loss_bbox:0.4321| loss_dfl:0.1697| aux_loss_qfl:0.1445| aux_loss_bbox:0.4252| aux_loss_dfl:0.1678| 
[NanoDet][02-28 01:03:39]INFO:Train|Epoch87/300|Iter950(5/11)| mem:39.7G| lr:8.64e-04| loss_qfl:0.1545| loss_bbox:0.4109| loss_dfl:0.1758| aux_loss_qfl:0.1485| aux_loss_bbox:0.3962| aux_loss_dfl:0.1731| 
[NanoDet][02-28 01:04:35]INFO:Val|Epoch90/300|Iter990(1/3)| mem:39.7G| lr:8.48e-04| loss_qfl:0.1450| loss_bbox:0.3683| loss_dfl:0.1728| aux_loss_qfl:0.1239| aux_loss_bbox:0.3515| aux_loss_dfl:0.1696| 
[NanoDet][02-28 01:04:37]INFO:
 Average Precision  (AP) @[ IoU=0.50:0.95 | area=   all | maxDets=100 ] = 0.443
 Average Precision  (AP) @[ IoU=0.50      | area=   all | maxDets=100 ] = 0.837
 Average Precision  (AP) @[ IoU=0.75      | area=   all | maxDets=100 ] = 0.441
 Average Precision  (AP) @[ IoU=0.50:0.95 | area= small | maxDets=100 ] = 0.194
 Average Precision  (AP) @[ IoU=0.50:0.95 | area=medium | maxDets=100 ] = 0.494
 Average Precision  (AP) @[ IoU=0.50:0.95 | area= large | maxDets=100 ] = 0.720
 Average Recall     (AR) @[ IoU=0.50:0.95 | area=   all | maxDets=  1 ] = 0.028
 Average Recall     (AR) @[ IoU=0.50:0.95 | area=   all | maxDets= 10 ] = 0.216
 Average Recall     (AR) @[ IoU=0.50:0.95 | area=   all | maxDets=100 ] = 0.506
 Average Recall     (AR) @[ IoU=0.50:0.95 | area= small | maxDets=100 ] = 0.247
 Average Recall     (AR) @[ IoU=0.50:0.95 | area=medium | maxDets=100 ] = 0.568
 Average Recall     (AR) @[ IoU=0.50:0.95 | area= large | maxDets=100 ] = 0.775

[NanoDet][02-28 01:04:37]INFO:
| class   | AP50   | mAP   | class   | AP50   | mAP   |
|:--------|:-------|:------|:--------|:-------|:------|
| sheep   | nan    | nan   | sheep   | 83.7   | 44.3  |
/cluster/home/mariutor/nanodet/nanodet/trainer/task.py:183: UserWarning: Warning! Save_key is not in eval results! Only save model last!
  warnings.warn(
[NanoDet][02-28 01:04:37]INFO:Val_metrics: {'mAP': 0.44327256534021536, 'AP_50': 0.837120518877827, 'AP_75': 0.4414179439958692, 'AP_small': 0.19434671844495138, 'AP_m': 0.4944885725904766, 'AP_l': 0.7200701585460948}
Loading and preparing results...
DONE (t=0.02s)
creating index...
index created!
Running per image evaluation...
Evaluate annotation type *bbox*
DONE (t=1.21s).
Accumulating evaluation results...
DONE (t=0.04s).
[NanoDet][02-28 01:04:52]INFO:Train|Epoch91/300|Iter1000(11/11)| mem:39.7G| lr:8.48e-04| loss_qfl:0.1514| loss_bbox:0.4046| loss_dfl:0.1746| aux_loss_qfl:0.1439| aux_loss_bbox:0.3673| aux_loss_dfl:0.1693| 
[NanoDet][02-28 01:06:04]INFO:Train|Epoch96/300|Iter1050(6/11)| mem:39.7G| lr:8.26e-04| loss_qfl:0.1950| loss_bbox:0.3718| loss_dfl:0.1649| aux_loss_qfl:0.1573| aux_loss_bbox:0.3545| aux_loss_dfl:0.1626| 
[NanoDet][02-28 01:07:15]INFO:Val|Epoch100/300|Iter1100(1/3)| mem:39.7G| lr:8.04e-04| loss_qfl:0.1446| loss_bbox:0.3553| loss_dfl:0.1691| aux_loss_qfl:0.1446| aux_loss_bbox:0.3447| aux_loss_dfl:0.1677| 
[NanoDet][02-28 01:07:17]INFO:
 Average Precision  (AP) @[ IoU=0.50:0.95 | area=   all | maxDets=100 ] = 0.467
 Average Precision  (AP) @[ IoU=0.50      | area=   all | maxDets=100 ] = 0.841
 Average Precision  (AP) @[ IoU=0.75      | area=   all | maxDets=100 ] = 0.467
 Average Precision  (AP) @[ IoU=0.50:0.95 | area= small | maxDets=100 ] = 0.212
 Average Precision  (AP) @[ IoU=0.50:0.95 | area=medium | maxDets=100 ] = 0.522
 Average Precision  (AP) @[ IoU=0.50:0.95 | area= large | maxDets=100 ] = 0.733
 Average Recall     (AR) @[ IoU=0.50:0.95 | area=   all | maxDets=  1 ] = 0.029
 Average Recall     (AR) @[ IoU=0.50:0.95 | area=   all | maxDets= 10 ] = 0.226
 Average Recall     (AR) @[ IoU=0.50:0.95 | area=   all | maxDets=100 ] = 0.534
 Average Recall     (AR) @[ IoU=0.50:0.95 | area= small | maxDets=100 ] = 0.273
 Average Recall     (AR) @[ IoU=0.50:0.95 | area=medium | maxDets=100 ] = 0.600
 Average Recall     (AR) @[ IoU=0.50:0.95 | area= large | maxDets=100 ] = 0.784

[NanoDet][02-28 01:07:18]INFO:
| class   | AP50   | mAP   | class   | AP50   | mAP   |
|:--------|:-------|:------|:--------|:-------|:------|
| sheep   | nan    | nan   | sheep   | 84.1   | 46.7  |
[NanoDet][02-28 01:07:18]INFO:Saving model to workspace/1013_300/model_best/nanodet_model_best.pth
[NanoDet][02-28 01:07:18]INFO:Val_metrics: {'mAP': 0.4668415626134118, 'AP_50': 0.8407873403112223, 'AP_75': 0.4672400406490566, 'AP_small': 0.21233005347410944, 'AP_m': 0.5222365954957813, 'AP_l': 0.7331315101471931}
Loading and preparing results...
DONE (t=0.11s)
creating index...
index created!
Running per image evaluation...
Evaluate annotation type *bbox*
DONE (t=1.22s).
Accumulating evaluation results...
DONE (t=0.04s).
[NanoDet][02-28 01:07:25]INFO:Train|Epoch101/300|Iter1100(1/11)| mem:39.7G| lr:8.04e-04| loss_qfl:0.1485| loss_bbox:0.3857| loss_dfl:0.1637| aux_loss_qfl:0.1509| aux_loss_bbox:0.3682| aux_loss_dfl:0.1619| 
[NanoDet][02-28 01:08:30]INFO:Train|Epoch105/300|Iter1150(7/11)| mem:39.7G| lr:7.85e-04| loss_qfl:0.1703| loss_bbox:0.3679| loss_dfl:0.1779| aux_loss_qfl:0.1609| aux_loss_bbox:0.3455| aux_loss_dfl:0.1730| 
[NanoDet][02-28 01:09:42]INFO:Train|Epoch110/300|Iter1200(2/11)| mem:39.7G| lr:7.62e-04| loss_qfl:0.1650| loss_bbox:0.3582| loss_dfl:0.1622| aux_loss_qfl:0.1515| aux_loss_bbox:0.3430| aux_loss_dfl:0.1600| 
[NanoDet][02-28 01:09:55]INFO:Val|Epoch110/300|Iter1210(1/3)| mem:39.7G| lr:7.57e-04| loss_qfl:0.1265| loss_bbox:0.3442| loss_dfl:0.1680| aux_loss_qfl:0.1149| aux_loss_bbox:0.3398| aux_loss_dfl:0.1667| 
[NanoDet][02-28 01:09:57]INFO:
 Average Precision  (AP) @[ IoU=0.50:0.95 | area=   all | maxDets=100 ] = 0.499
 Average Precision  (AP) @[ IoU=0.50      | area=   all | maxDets=100 ] = 0.862
 Average Precision  (AP) @[ IoU=0.75      | area=   all | maxDets=100 ] = 0.548
 Average Precision  (AP) @[ IoU=0.50:0.95 | area= small | maxDets=100 ] = 0.255
 Average Precision  (AP) @[ IoU=0.50:0.95 | area=medium | maxDets=100 ] = 0.552
 Average Precision  (AP) @[ IoU=0.50:0.95 | area= large | maxDets=100 ] = 0.725
 Average Recall     (AR) @[ IoU=0.50:0.95 | area=   all | maxDets=  1 ] = 0.030
 Average Recall     (AR) @[ IoU=0.50:0.95 | area=   all | maxDets= 10 ] = 0.231
 Average Recall     (AR) @[ IoU=0.50:0.95 | area=   all | maxDets=100 ] = 0.552
 Average Recall     (AR) @[ IoU=0.50:0.95 | area= small | maxDets=100 ] = 0.316
 Average Recall     (AR) @[ IoU=0.50:0.95 | area=medium | maxDets=100 ] = 0.611
 Average Recall     (AR) @[ IoU=0.50:0.95 | area= large | maxDets=100 ] = 0.781

[NanoDet][02-28 01:09:57]INFO:
| class   | AP50   | mAP   | class   | AP50   | mAP   |
|:--------|:-------|:------|:--------|:-------|:------|
| sheep   | nan    | nan   | sheep   | 86.2   | 49.9  |
[NanoDet][02-28 01:09:58]INFO:Saving model to workspace/1013_300/model_best/nanodet_model_best.pth
[NanoDet][02-28 01:09:58]INFO:Val_metrics: {'mAP': 0.498924767431792, 'AP_50': 0.8615721728914568, 'AP_75': 0.5482186248810254, 'AP_small': 0.2547960318841612, 'AP_m': 0.5524683042066976, 'AP_l': 0.7249898754083787}
Loading and preparing results...
DONE (t=0.02s)
creating index...
index created!
Running per image evaluation...
Evaluate annotation type *bbox*
DONE (t=1.18s).
Accumulating evaluation results...
DONE (t=0.04s).
[NanoDet][02-28 01:10:57]INFO:Train|Epoch114/300|Iter1250(8/11)| mem:39.7G| lr:7.42e-04| loss_qfl:0.1413| loss_bbox:0.3678| loss_dfl:0.1756| aux_loss_qfl:0.1204| aux_loss_bbox:0.3511| aux_loss_dfl:0.1717| 
[NanoDet][02-28 01:12:11]INFO:Train|Epoch119/300|Iter1300(3/11)| mem:39.7G| lr:7.18e-04| loss_qfl:0.1427| loss_bbox:0.3288| loss_dfl:0.1659| aux_loss_qfl:0.1279| aux_loss_bbox:0.3233| aux_loss_dfl:0.1618| 
[NanoDet][02-28 01:12:39]INFO:Val|Epoch120/300|Iter1320(1/3)| mem:39.7G| lr:7.08e-04| loss_qfl:0.1336| loss_bbox:0.3335| loss_dfl:0.1646| aux_loss_qfl:0.1160| aux_loss_bbox:0.3300| aux_loss_dfl:0.1637| 
[NanoDet][02-28 01:12:41]INFO:
 Average Precision  (AP) @[ IoU=0.50:0.95 | area=   all | maxDets=100 ] = 0.503
 Average Precision  (AP) @[ IoU=0.50      | area=   all | maxDets=100 ] = 0.869
 Average Precision  (AP) @[ IoU=0.75      | area=   all | maxDets=100 ] = 0.538
 Average Precision  (AP) @[ IoU=0.50:0.95 | area= small | maxDets=100 ] = 0.253
 Average Precision  (AP) @[ IoU=0.50:0.95 | area=medium | maxDets=100 ] = 0.560
 Average Precision  (AP) @[ IoU=0.50:0.95 | area= large | maxDets=100 ] = 0.751
 Average Recall     (AR) @[ IoU=0.50:0.95 | area=   all | maxDets=  1 ] = 0.030
 Average Recall     (AR) @[ IoU=0.50:0.95 | area=   all | maxDets= 10 ] = 0.235
 Average Recall     (AR) @[ IoU=0.50:0.95 | area=   all | maxDets=100 ] = 0.557
 Average Recall     (AR) @[ IoU=0.50:0.95 | area= small | maxDets=100 ] = 0.305
 Average Recall     (AR) @[ IoU=0.50:0.95 | area=medium | maxDets=100 ] = 0.621
 Average Recall     (AR) @[ IoU=0.50:0.95 | area= large | maxDets=100 ] = 0.797

[NanoDet][02-28 01:12:41]INFO:
| class   | AP50   | mAP   | class   | AP50   | mAP   |
|:--------|:-------|:------|:--------|:-------|:------|
| sheep   | nan    | nan   | sheep   | 86.9   | 50.3  |
[NanoDet][02-28 01:12:41]INFO:Saving model to workspace/1013_300/model_best/nanodet_model_best.pth
[NanoDet][02-28 01:12:41]INFO:Val_metrics: {'mAP': 0.5033183021210242, 'AP_50': 0.8691558896495984, 'AP_75': 0.5376557753309192, 'AP_small': 0.2529767600968829, 'AP_m': 0.5604465032723801, 'AP_l': 0.7509696128070801}
Loading and preparing results...
DONE (t=0.02s)
creating index...
index created!
Running per image evaluation...
Evaluate annotation type *bbox*
DONE (t=1.17s).
Accumulating evaluation results...
DONE (t=0.04s).
[NanoDet][02-28 01:13:26]INFO:Train|Epoch123/300|Iter1350(9/11)| mem:39.7G| lr:6.98e-04| loss_qfl:0.1243| loss_bbox:0.3298| loss_dfl:0.1594| aux_loss_qfl:0.1143| aux_loss_bbox:0.3195| aux_loss_dfl:0.1573| 
[NanoDet][02-28 01:14:39]INFO:Train|Epoch128/300|Iter1400(4/11)| mem:39.7G| lr:6.72e-04| loss_qfl:0.1447| loss_bbox:0.4575| loss_dfl:0.1647| aux_loss_qfl:0.1295| aux_loss_bbox:0.4364| aux_loss_dfl:0.1616| 
[NanoDet][02-28 01:15:20]INFO:Val|Epoch130/300|Iter1430(1/3)| mem:39.7G| lr:6.57e-04| loss_qfl:0.1196| loss_bbox:0.3259| loss_dfl:0.1641| aux_loss_qfl:0.1051| aux_loss_bbox:0.3227| aux_loss_dfl:0.1646| 
[NanoDet][02-28 01:15:23]INFO:
 Average Precision  (AP) @[ IoU=0.50:0.95 | area=   all | maxDets=100 ] = 0.517
 Average Precision  (AP) @[ IoU=0.50      | area=   all | maxDets=100 ] = 0.879
 Average Precision  (AP) @[ IoU=0.75      | area=   all | maxDets=100 ] = 0.548
 Average Precision  (AP) @[ IoU=0.50:0.95 | area= small | maxDets=100 ] = 0.291
 Average Precision  (AP) @[ IoU=0.50:0.95 | area=medium | maxDets=100 ] = 0.565
 Average Precision  (AP) @[ IoU=0.50:0.95 | area= large | maxDets=100 ] = 0.758
 Average Recall     (AR) @[ IoU=0.50:0.95 | area=   all | maxDets=  1 ] = 0.032
 Average Recall     (AR) @[ IoU=0.50:0.95 | area=   all | maxDets= 10 ] = 0.239
 Average Recall     (AR) @[ IoU=0.50:0.95 | area=   all | maxDets=100 ] = 0.570
 Average Recall     (AR) @[ IoU=0.50:0.95 | area= small | maxDets=100 ] = 0.340
 Average Recall     (AR) @[ IoU=0.50:0.95 | area=medium | maxDets=100 ] = 0.627
 Average Recall     (AR) @[ IoU=0.50:0.95 | area= large | maxDets=100 ] = 0.802

[NanoDet][02-28 01:15:23]INFO:
| class   | AP50   | mAP   | class   | AP50   | mAP   |
|:--------|:-------|:------|:--------|:-------|:------|
| sheep   | nan    | nan   | sheep   | 87.9   | 51.7  |
[NanoDet][02-28 01:15:23]INFO:Saving model to workspace/1013_300/model_best/nanodet_model_best.pth
[NanoDet][02-28 01:15:23]INFO:Val_metrics: {'mAP': 0.5173453314725026, 'AP_50': 0.8785416248634959, 'AP_75': 0.548030520023084, 'AP_small': 0.29135711552941174, 'AP_m': 0.5650916582815269, 'AP_l': 0.7579696944394579}
Loading and preparing results...
DONE (t=0.01s)
creating index...
index created!
Running per image evaluation...
Evaluate annotation type *bbox*
DONE (t=1.15s).
Accumulating evaluation results...
DONE (t=0.04s).
[NanoDet][02-28 01:15:53]INFO:Train|Epoch132/300|Iter1450(10/11)| mem:39.7G| lr:6.52e-04| loss_qfl:0.1715| loss_bbox:0.4061| loss_dfl:0.1623| aux_loss_qfl:0.1402| aux_loss_bbox:0.3946| aux_loss_dfl:0.1588| 
[NanoDet][02-28 01:17:04]INFO:Train|Epoch137/300|Iter1500(5/11)| mem:39.7G| lr:6.26e-04| loss_qfl:0.1399| loss_bbox:0.3701| loss_dfl:0.1628| aux_loss_qfl:0.1263| aux_loss_bbox:0.3615| aux_loss_dfl:0.1588| 
[NanoDet][02-28 01:18:00]INFO:Val|Epoch140/300|Iter1540(1/3)| mem:39.7G| lr:6.05e-04| loss_qfl:0.1299| loss_bbox:0.3293| loss_dfl:0.1645| aux_loss_qfl:0.1079| aux_loss_bbox:0.3155| aux_loss_dfl:0.1631| 
[NanoDet][02-28 01:18:03]INFO:
 Average Precision  (AP) @[ IoU=0.50:0.95 | area=   all | maxDets=100 ] = 0.517
 Average Precision  (AP) @[ IoU=0.50      | area=   all | maxDets=100 ] = 0.889
 Average Precision  (AP) @[ IoU=0.75      | area=   all | maxDets=100 ] = 0.545
 Average Precision  (AP) @[ IoU=0.50:0.95 | area= small | maxDets=100 ] = 0.296
 Average Precision  (AP) @[ IoU=0.50:0.95 | area=medium | maxDets=100 ] = 0.570
 Average Precision  (AP) @[ IoU=0.50:0.95 | area= large | maxDets=100 ] = 0.704
 Average Recall     (AR) @[ IoU=0.50:0.95 | area=   all | maxDets=  1 ] = 0.030
 Average Recall     (AR) @[ IoU=0.50:0.95 | area=   all | maxDets= 10 ] = 0.237
 Average Recall     (AR) @[ IoU=0.50:0.95 | area=   all | maxDets=100 ] = 0.571
 Average Recall     (AR) @[ IoU=0.50:0.95 | area= small | maxDets=100 ] = 0.351
 Average Recall     (AR) @[ IoU=0.50:0.95 | area=medium | maxDets=100 ] = 0.631
 Average Recall     (AR) @[ IoU=0.50:0.95 | area= large | maxDets=100 ] = 0.762

[NanoDet][02-28 01:18:03]INFO:
| class   | AP50   | mAP   | class   | AP50   | mAP   |
|:--------|:-------|:------|:--------|:-------|:------|
| sheep   | nan    | nan   | sheep   | 88.9   | 51.7  |
[NanoDet][02-28 01:18:03]INFO:Saving model to workspace/1013_300/model_best/nanodet_model_best.pth
[NanoDet][02-28 01:18:03]INFO:Val_metrics: {'mAP': 0.5174039554287879, 'AP_50': 0.8890786503679531, 'AP_75': 0.5447581556592825, 'AP_small': 0.29611989842527164, 'AP_m': 0.5699321531897448, 'AP_l': 0.7037247722067715}
Loading and preparing results...
DONE (t=0.01s)
creating index...
index created!
Running per image evaluation...
Evaluate annotation type *bbox*
DONE (t=1.15s).
Accumulating evaluation results...
DONE (t=0.04s).
[NanoDet][02-28 01:18:18]INFO:Train|Epoch141/300|Iter1550(11/11)| mem:39.7G| lr:6.05e-04| loss_qfl:0.1413| loss_bbox:0.4129| loss_dfl:0.1620| aux_loss_qfl:0.1235| aux_loss_bbox:0.3875| aux_loss_dfl:0.1608| 
[NanoDet][02-28 01:19:30]INFO:Train|Epoch146/300|Iter1600(6/11)| mem:39.7G| lr:5.79e-04| loss_qfl:0.1310| loss_bbox:0.3249| loss_dfl:0.1685| aux_loss_qfl:0.1092| aux_loss_bbox:0.2933| aux_loss_dfl:0.1655| 
[NanoDet][02-28 01:20:41]INFO:Val|Epoch150/300|Iter1650(1/3)| mem:39.7G| lr:5.52e-04| loss_qfl:0.1214| loss_bbox:0.3394| loss_dfl:0.1649| aux_loss_qfl:0.1049| aux_loss_bbox:0.3336| aux_loss_dfl:0.1650| 
[NanoDet][02-28 01:20:43]INFO:
 Average Precision  (AP) @[ IoU=0.50:0.95 | area=   all | maxDets=100 ] = 0.514
 Average Precision  (AP) @[ IoU=0.50      | area=   all | maxDets=100 ] = 0.873
 Average Precision  (AP) @[ IoU=0.75      | area=   all | maxDets=100 ] = 0.560
 Average Precision  (AP) @[ IoU=0.50:0.95 | area= small | maxDets=100 ] = 0.277
 Average Precision  (AP) @[ IoU=0.50:0.95 | area=medium | maxDets=100 ] = 0.561
 Average Precision  (AP) @[ IoU=0.50:0.95 | area= large | maxDets=100 ] = 0.772
 Average Recall     (AR) @[ IoU=0.50:0.95 | area=   all | maxDets=  1 ] = 0.030
 Average Recall     (AR) @[ IoU=0.50:0.95 | area=   all | maxDets= 10 ] = 0.232
 Average Recall     (AR) @[ IoU=0.50:0.95 | area=   all | maxDets=100 ] = 0.564
 Average Recall     (AR) @[ IoU=0.50:0.95 | area= small | maxDets=100 ] = 0.330
 Average Recall     (AR) @[ IoU=0.50:0.95 | area=medium | maxDets=100 ] = 0.621
 Average Recall     (AR) @[ IoU=0.50:0.95 | area= large | maxDets=100 ] = 0.800

[NanoDet][02-28 01:20:43]INFO:
| class   | AP50   | mAP   | class   | AP50   | mAP   |
|:--------|:-------|:------|:--------|:-------|:------|
| sheep   | nan    | nan   | sheep   | 87.3   | 51.4  |
[NanoDet][02-28 01:20:43]INFO:Val_metrics: {'mAP': 0.5140131586645711, 'AP_50': 0.8727584482393957, 'AP_75': 0.5601743264622544, 'AP_small': 0.2772866679437104, 'AP_m': 0.560988230897397, 'AP_l': 0.7715032387155352}
Loading and preparing results...
DONE (t=0.02s)
creating index...
index created!
Running per image evaluation...
Evaluate annotation type *bbox*
DONE (t=1.17s).
Accumulating evaluation results...
DONE (t=0.04s).
[NanoDet][02-28 01:20:50]INFO:Train|Epoch151/300|Iter1650(1/11)| mem:39.7G| lr:5.52e-04| loss_qfl:0.1374| loss_bbox:0.3578| loss_dfl:0.1637| aux_loss_qfl:0.1305| aux_loss_bbox:0.3442| aux_loss_dfl:0.1593| 
[NanoDet][02-28 01:21:55]INFO:Train|Epoch155/300|Iter1700(7/11)| mem:39.7G| lr:5.31e-04| loss_qfl:0.1508| loss_bbox:0.3148| loss_dfl:0.1739| aux_loss_qfl:0.1397| aux_loss_bbox:0.2945| aux_loss_dfl:0.1700| 
[NanoDet][02-28 01:23:07]INFO:Train|Epoch160/300|Iter1750(2/11)| mem:39.7G| lr:5.05e-04| loss_qfl:0.1290| loss_bbox:0.3507| loss_dfl:0.1662| aux_loss_qfl:0.1104| aux_loss_bbox:0.3255| aux_loss_dfl:0.1638| 
[NanoDet][02-28 01:23:20]INFO:Val|Epoch160/300|Iter1760(1/3)| mem:39.7G| lr:5.00e-04| loss_qfl:0.1343| loss_bbox:0.3254| loss_dfl:0.1629| aux_loss_qfl:0.1110| aux_loss_bbox:0.3273| aux_loss_dfl:0.1640| 
[NanoDet][02-28 01:23:22]INFO:
 Average Precision  (AP) @[ IoU=0.50:0.95 | area=   all | maxDets=100 ] = 0.529
 Average Precision  (AP) @[ IoU=0.50      | area=   all | maxDets=100 ] = 0.885
 Average Precision  (AP) @[ IoU=0.75      | area=   all | maxDets=100 ] = 0.579
 Average Precision  (AP) @[ IoU=0.50:0.95 | area= small | maxDets=100 ] = 0.313
 Average Precision  (AP) @[ IoU=0.50:0.95 | area=medium | maxDets=100 ] = 0.571
 Average Precision  (AP) @[ IoU=0.50:0.95 | area= large | maxDets=100 ] = 0.772
 Average Recall     (AR) @[ IoU=0.50:0.95 | area=   all | maxDets=  1 ] = 0.031
 Average Recall     (AR) @[ IoU=0.50:0.95 | area=   all | maxDets= 10 ] = 0.240
 Average Recall     (AR) @[ IoU=0.50:0.95 | area=   all | maxDets=100 ] = 0.583
 Average Recall     (AR) @[ IoU=0.50:0.95 | area= small | maxDets=100 ] = 0.362
 Average Recall     (AR) @[ IoU=0.50:0.95 | area=medium | maxDets=100 ] = 0.636
 Average Recall     (AR) @[ IoU=0.50:0.95 | area= large | maxDets=100 ] = 0.814

[NanoDet][02-28 01:23:22]INFO:
| class   | AP50   | mAP   | class   | AP50   | mAP   |
|:--------|:-------|:------|:--------|:-------|:------|
| sheep   | nan    | nan   | sheep   | 88.5   | 52.9  |
[NanoDet][02-28 01:23:22]INFO:Saving model to workspace/1013_300/model_best/nanodet_model_best.pth
[NanoDet][02-28 01:23:22]INFO:Val_metrics: {'mAP': 0.5287306811179042, 'AP_50': 0.8851379218736359, 'AP_75': 0.5787692092637554, 'AP_small': 0.3132724842461801, 'AP_m': 0.5713437710848913, 'AP_l': 0.7722718277403278}
Loading and preparing results...
DONE (t=0.02s)
creating index...
index created!
Running per image evaluation...
Evaluate annotation type *bbox*
DONE (t=1.18s).
Accumulating evaluation results...
DONE (t=0.04s).
[NanoDet][02-28 01:24:19]INFO:Train|Epoch164/300|Iter1800(8/11)| mem:39.7G| lr:4.84e-04| loss_qfl:0.1354| loss_bbox:0.3194| loss_dfl:0.1596| aux_loss_qfl:0.1230| aux_loss_bbox:0.2972| aux_loss_dfl:0.1550| 
[NanoDet][02-28 01:25:31]INFO:Train|Epoch169/300|Iter1850(3/11)| mem:39.7G| lr:4.58e-04| loss_qfl:0.1301| loss_bbox:0.3299| loss_dfl:0.1549| aux_loss_qfl:0.1281| aux_loss_bbox:0.3147| aux_loss_dfl:0.1528| 
[NanoDet][02-28 01:25:59]INFO:Val|Epoch170/300|Iter1870(1/3)| mem:39.7G| lr:4.48e-04| loss_qfl:0.1219| loss_bbox:0.3272| loss_dfl:0.1636| aux_loss_qfl:0.1045| aux_loss_bbox:0.3134| aux_loss_dfl:0.1623| 
[NanoDet][02-28 01:26:01]INFO:
 Average Precision  (AP) @[ IoU=0.50:0.95 | area=   all | maxDets=100 ] = 0.529
 Average Precision  (AP) @[ IoU=0.50      | area=   all | maxDets=100 ] = 0.881
 Average Precision  (AP) @[ IoU=0.75      | area=   all | maxDets=100 ] = 0.587
 Average Precision  (AP) @[ IoU=0.50:0.95 | area= small | maxDets=100 ] = 0.284
 Average Precision  (AP) @[ IoU=0.50:0.95 | area=medium | maxDets=100 ] = 0.572
 Average Precision  (AP) @[ IoU=0.50:0.95 | area= large | maxDets=100 ] = 0.768
 Average Recall     (AR) @[ IoU=0.50:0.95 | area=   all | maxDets=  1 ] = 0.031
 Average Recall     (AR) @[ IoU=0.50:0.95 | area=   all | maxDets= 10 ] = 0.240
 Average Recall     (AR) @[ IoU=0.50:0.95 | area=   all | maxDets=100 ] = 0.577
 Average Recall     (AR) @[ IoU=0.50:0.95 | area= small | maxDets=100 ] = 0.359
 Average Recall     (AR) @[ IoU=0.50:0.95 | area=medium | maxDets=100 ] = 0.630
 Average Recall     (AR) @[ IoU=0.50:0.95 | area= large | maxDets=100 ] = 0.801

[NanoDet][02-28 01:26:01]INFO:
| class   | AP50   | mAP   | class   | AP50   | mAP   |
|:--------|:-------|:------|:--------|:-------|:------|
| sheep   | nan    | nan   | sheep   | 88.1   | 52.9  |
[NanoDet][02-28 01:26:01]INFO:Saving model to workspace/1013_300/model_best/nanodet_model_best.pth
[NanoDet][02-28 01:26:02]INFO:Val_metrics: {'mAP': 0.5289878306744056, 'AP_50': 0.8811579515352567, 'AP_75': 0.5870834998122433, 'AP_small': 0.28440935966367303, 'AP_m': 0.571692812333184, 'AP_l': 0.7675496719545095}
Loading and preparing results...
DONE (t=0.01s)
creating index...
index created!
Running per image evaluation...
Evaluate annotation type *bbox*
DONE (t=1.15s).
Accumulating evaluation results...
DONE (t=0.04s).
[NanoDet][02-28 01:26:47]INFO:Train|Epoch173/300|Iter1900(9/11)| mem:39.7G| lr:4.38e-04| loss_qfl:0.1189| loss_bbox:0.2977| loss_dfl:0.1604| aux_loss_qfl:0.0982| aux_loss_bbox:0.2705| aux_loss_dfl:0.1542| 
[NanoDet][02-28 01:28:00]INFO:Train|Epoch178/300|Iter1950(4/11)| mem:39.7G| lr:4.12e-04| loss_qfl:0.1190| loss_bbox:0.3098| loss_dfl:0.1601| aux_loss_qfl:0.1002| aux_loss_bbox:0.2860| aux_loss_dfl:0.1563| 
[NanoDet][02-28 01:28:42]INFO:Val|Epoch180/300|Iter1980(1/3)| mem:39.7G| lr:3.97e-04| loss_qfl:0.1210| loss_bbox:0.3133| loss_dfl:0.1619| aux_loss_qfl:0.1045| aux_loss_bbox:0.3004| aux_loss_dfl:0.1601| 
[NanoDet][02-28 01:28:44]INFO:
 Average Precision  (AP) @[ IoU=0.50:0.95 | area=   all | maxDets=100 ] = 0.544
 Average Precision  (AP) @[ IoU=0.50      | area=   all | maxDets=100 ] = 0.901
 Average Precision  (AP) @[ IoU=0.75      | area=   all | maxDets=100 ] = 0.601
 Average Precision  (AP) @[ IoU=0.50:0.95 | area= small | maxDets=100 ] = 0.306
 Average Precision  (AP) @[ IoU=0.50:0.95 | area=medium | maxDets=100 ] = 0.588
 Average Precision  (AP) @[ IoU=0.50:0.95 | area= large | maxDets=100 ] = 0.776
 Average Recall     (AR) @[ IoU=0.50:0.95 | area=   all | maxDets=  1 ] = 0.032
 Average Recall     (AR) @[ IoU=0.50:0.95 | area=   all | maxDets= 10 ] = 0.243
 Average Recall     (AR) @[ IoU=0.50:0.95 | area=   all | maxDets=100 ] = 0.594
 Average Recall     (AR) @[ IoU=0.50:0.95 | area= small | maxDets=100 ] = 0.367
 Average Recall     (AR) @[ IoU=0.50:0.95 | area=medium | maxDets=100 ] = 0.652
 Average Recall     (AR) @[ IoU=0.50:0.95 | area= large | maxDets=100 ] = 0.809

[NanoDet][02-28 01:28:44]INFO:
| class   | AP50   | mAP   | class   | AP50   | mAP   |
|:--------|:-------|:------|:--------|:-------|:------|
| sheep   | nan    | nan   | sheep   | 90.1   | 54.4  |
[NanoDet][02-28 01:28:44]INFO:Saving model to workspace/1013_300/model_best/nanodet_model_best.pth
[NanoDet][02-28 01:28:45]INFO:Val_metrics: {'mAP': 0.5440635933700829, 'AP_50': 0.9011508844227826, 'AP_75': 0.6005338085226828, 'AP_small': 0.30636560029924637, 'AP_m': 0.5883671777795217, 'AP_l': 0.775672910126753}
Loading and preparing results...
DONE (t=0.01s)
creating index...
index created!
Running per image evaluation...
Evaluate annotation type *bbox*
DONE (t=1.14s).
Accumulating evaluation results...
DONE (t=0.04s).
[NanoDet][02-28 01:29:14]INFO:Train|Epoch182/300|Iter2000(10/11)| mem:39.7G| lr:3.92e-04| loss_qfl:0.1376| loss_bbox:0.3439| loss_dfl:0.1590| aux_loss_qfl:0.1256| aux_loss_bbox:0.3224| aux_loss_dfl:0.1549| 
[NanoDet][02-28 01:30:27]INFO:Train|Epoch187/300|Iter2050(5/11)| mem:39.7G| lr:3.67e-04| loss_qfl:0.1186| loss_bbox:0.3353| loss_dfl:0.1564| aux_loss_qfl:0.1153| aux_loss_bbox:0.3140| aux_loss_dfl:0.1529| 
[NanoDet][02-28 01:31:24]INFO:Val|Epoch190/300|Iter2090(1/3)| mem:39.7G| lr:3.48e-04| loss_qfl:0.1245| loss_bbox:0.3080| loss_dfl:0.1611| aux_loss_qfl:0.1065| aux_loss_bbox:0.2977| aux_loss_dfl:0.1592| 
[NanoDet][02-28 01:31:26]INFO:
 Average Precision  (AP) @[ IoU=0.50:0.95 | area=   all | maxDets=100 ] = 0.547
 Average Precision  (AP) @[ IoU=0.50      | area=   all | maxDets=100 ] = 0.901
 Average Precision  (AP) @[ IoU=0.75      | area=   all | maxDets=100 ] = 0.613
 Average Precision  (AP) @[ IoU=0.50:0.95 | area= small | maxDets=100 ] = 0.320
 Average Precision  (AP) @[ IoU=0.50:0.95 | area=medium | maxDets=100 ] = 0.595
 Average Precision  (AP) @[ IoU=0.50:0.95 | area= large | maxDets=100 ] = 0.762
 Average Recall     (AR) @[ IoU=0.50:0.95 | area=   all | maxDets=  1 ] = 0.031
 Average Recall     (AR) @[ IoU=0.50:0.95 | area=   all | maxDets= 10 ] = 0.246
 Average Recall     (AR) @[ IoU=0.50:0.95 | area=   all | maxDets=100 ] = 0.599
 Average Recall     (AR) @[ IoU=0.50:0.95 | area= small | maxDets=100 ] = 0.376
 Average Recall     (AR) @[ IoU=0.50:0.95 | area=medium | maxDets=100 ] = 0.658
 Average Recall     (AR) @[ IoU=0.50:0.95 | area= large | maxDets=100 ] = 0.801

[NanoDet][02-28 01:31:26]INFO:
| class   | AP50   | mAP   | class   | AP50   | mAP   |
|:--------|:-------|:------|:--------|:-------|:------|
| sheep   | nan    | nan   | sheep   | 90.1   | 54.7  |
[NanoDet][02-28 01:31:26]INFO:Saving model to workspace/1013_300/model_best/nanodet_model_best.pth
[NanoDet][02-28 01:31:26]INFO:Val_metrics: {'mAP': 0.5469698809280672, 'AP_50': 0.9006542877062385, 'AP_75': 0.6127276646962532, 'AP_small': 0.3203134652814765, 'AP_m': 0.5948780186949404, 'AP_l': 0.7623002715449052}
Loading and preparing results...
DONE (t=0.01s)
creating index...
index created!
Running per image evaluation...
Evaluate annotation type *bbox*
DONE (t=1.12s).
Accumulating evaluation results...
DONE (t=0.03s).
[NanoDet][02-28 01:31:42]INFO:Train|Epoch191/300|Iter2100(11/11)| mem:39.7G| lr:3.48e-04| loss_qfl:0.1401| loss_bbox:0.3274| loss_dfl:0.1540| aux_loss_qfl:0.1339| aux_loss_bbox:0.3144| aux_loss_dfl:0.1510| 
[NanoDet][02-28 01:32:54]INFO:Train|Epoch196/300|Iter2150(6/11)| mem:39.7G| lr:3.24e-04| loss_qfl:0.1039| loss_bbox:0.2711| loss_dfl:0.1545| aux_loss_qfl:0.0925| aux_loss_bbox:0.2589| aux_loss_dfl:0.1509| 
[NanoDet][02-28 01:34:05]INFO:Val|Epoch200/300|Iter2200(1/3)| mem:39.7G| lr:3.01e-04| loss_qfl:0.1105| loss_bbox:0.2996| loss_dfl:0.1593| aux_loss_qfl:0.0961| aux_loss_bbox:0.2868| aux_loss_dfl:0.1576| 
[NanoDet][02-28 01:34:07]INFO:
 Average Precision  (AP) @[ IoU=0.50:0.95 | area=   all | maxDets=100 ] = 0.552
 Average Precision  (AP) @[ IoU=0.50      | area=   all | maxDets=100 ] = 0.905
 Average Precision  (AP) @[ IoU=0.75      | area=   all | maxDets=100 ] = 0.614
 Average Precision  (AP) @[ IoU=0.50:0.95 | area= small | maxDets=100 ] = 0.316
 Average Precision  (AP) @[ IoU=0.50:0.95 | area=medium | maxDets=100 ] = 0.601
 Average Precision  (AP) @[ IoU=0.50:0.95 | area= large | maxDets=100 ] = 0.767
 Average Recall     (AR) @[ IoU=0.50:0.95 | area=   all | maxDets=  1 ] = 0.032
 Average Recall     (AR) @[ IoU=0.50:0.95 | area=   all | maxDets= 10 ] = 0.244
 Average Recall     (AR) @[ IoU=0.50:0.95 | area=   all | maxDets=100 ] = 0.602
 Average Recall     (AR) @[ IoU=0.50:0.95 | area= small | maxDets=100 ] = 0.371
 Average Recall     (AR) @[ IoU=0.50:0.95 | area=medium | maxDets=100 ] = 0.665
 Average Recall     (AR) @[ IoU=0.50:0.95 | area= large | maxDets=100 ] = 0.804

[NanoDet][02-28 01:34:07]INFO:
| class   | AP50   | mAP   | class   | AP50   | mAP   |
|:--------|:-------|:------|:--------|:-------|:------|
| sheep   | nan    | nan   | sheep   | 90.5   | 55.2  |
[NanoDet][02-28 01:34:07]INFO:Saving model to workspace/1013_300/model_best/nanodet_model_best.pth
[NanoDet][02-28 01:34:07]INFO:Val_metrics: {'mAP': 0.552188850730545, 'AP_50': 0.9048044796719357, 'AP_75': 0.6136612136822934, 'AP_small': 0.3155550337968566, 'AP_m': 0.6009709885069854, 'AP_l': 0.7668534083506916}
Loading and preparing results...
DONE (t=0.01s)
creating index...
index created!
Running per image evaluation...
Evaluate annotation type *bbox*
DONE (t=1.09s).
Accumulating evaluation results...
DONE (t=0.03s).
[NanoDet][02-28 01:34:13]INFO:Train|Epoch201/300|Iter2200(1/11)| mem:39.7G| lr:3.01e-04| loss_qfl:0.1057| loss_bbox:0.2430| loss_dfl:0.1529| aux_loss_qfl:0.0852| aux_loss_bbox:0.2316| aux_loss_dfl:0.1493| 
[NanoDet][02-28 01:35:21]INFO:Train|Epoch205/300|Iter2250(7/11)| mem:39.7G| lr:2.83e-04| loss_qfl:0.1160| loss_bbox:0.3239| loss_dfl:0.1529| aux_loss_qfl:0.1064| aux_loss_bbox:0.3029| aux_loss_dfl:0.1489| 
[NanoDet][02-28 01:36:34]INFO:Train|Epoch210/300|Iter2300(2/11)| mem:39.7G| lr:2.61e-04| loss_qfl:0.1228| loss_bbox:0.3036| loss_dfl:0.1603| aux_loss_qfl:0.1110| aux_loss_bbox:0.2841| aux_loss_dfl:0.1559| 
[NanoDet][02-28 01:36:47]INFO:Val|Epoch210/300|Iter2310(1/3)| mem:39.7G| lr:2.57e-04| loss_qfl:0.1188| loss_bbox:0.2977| loss_dfl:0.1604| aux_loss_qfl:0.1062| aux_loss_bbox:0.2852| aux_loss_dfl:0.1594| 
[NanoDet][02-28 01:36:49]INFO:
 Average Precision  (AP) @[ IoU=0.50:0.95 | area=   all | maxDets=100 ] = 0.555
 Average Precision  (AP) @[ IoU=0.50      | area=   all | maxDets=100 ] = 0.909
 Average Precision  (AP) @[ IoU=0.75      | area=   all | maxDets=100 ] = 0.607
 Average Precision  (AP) @[ IoU=0.50:0.95 | area= small | maxDets=100 ] = 0.321
 Average Precision  (AP) @[ IoU=0.50:0.95 | area=medium | maxDets=100 ] = 0.602
 Average Precision  (AP) @[ IoU=0.50:0.95 | area= large | maxDets=100 ] = 0.777
 Average Recall     (AR) @[ IoU=0.50:0.95 | area=   all | maxDets=  1 ] = 0.033
 Average Recall     (AR) @[ IoU=0.50:0.95 | area=   all | maxDets= 10 ] = 0.246
 Average Recall     (AR) @[ IoU=0.50:0.95 | area=   all | maxDets=100 ] = 0.606
 Average Recall     (AR) @[ IoU=0.50:0.95 | area= small | maxDets=100 ] = 0.383
 Average Recall     (AR) @[ IoU=0.50:0.95 | area=medium | maxDets=100 ] = 0.664
 Average Recall     (AR) @[ IoU=0.50:0.95 | area= large | maxDets=100 ] = 0.814

[NanoDet][02-28 01:36:49]INFO:
| class   | AP50   | mAP   | class   | AP50   | mAP   |
|:--------|:-------|:------|:--------|:-------|:------|
| sheep   | nan    | nan   | sheep   | 90.9   | 55.5  |
[NanoDet][02-28 01:36:50]INFO:Saving model to workspace/1013_300/model_best/nanodet_model_best.pth
[NanoDet][02-28 01:36:50]INFO:Val_metrics: {'mAP': 0.5550690868551669, 'AP_50': 0.9085689784714573, 'AP_75': 0.6074937733934707, 'AP_small': 0.3207546539986204, 'AP_m': 0.6024743557481489, 'AP_l': 0.7773524485390696}
Loading and preparing results...
DONE (t=0.01s)
creating index...
index created!
Running per image evaluation...
Evaluate annotation type *bbox*
DONE (t=1.11s).
Accumulating evaluation results...
DONE (t=0.03s).
[NanoDet][02-28 01:37:49]INFO:Train|Epoch214/300|Iter2350(8/11)| mem:39.7G| lr:2.44e-04| loss_qfl:0.1135| loss_bbox:0.3093| loss_dfl:0.1557| aux_loss_qfl:0.1036| aux_loss_bbox:0.3018| aux_loss_dfl:0.1536| 
[NanoDet][02-28 01:39:02]INFO:Train|Epoch219/300|Iter2400(3/11)| mem:39.7G| lr:2.24e-04| loss_qfl:0.1100| loss_bbox:0.2960| loss_dfl:0.1517| aux_loss_qfl:0.1015| aux_loss_bbox:0.2896| aux_loss_dfl:0.1492| 
[NanoDet][02-28 01:39:29]INFO:Val|Epoch220/300|Iter2420(1/3)| mem:39.7G| lr:2.16e-04| loss_qfl:0.1081| loss_bbox:0.3054| loss_dfl:0.1612| aux_loss_qfl:0.0925| aux_loss_bbox:0.2878| aux_loss_dfl:0.1592| 
[NanoDet][02-28 01:39:31]INFO:
 Average Precision  (AP) @[ IoU=0.50:0.95 | area=   all | maxDets=100 ] = 0.559
 Average Precision  (AP) @[ IoU=0.50      | area=   all | maxDets=100 ] = 0.911
 Average Precision  (AP) @[ IoU=0.75      | area=   all | maxDets=100 ] = 0.632
 Average Precision  (AP) @[ IoU=0.50:0.95 | area= small | maxDets=100 ] = 0.333
 Average Precision  (AP) @[ IoU=0.50:0.95 | area=medium | maxDets=100 ] = 0.604
 Average Precision  (AP) @[ IoU=0.50:0.95 | area= large | maxDets=100 ] = 0.775
 Average Recall     (AR) @[ IoU=0.50:0.95 | area=   all | maxDets=  1 ] = 0.031
 Average Recall     (AR) @[ IoU=0.50:0.95 | area=   all | maxDets= 10 ] = 0.248
 Average Recall     (AR) @[ IoU=0.50:0.95 | area=   all | maxDets=100 ] = 0.611
 Average Recall     (AR) @[ IoU=0.50:0.95 | area= small | maxDets=100 ] = 0.396
 Average Recall     (AR) @[ IoU=0.50:0.95 | area=medium | maxDets=100 ] = 0.667
 Average Recall     (AR) @[ IoU=0.50:0.95 | area= large | maxDets=100 ] = 0.812

[NanoDet][02-28 01:39:31]INFO:
| class   | AP50   | mAP   | class   | AP50   | mAP   |
|:--------|:-------|:------|:--------|:-------|:------|
| sheep   | nan    | nan   | sheep   | 91.1   | 55.9  |
[NanoDet][02-28 01:39:31]INFO:Saving model to workspace/1013_300/model_best/nanodet_model_best.pth
[NanoDet][02-28 01:39:31]INFO:Val_metrics: {'mAP': 0.5593010308171403, 'AP_50': 0.9112214642625425, 'AP_75': 0.6315340153940526, 'AP_small': 0.33296293230163343, 'AP_m': 0.6035968607100763, 'AP_l': 0.7750168803568638}
Loading and preparing results...
DONE (t=0.01s)
creating index...
index created!
Running per image evaluation...
Evaluate annotation type *bbox*
DONE (t=1.12s).
Accumulating evaluation results...
DONE (t=0.03s).
[NanoDet][02-28 01:40:15]INFO:Train|Epoch223/300|Iter2450(9/11)| mem:39.7G| lr:2.08e-04| loss_qfl:0.1083| loss_bbox:0.2682| loss_dfl:0.1503| aux_loss_qfl:0.1062| aux_loss_bbox:0.2608| aux_loss_dfl:0.1478| 
[NanoDet][02-28 01:41:28]INFO:Train|Epoch228/300|Iter2500(4/11)| mem:39.7G| lr:1.90e-04| loss_qfl:0.1137| loss_bbox:0.2570| loss_dfl:0.1569| aux_loss_qfl:0.1014| aux_loss_bbox:0.2449| aux_loss_dfl:0.1535| 
[NanoDet][02-28 01:42:10]INFO:Val|Epoch230/300|Iter2530(1/3)| mem:39.7G| lr:1.79e-04| loss_qfl:0.1035| loss_bbox:0.3050| loss_dfl:0.1620| aux_loss_qfl:0.0891| aux_loss_bbox:0.2871| aux_loss_dfl:0.1606| 
[NanoDet][02-28 01:42:12]INFO:
 Average Precision  (AP) @[ IoU=0.50:0.95 | area=   all | maxDets=100 ] = 0.558
 Average Precision  (AP) @[ IoU=0.50      | area=   all | maxDets=100 ] = 0.915
 Average Precision  (AP) @[ IoU=0.75      | area=   all | maxDets=100 ] = 0.618
 Average Precision  (AP) @[ IoU=0.50:0.95 | area= small | maxDets=100 ] = 0.331
 Average Precision  (AP) @[ IoU=0.50:0.95 | area=medium | maxDets=100 ] = 0.608
 Average Precision  (AP) @[ IoU=0.50:0.95 | area= large | maxDets=100 ] = 0.770
 Average Recall     (AR) @[ IoU=0.50:0.95 | area=   all | maxDets=  1 ] = 0.032
 Average Recall     (AR) @[ IoU=0.50:0.95 | area=   all | maxDets= 10 ] = 0.247
 Average Recall     (AR) @[ IoU=0.50:0.95 | area=   all | maxDets=100 ] = 0.611
 Average Recall     (AR) @[ IoU=0.50:0.95 | area= small | maxDets=100 ] = 0.388
 Average Recall     (AR) @[ IoU=0.50:0.95 | area=medium | maxDets=100 ] = 0.670
 Average Recall     (AR) @[ IoU=0.50:0.95 | area= large | maxDets=100 ] = 0.812

[NanoDet][02-28 01:42:12]INFO:
| class   | AP50   | mAP   | class   | AP50   | mAP   |
|:--------|:-------|:------|:--------|:-------|:------|
| sheep   | nan    | nan   | sheep   | 91.5   | 55.8  |
[NanoDet][02-28 01:42:12]INFO:Val_metrics: {'mAP': 0.5584893962352282, 'AP_50': 0.9146251816889266, 'AP_75': 0.6182088995985329, 'AP_small': 0.33133459680348626, 'AP_m': 0.6084847644410689, 'AP_l': 0.7698448232213108}
Loading and preparing results...
DONE (t=0.01s)
creating index...
index created!
Running per image evaluation...
Evaluate annotation type *bbox*
DONE (t=1.13s).
Accumulating evaluation results...
DONE (t=0.03s).
[NanoDet][02-28 01:42:42]INFO:Train|Epoch232/300|Iter2550(10/11)| mem:39.7G| lr:1.76e-04| loss_qfl:0.1014| loss_bbox:0.2691| loss_dfl:0.1509| aux_loss_qfl:0.0927| aux_loss_bbox:0.2602| aux_loss_dfl:0.1487| 
[NanoDet][02-28 01:43:54]INFO:Train|Epoch237/300|Iter2600(5/11)| mem:39.7G| lr:1.59e-04| loss_qfl:0.0978| loss_bbox:0.2479| loss_dfl:0.1461| aux_loss_qfl:0.0874| aux_loss_bbox:0.2404| aux_loss_dfl:0.1428| 
[NanoDet][02-28 01:44:51]INFO:Val|Epoch240/300|Iter2640(1/3)| mem:39.7G| lr:1.46e-04| loss_qfl:0.1110| loss_bbox:0.2975| loss_dfl:0.1601| aux_loss_qfl:0.0960| aux_loss_bbox:0.2832| aux_loss_dfl:0.1585| 
[NanoDet][02-28 01:44:53]INFO:
 Average Precision  (AP) @[ IoU=0.50:0.95 | area=   all | maxDets=100 ] = 0.564
 Average Precision  (AP) @[ IoU=0.50      | area=   all | maxDets=100 ] = 0.912
 Average Precision  (AP) @[ IoU=0.75      | area=   all | maxDets=100 ] = 0.630
 Average Precision  (AP) @[ IoU=0.50:0.95 | area= small | maxDets=100 ] = 0.328
 Average Precision  (AP) @[ IoU=0.50:0.95 | area=medium | maxDets=100 ] = 0.608
 Average Precision  (AP) @[ IoU=0.50:0.95 | area= large | maxDets=100 ] = 0.786
 Average Recall     (AR) @[ IoU=0.50:0.95 | area=   all | maxDets=  1 ] = 0.033
 Average Recall     (AR) @[ IoU=0.50:0.95 | area=   all | maxDets= 10 ] = 0.252
 Average Recall     (AR) @[ IoU=0.50:0.95 | area=   all | maxDets=100 ] = 0.617
 Average Recall     (AR) @[ IoU=0.50:0.95 | area= small | maxDets=100 ] = 0.396
 Average Recall     (AR) @[ IoU=0.50:0.95 | area=medium | maxDets=100 ] = 0.676
 Average Recall     (AR) @[ IoU=0.50:0.95 | area= large | maxDets=100 ] = 0.819

[NanoDet][02-28 01:44:53]INFO:
| class   | AP50   | mAP   | class   | AP50   | mAP   |
|:--------|:-------|:------|:--------|:-------|:------|
| sheep   | nan    | nan   | sheep   | 91.2   | 56.4  |
[NanoDet][02-28 01:44:53]INFO:Saving model to workspace/1013_300/model_best/nanodet_model_best.pth
[NanoDet][02-28 01:44:53]INFO:Val_metrics: {'mAP': 0.5644749326886963, 'AP_50': 0.911824177387606, 'AP_75': 0.6299233952666072, 'AP_small': 0.3277474002547228, 'AP_m': 0.6083430186984146, 'AP_l': 0.7859087170471434}
Loading and preparing results...
DONE (t=0.01s)
creating index...
index created!
Running per image evaluation...
Evaluate annotation type *bbox*
DONE (t=1.09s).
Accumulating evaluation results...
DONE (t=0.04s).
[NanoDet][02-28 01:45:09]INFO:Train|Epoch241/300|Iter2650(11/11)| mem:39.7G| lr:1.46e-04| loss_qfl:0.1119| loss_bbox:0.2841| loss_dfl:0.1551| aux_loss_qfl:0.0997| aux_loss_bbox:0.2707| aux_loss_dfl:0.1520| 
[NanoDet][02-28 01:46:23]INFO:Train|Epoch246/300|Iter2700(6/11)| mem:39.7G| lr:1.31e-04| loss_qfl:0.1190| loss_bbox:0.3270| loss_dfl:0.1582| aux_loss_qfl:0.1056| aux_loss_bbox:0.3058| aux_loss_dfl:0.1543| 
[NanoDet][02-28 01:47:35]INFO:Val|Epoch250/300|Iter2750(1/3)| mem:39.7G| lr:1.17e-04| loss_qfl:0.1076| loss_bbox:0.3008| loss_dfl:0.1600| aux_loss_qfl:0.0902| aux_loss_bbox:0.2867| aux_loss_dfl:0.1581| 
[NanoDet][02-28 01:47:37]INFO:
 Average Precision  (AP) @[ IoU=0.50:0.95 | area=   all | maxDets=100 ] = 0.561
 Average Precision  (AP) @[ IoU=0.50      | area=   all | maxDets=100 ] = 0.913
 Average Precision  (AP) @[ IoU=0.75      | area=   all | maxDets=100 ] = 0.628
 Average Precision  (AP) @[ IoU=0.50:0.95 | area= small | maxDets=100 ] = 0.336
 Average Precision  (AP) @[ IoU=0.50:0.95 | area=medium | maxDets=100 ] = 0.606
 Average Precision  (AP) @[ IoU=0.50:0.95 | area= large | maxDets=100 ] = 0.768
 Average Recall     (AR) @[ IoU=0.50:0.95 | area=   all | maxDets=  1 ] = 0.032
 Average Recall     (AR) @[ IoU=0.50:0.95 | area=   all | maxDets= 10 ] = 0.249
 Average Recall     (AR) @[ IoU=0.50:0.95 | area=   all | maxDets=100 ] = 0.613
 Average Recall     (AR) @[ IoU=0.50:0.95 | area= small | maxDets=100 ] = 0.400
 Average Recall     (AR) @[ IoU=0.50:0.95 | area=medium | maxDets=100 ] = 0.670
 Average Recall     (AR) @[ IoU=0.50:0.95 | area= large | maxDets=100 ] = 0.807

[NanoDet][02-28 01:47:37]INFO:
| class   | AP50   | mAP   | class   | AP50   | mAP   |
|:--------|:-------|:------|:--------|:-------|:------|
| sheep   | nan    | nan   | sheep   | 91.3   | 56.1  |
[NanoDet][02-28 01:47:37]INFO:Val_metrics: {'mAP': 0.5607112847917295, 'AP_50': 0.912851353639761, 'AP_75': 0.628430097017045, 'AP_small': 0.3363745913635931, 'AP_m': 0.6057896042239229, 'AP_l': 0.7675856068696619}
Loading and preparing results...
DONE (t=0.01s)
creating index...
index created!
Running per image evaluation...
Evaluate annotation type *bbox*
DONE (t=1.12s).
Accumulating evaluation results...
DONE (t=0.03s).
[NanoDet][02-28 01:47:43]INFO:Train|Epoch251/300|Iter2750(1/11)| mem:39.7G| lr:1.17e-04| loss_qfl:0.1077| loss_bbox:0.2613| loss_dfl:0.1499| aux_loss_qfl:0.0943| aux_loss_bbox:0.2422| aux_loss_dfl:0.1450| 
[NanoDet][02-28 01:48:50]INFO:Train|Epoch255/300|Iter2800(7/11)| mem:39.7G| lr:1.07e-04| loss_qfl:0.1008| loss_bbox:0.2866| loss_dfl:0.1503| aux_loss_qfl:0.0873| aux_loss_bbox:0.2739| aux_loss_dfl:0.1474| 
[NanoDet][02-28 01:50:02]INFO:Train|Epoch260/300|Iter2850(2/11)| mem:39.7G| lr:9.56e-05| loss_qfl:0.1117| loss_bbox:0.3124| loss_dfl:0.1517| aux_loss_qfl:0.1030| aux_loss_bbox:0.2927| aux_loss_dfl:0.1488| 
[NanoDet][02-28 01:50:15]INFO:Val|Epoch260/300|Iter2860(1/3)| mem:39.7G| lr:9.34e-05| loss_qfl:0.1095| loss_bbox:0.2948| loss_dfl:0.1587| aux_loss_qfl:0.0945| aux_loss_bbox:0.2812| aux_loss_dfl:0.1571| 
[NanoDet][02-28 01:50:17]INFO:
 Average Precision  (AP) @[ IoU=0.50:0.95 | area=   all | maxDets=100 ] = 0.570
 Average Precision  (AP) @[ IoU=0.50      | area=   all | maxDets=100 ] = 0.916
 Average Precision  (AP) @[ IoU=0.75      | area=   all | maxDets=100 ] = 0.644
 Average Precision  (AP) @[ IoU=0.50:0.95 | area= small | maxDets=100 ] = 0.343
 Average Precision  (AP) @[ IoU=0.50:0.95 | area=medium | maxDets=100 ] = 0.619
 Average Precision  (AP) @[ IoU=0.50:0.95 | area= large | maxDets=100 ] = 0.776
 Average Recall     (AR) @[ IoU=0.50:0.95 | area=   all | maxDets=  1 ] = 0.033
 Average Recall     (AR) @[ IoU=0.50:0.95 | area=   all | maxDets= 10 ] = 0.253
 Average Recall     (AR) @[ IoU=0.50:0.95 | area=   all | maxDets=100 ] = 0.620
 Average Recall     (AR) @[ IoU=0.50:0.95 | area= small | maxDets=100 ] = 0.400
 Average Recall     (AR) @[ IoU=0.50:0.95 | area=medium | maxDets=100 ] = 0.679
 Average Recall     (AR) @[ IoU=0.50:0.95 | area= large | maxDets=100 ] = 0.818

[NanoDet][02-28 01:50:17]INFO:
| class   | AP50   | mAP   | class   | AP50   | mAP   |
|:--------|:-------|:------|:--------|:-------|:------|
| sheep   | nan    | nan   | sheep   | 91.6   | 57.0  |
[NanoDet][02-28 01:50:18]INFO:Saving model to workspace/1013_300/model_best/nanodet_model_best.pth
[NanoDet][02-28 01:50:18]INFO:Val_metrics: {'mAP': 0.569770942060927, 'AP_50': 0.9162091592939402, 'AP_75': 0.6441893648541624, 'AP_small': 0.3426648470468281, 'AP_m': 0.6187974573422289, 'AP_l': 0.7756560035686489}
Loading and preparing results...
DONE (t=0.01s)
creating index...
index created!
Running per image evaluation...
Evaluate annotation type *bbox*
DONE (t=1.09s).
Accumulating evaluation results...
DONE (t=0.03s).
[NanoDet][02-28 01:51:17]INFO:Train|Epoch264/300|Iter2900(8/11)| mem:39.7G| lr:8.72e-05| loss_qfl:0.1136| loss_bbox:0.2764| loss_dfl:0.1505| aux_loss_qfl:0.1041| aux_loss_bbox:0.2599| aux_loss_dfl:0.1473| 
[NanoDet][02-28 01:52:27]INFO:Train|Epoch269/300|Iter2950(3/11)| mem:39.7G| lr:7.79e-05| loss_qfl:0.1035| loss_bbox:0.3024| loss_dfl:0.1515| aux_loss_qfl:0.0957| aux_loss_bbox:0.2894| aux_loss_dfl:0.1483| 
[NanoDet][02-28 01:52:54]INFO:Val|Epoch270/300|Iter2970(1/3)| mem:39.7G| lr:7.46e-05| loss_qfl:0.1013| loss_bbox:0.2960| loss_dfl:0.1592| aux_loss_qfl:0.0871| aux_loss_bbox:0.2807| aux_loss_dfl:0.1580| 
[NanoDet][02-28 01:52:56]INFO:
 Average Precision  (AP) @[ IoU=0.50:0.95 | area=   all | maxDets=100 ] = 0.572
 Average Precision  (AP) @[ IoU=0.50      | area=   all | maxDets=100 ] = 0.919
 Average Precision  (AP) @[ IoU=0.75      | area=   all | maxDets=100 ] = 0.631
 Average Precision  (AP) @[ IoU=0.50:0.95 | area= small | maxDets=100 ] = 0.339
 Average Precision  (AP) @[ IoU=0.50:0.95 | area=medium | maxDets=100 ] = 0.621
 Average Precision  (AP) @[ IoU=0.50:0.95 | area= large | maxDets=100 ] = 0.766
 Average Recall     (AR) @[ IoU=0.50:0.95 | area=   all | maxDets=  1 ] = 0.033
 Average Recall     (AR) @[ IoU=0.50:0.95 | area=   all | maxDets= 10 ] = 0.253
 Average Recall     (AR) @[ IoU=0.50:0.95 | area=   all | maxDets=100 ] = 0.623
 Average Recall     (AR) @[ IoU=0.50:0.95 | area= small | maxDets=100 ] = 0.402
 Average Recall     (AR) @[ IoU=0.50:0.95 | area=medium | maxDets=100 ] = 0.685
 Average Recall     (AR) @[ IoU=0.50:0.95 | area= large | maxDets=100 ] = 0.810

[NanoDet][02-28 01:52:56]INFO:
| class   | AP50   | mAP   | class   | AP50   | mAP   |
|:--------|:-------|:------|:--------|:-------|:------|
| sheep   | nan    | nan   | sheep   | 91.9   | 57.2  |
[NanoDet][02-28 01:52:57]INFO:Saving model to workspace/1013_300/model_best/nanodet_model_best.pth
[NanoDet][02-28 01:52:57]INFO:Val_metrics: {'mAP': 0.5720044183834662, 'AP_50': 0.9193523855836386, 'AP_75': 0.6310882567640533, 'AP_small': 0.3385924667082503, 'AP_m': 0.6214461605236727, 'AP_l': 0.7656244047482174}
Loading and preparing results...
DONE (t=0.01s)
creating index...
index created!
Running per image evaluation...
Evaluate annotation type *bbox*
DONE (t=1.08s).
Accumulating evaluation results...
DONE (t=0.03s).
[NanoDet][02-28 01:53:40]INFO:Train|Epoch273/300|Iter3000(9/11)| mem:39.7G| lr:7.14e-05| loss_qfl:0.1031| loss_bbox:0.2477| loss_dfl:0.1553| aux_loss_qfl:0.0928| aux_loss_bbox:0.2350| aux_loss_dfl:0.1520| 
[NanoDet][02-28 01:54:51]INFO:Train|Epoch278/300|Iter3050(4/11)| mem:39.7G| lr:6.45e-05| loss_qfl:0.0997| loss_bbox:0.2627| loss_dfl:0.1522| aux_loss_qfl:0.0818| aux_loss_bbox:0.2486| aux_loss_dfl:0.1485| 
[NanoDet][02-28 01:55:33]INFO:Val|Epoch280/300|Iter3080(1/3)| mem:39.7G| lr:6.10e-05| loss_qfl:0.1048| loss_bbox:0.2922| loss_dfl:0.1596| aux_loss_qfl:0.0908| aux_loss_bbox:0.2785| aux_loss_dfl:0.1572| 
[NanoDet][02-28 01:55:35]INFO:
 Average Precision  (AP) @[ IoU=0.50:0.95 | area=   all | maxDets=100 ] = 0.571
 Average Precision  (AP) @[ IoU=0.50      | area=   all | maxDets=100 ] = 0.920
 Average Precision  (AP) @[ IoU=0.75      | area=   all | maxDets=100 ] = 0.646
 Average Precision  (AP) @[ IoU=0.50:0.95 | area= small | maxDets=100 ] = 0.345
 Average Precision  (AP) @[ IoU=0.50:0.95 | area=medium | maxDets=100 ] = 0.616
 Average Precision  (AP) @[ IoU=0.50:0.95 | area= large | maxDets=100 ] = 0.772
 Average Recall     (AR) @[ IoU=0.50:0.95 | area=   all | maxDets=  1 ] = 0.033
 Average Recall     (AR) @[ IoU=0.50:0.95 | area=   all | maxDets= 10 ] = 0.250
 Average Recall     (AR) @[ IoU=0.50:0.95 | area=   all | maxDets=100 ] = 0.624
 Average Recall     (AR) @[ IoU=0.50:0.95 | area= small | maxDets=100 ] = 0.411
 Average Recall     (AR) @[ IoU=0.50:0.95 | area=medium | maxDets=100 ] = 0.681
 Average Recall     (AR) @[ IoU=0.50:0.95 | area= large | maxDets=100 ] = 0.814

[NanoDet][02-28 01:55:35]INFO:
| class   | AP50   | mAP   | class   | AP50   | mAP   |
|:--------|:-------|:------|:--------|:-------|:------|
| sheep   | nan    | nan   | sheep   | 92.0   | 57.1  |
[NanoDet][02-28 01:55:35]INFO:Val_metrics: {'mAP': 0.5711206476166983, 'AP_50': 0.920217107698808, 'AP_75': 0.6456863407467377, 'AP_small': 0.3448337519052641, 'AP_m': 0.6164272131198035, 'AP_l': 0.7716689970069834}
Loading and preparing results...
DONE (t=0.01s)
creating index...
index created!
Running per image evaluation...
Evaluate annotation type *bbox*
DONE (t=1.10s).
Accumulating evaluation results...
DONE (t=0.03s).
[NanoDet][02-28 01:56:04]INFO:Train|Epoch282/300|Iter3100(10/11)| mem:39.7G| lr:5.99e-05| loss_qfl:0.1040| loss_bbox:0.2447| loss_dfl:0.1523| aux_loss_qfl:0.0863| aux_loss_bbox:0.2332| aux_loss_dfl:0.1493| 
[NanoDet][02-28 01:57:18]INFO:Train|Epoch287/300|Iter3150(5/11)| mem:39.7G| lr:5.54e-05| loss_qfl:0.1015| loss_bbox:0.2634| loss_dfl:0.1487| aux_loss_qfl:0.0872| aux_loss_bbox:0.2443| aux_loss_dfl:0.1451| 
[NanoDet][02-28 01:58:14]INFO:Val|Epoch290/300|Iter3190(1/3)| mem:39.7G| lr:5.28e-05| loss_qfl:0.1086| loss_bbox:0.2922| loss_dfl:0.1593| aux_loss_qfl:0.0936| aux_loss_bbox:0.2755| aux_loss_dfl:0.1572| 
[NanoDet][02-28 01:58:16]INFO:
 Average Precision  (AP) @[ IoU=0.50:0.95 | area=   all | maxDets=100 ] = 0.572
 Average Precision  (AP) @[ IoU=0.50      | area=   all | maxDets=100 ] = 0.912
 Average Precision  (AP) @[ IoU=0.75      | area=   all | maxDets=100 ] = 0.649
 Average Precision  (AP) @[ IoU=0.50:0.95 | area= small | maxDets=100 ] = 0.350
 Average Precision  (AP) @[ IoU=0.50:0.95 | area=medium | maxDets=100 ] = 0.617
 Average Precision  (AP) @[ IoU=0.50:0.95 | area= large | maxDets=100 ] = 0.772
 Average Recall     (AR) @[ IoU=0.50:0.95 | area=   all | maxDets=  1 ] = 0.032
 Average Recall     (AR) @[ IoU=0.50:0.95 | area=   all | maxDets= 10 ] = 0.250
 Average Recall     (AR) @[ IoU=0.50:0.95 | area=   all | maxDets=100 ] = 0.623
 Average Recall     (AR) @[ IoU=0.50:0.95 | area= small | maxDets=100 ] = 0.413
 Average Recall     (AR) @[ IoU=0.50:0.95 | area=medium | maxDets=100 ] = 0.679
 Average Recall     (AR) @[ IoU=0.50:0.95 | area= large | maxDets=100 ] = 0.811

[NanoDet][02-28 01:58:16]INFO:
| class   | AP50   | mAP   | class   | AP50   | mAP   |
|:--------|:-------|:------|:--------|:-------|:------|
| sheep   | nan    | nan   | sheep   | 91.2   | 57.2  |
[NanoDet][02-28 01:58:16]INFO:Val_metrics: {'mAP': 0.5718834929662296, 'AP_50': 0.9115478643642455, 'AP_75': 0.6485153797606239, 'AP_small': 0.3502248350535574, 'AP_m': 0.6170322811120936, 'AP_l': 0.7717829215913953}
Loading and preparing results...
DONE (t=0.01s)
creating index...
index created!
Running per image evaluation...
Evaluate annotation type *bbox*
DONE (t=1.08s).
Accumulating evaluation results...
DONE (t=0.03s).
[NanoDet][02-28 01:58:31]INFO:Train|Epoch291/300|Iter3200(11/11)| mem:39.7G| lr:5.28e-05| loss_qfl:0.1098| loss_bbox:0.3023| loss_dfl:0.1488| aux_loss_qfl:0.1031| aux_loss_bbox:0.2778| aux_loss_dfl:0.1460| 
[NanoDet][02-28 01:59:42]INFO:Train|Epoch296/300|Iter3250(6/11)| mem:39.7G| lr:5.07e-05| loss_qfl:0.1039| loss_bbox:0.2643| loss_dfl:0.1514| aux_loss_qfl:0.0935| aux_loss_bbox:0.2454| aux_loss_dfl:0.1486| 
[NanoDet][02-28 02:00:54]INFO:Val|Epoch300/300|Iter3300(1/3)| mem:39.7G| lr:5.00e-05| loss_qfl:0.1042| loss_bbox:0.2918| loss_dfl:0.1587| aux_loss_qfl:0.0888| aux_loss_bbox:0.2729| aux_loss_dfl:0.1569| 
[NanoDet][02-28 02:00:56]INFO:
 Average Precision  (AP) @[ IoU=0.50:0.95 | area=   all | maxDets=100 ] = 0.576
 Average Precision  (AP) @[ IoU=0.50      | area=   all | maxDets=100 ] = 0.915
 Average Precision  (AP) @[ IoU=0.75      | area=   all | maxDets=100 ] = 0.645
 Average Precision  (AP) @[ IoU=0.50:0.95 | area= small | maxDets=100 ] = 0.368
 Average Precision  (AP) @[ IoU=0.50:0.95 | area=medium | maxDets=100 ] = 0.617
 Average Precision  (AP) @[ IoU=0.50:0.95 | area= large | maxDets=100 ] = 0.775
 Average Recall     (AR) @[ IoU=0.50:0.95 | area=   all | maxDets=  1 ] = 0.033
 Average Recall     (AR) @[ IoU=0.50:0.95 | area=   all | maxDets= 10 ] = 0.254
 Average Recall     (AR) @[ IoU=0.50:0.95 | area=   all | maxDets=100 ] = 0.628
 Average Recall     (AR) @[ IoU=0.50:0.95 | area= small | maxDets=100 ] = 0.425
 Average Recall     (AR) @[ IoU=0.50:0.95 | area=medium | maxDets=100 ] = 0.681
 Average Recall     (AR) @[ IoU=0.50:0.95 | area= large | maxDets=100 ] = 0.815

[NanoDet][02-28 02:00:56]INFO:
| class   | AP50   | mAP   | class   | AP50   | mAP   |
|:--------|:-------|:------|:--------|:-------|:------|
| sheep   | nan    | nan   | sheep   | 91.5   | 57.6  |
[NanoDet][02-28 02:00:56]INFO:Saving model to workspace/1013_300/model_best/nanodet_model_best.pth
[NanoDet][02-28 02:00:56]INFO:Val_metrics: {'mAP': 0.5755023919542535, 'AP_50': 0.9152459105488066, 'AP_75': 0.6454932112294832, 'AP_small': 0.36779716632799714, 'AP_m': 0.6174128653451825, 'AP_l': 0.7748003924716677}
`Trainer.fit` stopped: `max_epochs=300` reached.
Loading and preparing results...
DONE (t=0.01s)
creating index...
index created!
Running per image evaluation...
Evaluate annotation type *bbox*
DONE (t=1.08s).
Accumulating evaluation results...
DONE (t=0.03s).
